{"/Users/jfh/Work/OIBus/src/client/Health/Health.jsx": {"path":"/Users/jfh/Work/OIBus/src/client/Health/Health.jsx","statementMap":{"0":{"start":{"line":11,"column":15},"end":{"line":77,"column":1}},"1":{"start":{"line":12,"column":30},"end":{"line":12,"column":48}},"2":{"start":{"line":13,"column":23},"end":{"line":13,"column":53}},"3":{"start":{"line":14,"column":27},"end":{"line":14,"column":58}},"4":{"start":{"line":15,"column":17},"end":{"line":15,"column":57}},"5":{"start":{"line":16,"column":2},"end":{"line":16,"column":66}},"6":{"start":{"line":17,"column":21},"end":{"line":17,"column":58}},"7":{"start":{"line":23,"column":22},"end":{"line":33,"column":3}},"8":{"start":{"line":24,"column":4},"end":{"line":32,"column":8}},"9":{"start":{"line":27,"column":8},"end":{"line":27,"column":27}},"10":{"start":{"line":30,"column":8},"end":{"line":30,"column":28}},"11":{"start":{"line":31,"column":8},"end":{"line":31,"column":57}},"12":{"start":{"line":38,"column":2},"end":{"line":40,"column":8}},"13":{"start":{"line":39,"column":4},"end":{"line":39,"column":17}},"14":{"start":{"line":42,"column":20},"end":{"line":51,"column":4}},"15":{"start":{"line":42,"column":53},"end":{"line":51,"column":3}},"16":{"start":{"line":53,"column":2},"end":{"line":76,"column":3}}},"fnMap":{"0":{"name":"(anonymous_0)","decl":{"start":{"line":11,"column":15},"end":{"line":11,"column":16}},"loc":{"start":{"line":11,"column":21},"end":{"line":77,"column":1}},"line":11},"1":{"name":"(anonymous_1)","decl":{"start":{"line":23,"column":22},"end":{"line":23,"column":23}},"loc":{"start":{"line":23,"column":28},"end":{"line":33,"column":3}},"line":23},"2":{"name":"(anonymous_2)","decl":{"start":{"line":26,"column":12},"end":{"line":26,"column":13}},"loc":{"start":{"line":26,"column":26},"end":{"line":28,"column":7}},"line":26},"3":{"name":"(anonymous_3)","decl":{"start":{"line":29,"column":13},"end":{"line":29,"column":14}},"loc":{"start":{"line":29,"column":24},"end":{"line":32,"column":7}},"line":29},"4":{"name":"(anonymous_4)","decl":{"start":{"line":38,"column":18},"end":{"line":38,"column":19}},"loc":{"start":{"line":38,"column":24},"end":{"line":40,"column":3}},"line":38},"5":{"name":"(anonymous_5)","decl":{"start":{"line":42,"column":44},"end":{"line":42,"column":45}},"loc":{"start":{"line":42,"column":53},"end":{"line":51,"column":3}},"line":42}},"branchMap":{"0":{"loc":{"start":{"line":17,"column":21},"end":{"line":17,"column":58}},"type":"binary-expr","locations":[{"start":{"line":17,"column":21},"end":{"line":17,"column":52}},{"start":{"line":17,"column":56},"end":{"line":17,"column":58}}],"line":17},"1":{"loc":{"start":{"line":74,"column":12},"end":{"line":74,"column":64}},"type":"binary-expr","locations":[{"start":{"line":74,"column":12},"end":{"line":74,"column":21}},{"start":{"line":74,"column":25},"end":{"line":74,"column":64}}],"line":74}},"s":{"0":1,"1":2,"2":2,"3":2,"4":2,"5":2,"6":2,"7":2,"8":1,"9":1,"10":0,"11":0,"12":2,"13":1,"14":2,"15":7,"16":2},"f":{"0":2,"1":1,"2":1,"3":0,"4":1,"5":7},"b":{"0":[2,0],"1":[2,2]},"_coverageSchema":"43e27e138ebf9cfc5966b082cf9a028302ed4184","hash":"dce528a4a8518971018566bbb7b10ea50cbae2c4"}
,"/Users/jfh/Work/OIBus/src/client/Health/Overview.jsx": {"path":"/Users/jfh/Work/OIBus/src/client/Health/Overview.jsx","statementMap":{"0":{"start":{"line":6,"column":17},"end":{"line":45,"column":1}},"1":{"start":{"line":7,"column":27},"end":{"line":7,"column":58}},"2":{"start":{"line":8,"column":23},"end":{"line":8,"column":56}},"3":{"start":{"line":9,"column":22},"end":{"line":9,"column":54}},"4":{"start":{"line":10,"column":2},"end":{"line":44,"column":3}},"5":{"start":{"line":14,"column":10},"end":{"line":21,"column":16}},"6":{"start":{"line":33,"column":10},"end":{"line":40,"column":16}}},"fnMap":{"0":{"name":"(anonymous_0)","decl":{"start":{"line":6,"column":17},"end":{"line":6,"column":18}},"loc":{"start":{"line":6,"column":23},"end":{"line":45,"column":1}},"line":6},"1":{"name":"(anonymous_1)","decl":{"start":{"line":13,"column":27},"end":{"line":13,"column":28}},"loc":{"start":{"line":14,"column":10},"end":{"line":21,"column":16}},"line":14},"2":{"name":"(anonymous_2)","decl":{"start":{"line":32,"column":26},"end":{"line":32,"column":27}},"loc":{"start":{"line":33,"column":10},"end":{"line":40,"column":16}},"line":33}},"branchMap":{"0":{"loc":{"start":{"line":14,"column":72},"end":{"line":14,"column":113}},"type":"cond-expr","locations":[{"start":{"line":14,"column":94},"end":{"line":14,"column":103}},{"start":{"line":14,"column":106},"end":{"line":14,"column":113}}],"line":14},"1":{"loc":{"start":{"line":33,"column":70},"end":{"line":33,"column":110}},"type":"cond-expr","locations":[{"start":{"line":33,"column":91},"end":{"line":33,"column":100}},{"start":{"line":33,"column":103},"end":{"line":33,"column":110}}],"line":33}},"s":{"0":2,"1":3,"2":3,"3":3,"4":3,"5":6,"6":27},"f":{"0":3,"1":6,"2":27},"b":{"0":[3,3],"1":[3,24]},"_coverageSchema":"43e27e138ebf9cfc5966b082cf9a028302ed4184","hash":"a87b3f2fe6eefd427c5a895012482bd62c52aa83"}
,"/Users/jfh/Work/OIBus/src/client/components/OIbForm/OIbAuthentication.jsx": {"path":"/Users/jfh/Work/OIBus/src/client/components/OIbForm/OIbAuthentication.jsx","statementMap":{"0":{"start":{"line":15,"column":26},"end":{"line":90,"column":1}},"1":{"start":{"line":16,"column":23},"end":{"line":18,"column":3}},"2":{"start":{"line":17,"column":4},"end":{"line":17,"column":57}},"3":{"start":{"line":19,"column":21},"end":{"line":24,"column":3}},"4":{"start":{"line":25,"column":2},"end":{"line":89,"column":3}},"5":{"start":{"line":92,"column":0},"end":{"line":97,"column":1}},"6":{"start":{"line":99,"column":0},"end":{"line":102,"column":1}}},"fnMap":{"0":{"name":"(anonymous_0)","decl":{"start":{"line":15,"column":26},"end":{"line":15,"column":27}},"loc":{"start":{"line":15,"column":63},"end":{"line":90,"column":1}},"line":15},"1":{"name":"(anonymous_1)","decl":{"start":{"line":16,"column":23},"end":{"line":16,"column":24}},"loc":{"start":{"line":16,"column":59},"end":{"line":18,"column":3}},"line":16}},"branchMap":{"0":{"loc":{"start":{"line":32,"column":4},"end":{"line":88,"column":5}},"type":"cond-expr","locations":[{"start":{"line":33,"column":6},"end":{"line":66,"column":7}},{"start":{"line":68,"column":6},"end":{"line":87,"column":12}}],"line":32}},"s":{"0":1,"1":3,"2":2,"3":3,"4":3,"5":1,"6":1},"f":{"0":3,"1":2},"b":{"0":[2,1]},"_coverageSchema":"43e27e138ebf9cfc5966b082cf9a028302ed4184","hash":"ec29ca16a5afd4bfcd387eb541554fdc719f869f"}
,"/Users/jfh/Work/OIBus/src/client/components/OIbForm/OIbCheckBox.jsx": {"path":"/Users/jfh/Work/OIBus/src/client/components/OIbForm/OIbCheckBox.jsx","statementMap":{"0":{"start":{"line":5,"column":20},"end":{"line":45,"column":1}},"1":{"start":{"line":8,"column":2},"end":{"line":10,"column":13}},"2":{"start":{"line":9,"column":4},"end":{"line":9,"column":52}},"3":{"start":{"line":9,"column":24},"end":{"line":9,"column":52}},"4":{"start":{"line":11,"column":23},"end":{"line":15,"column":3}},"5":{"start":{"line":12,"column":23},"end":{"line":12,"column":28}},"6":{"start":{"line":13,"column":24},"end":{"line":13,"column":30}},"7":{"start":{"line":14,"column":4},"end":{"line":14,"column":33}},"8":{"start":{"line":16,"column":2},"end":{"line":16,"column":33}},"9":{"start":{"line":16,"column":22},"end":{"line":16,"column":33}},"10":{"start":{"line":17,"column":2},"end":{"line":44,"column":3}},"11":{"start":{"line":46,"column":0},"end":{"line":53,"column":1}},"12":{"start":{"line":55,"column":0},"end":{"line":55,"column":63}}},"fnMap":{"0":{"name":"(anonymous_0)","decl":{"start":{"line":5,"column":20},"end":{"line":5,"column":21}},"loc":{"start":{"line":5,"column":86},"end":{"line":45,"column":1}},"line":5},"1":{"name":"(anonymous_1)","decl":{"start":{"line":8,"column":24},"end":{"line":8,"column":25}},"loc":{"start":{"line":8,"column":30},"end":{"line":10,"column":3}},"line":8},"2":{"name":"(anonymous_2)","decl":{"start":{"line":11,"column":23},"end":{"line":11,"column":24}},"loc":{"start":{"line":11,"column":34},"end":{"line":15,"column":3}},"line":11}},"branchMap":{"0":{"loc":{"start":{"line":9,"column":4},"end":{"line":9,"column":52}},"type":"if","locations":[{"start":{"line":9,"column":4},"end":{"line":9,"column":52}},{"start":{"line":9,"column":4},"end":{"line":9,"column":52}}],"line":9},"1":{"loc":{"start":{"line":16,"column":2},"end":{"line":16,"column":33}},"type":"if","locations":[{"start":{"line":16,"column":2},"end":{"line":16,"column":33}},{"start":{"line":16,"column":2},"end":{"line":16,"column":33}}],"line":16},"2":{"loc":{"start":{"line":19,"column":7},"end":{"line":42,"column":7}},"type":"cond-expr","locations":[{"start":{"line":20,"column":8},"end":{"line":28,"column":10}},{"start":{"line":30,"column":8},"end":{"line":41,"column":11}}],"line":19}},"s":{"0":1,"1":3,"2":3,"3":0,"4":3,"5":0,"6":0,"7":0,"8":3,"9":0,"10":3,"11":1,"12":1},"f":{"0":3,"1":3,"2":0},"b":{"0":[0,3],"1":[0,3],"2":[1,2]},"_coverageSchema":"43e27e138ebf9cfc5966b082cf9a028302ed4184","hash":"3b3c3e53172064a37ec1b5c687371e2a0e4cdad2"}
,"/Users/jfh/Work/OIBus/src/client/components/OIbForm/OIbInteger.jsx": {"path":"/Users/jfh/Work/OIBus/src/client/components/OIbForm/OIbInteger.jsx","statementMap":{"0":{"start":{"line":5,"column":19},"end":{"line":36,"column":1}},"1":{"start":{"line":8,"column":2},"end":{"line":10,"column":13}},"2":{"start":{"line":9,"column":4},"end":{"line":9,"column":52}},"3":{"start":{"line":9,"column":24},"end":{"line":9,"column":52}},"4":{"start":{"line":11,"column":23},"end":{"line":16,"column":3}},"5":{"start":{"line":12,"column":23},"end":{"line":12,"column":28}},"6":{"start":{"line":13,"column":25},"end":{"line":13,"column":31}},"7":{"start":{"line":14,"column":19},"end":{"line":14,"column":70}},"8":{"start":{"line":15,"column":4},"end":{"line":15,"column":41}},"9":{"start":{"line":18,"column":16},"end":{"line":18,"column":50}},"10":{"start":{"line":19,"column":21},"end":{"line":19,"column":33}},"11":{"start":{"line":20,"column":2},"end":{"line":35,"column":3}},"12":{"start":{"line":37,"column":0},"end":{"line":45,"column":1}},"13":{"start":{"line":46,"column":0},"end":{"line":51,"column":1}},"14":{"start":{"line":47,"column":15},"end":{"line":47,"column":19}}},"fnMap":{"0":{"name":"(anonymous_0)","decl":{"start":{"line":5,"column":19},"end":{"line":5,"column":20}},"loc":{"start":{"line":5,"column":84},"end":{"line":36,"column":1}},"line":5},"1":{"name":"(anonymous_1)","decl":{"start":{"line":8,"column":24},"end":{"line":8,"column":25}},"loc":{"start":{"line":8,"column":30},"end":{"line":10,"column":3}},"line":8},"2":{"name":"(anonymous_2)","decl":{"start":{"line":11,"column":23},"end":{"line":11,"column":24}},"loc":{"start":{"line":11,"column":34},"end":{"line":16,"column":3}},"line":11},"3":{"name":"(anonymous_3)","decl":{"start":{"line":47,"column":9},"end":{"line":47,"column":10}},"loc":{"start":{"line":47,"column":15},"end":{"line":47,"column":19}},"line":47}},"branchMap":{"0":{"loc":{"start":{"line":9,"column":4},"end":{"line":9,"column":52}},"type":"if","locations":[{"start":{"line":9,"column":4},"end":{"line":9,"column":52}},{"start":{"line":9,"column":4},"end":{"line":9,"column":52}}],"line":9},"1":{"loc":{"start":{"line":14,"column":19},"end":{"line":14,"column":70}},"type":"cond-expr","locations":[{"start":{"line":14,"column":51},"end":{"line":14,"column":52}},{"start":{"line":14,"column":55},"end":{"line":14,"column":70}}],"line":14},"2":{"loc":{"start":{"line":18,"column":16},"end":{"line":18,"column":50}},"type":"cond-expr","locations":[{"start":{"line":18,"column":24},"end":{"line":18,"column":28}},{"start":{"line":18,"column":31},"end":{"line":18,"column":50}}],"line":18},"3":{"loc":{"start":{"line":22,"column":7},"end":{"line":22,"column":49}},"type":"binary-expr","locations":[{"start":{"line":22,"column":7},"end":{"line":22,"column":12}},{"start":{"line":22,"column":16},"end":{"line":22,"column":49}}],"line":22},"4":{"loc":{"start":{"line":29,"column":15},"end":{"line":29,"column":26}},"type":"binary-expr","locations":[{"start":{"line":29,"column":15},"end":{"line":29,"column":20}},{"start":{"line":29,"column":24},"end":{"line":29,"column":26}}],"line":29},"5":{"loc":{"start":{"line":33,"column":7},"end":{"line":33,"column":42}},"type":"binary-expr","locations":[{"start":{"line":33,"column":7},"end":{"line":33,"column":11}},{"start":{"line":33,"column":15},"end":{"line":33,"column":42}}],"line":33}},"s":{"0":1,"1":2,"2":2,"3":0,"4":2,"5":0,"6":0,"7":0,"8":0,"9":2,"10":2,"11":2,"12":1,"13":1,"14":1},"f":{"0":2,"1":2,"2":0,"3":1},"b":{"0":[0,2],"1":[0,0],"2":[2,0],"3":[2,2],"4":[2,0],"5":[2,0]},"_coverageSchema":"43e27e138ebf9cfc5966b082cf9a028302ed4184","hash":"b1ce8262957b257d46db266dbda69f661553d04a"}
,"/Users/jfh/Work/OIBus/src/client/components/OIbForm/OIbPassword.jsx": {"path":"/Users/jfh/Work/OIBus/src/client/components/OIbForm/OIbPassword.jsx","statementMap":{"0":{"start":{"line":6,"column":20},"end":{"line":73,"column":1}},"1":{"start":{"line":7,"column":17},"end":{"line":7,"column":35}},"2":{"start":{"line":8,"column":30},"end":{"line":8,"column":51}},"3":{"start":{"line":9,"column":42},"end":{"line":9,"column":63}},"4":{"start":{"line":10,"column":30},"end":{"line":10,"column":51}},"5":{"start":{"line":12,"column":2},"end":{"line":14,"column":13}},"6":{"start":{"line":13,"column":4},"end":{"line":13,"column":52}},"7":{"start":{"line":13,"column":24},"end":{"line":13,"column":52}},"8":{"start":{"line":15,"column":23},"end":{"line":30,"column":3}},"9":{"start":{"line":16,"column":23},"end":{"line":16,"column":28}},"10":{"start":{"line":17,"column":28},"end":{"line":17,"column":34}},"11":{"start":{"line":18,"column":4},"end":{"line":28,"column":5}},"12":{"start":{"line":19,"column":6},"end":{"line":27,"column":7}},"13":{"start":{"line":21,"column":8},"end":{"line":21,"column":34}},"14":{"start":{"line":22,"column":8},"end":{"line":22,"column":24}},"15":{"start":{"line":23,"column":8},"end":{"line":23,"column":30}},"16":{"start":{"line":26,"column":8},"end":{"line":26,"column":37}},"17":{"start":{"line":29,"column":4},"end":{"line":29,"column":61}},"18":{"start":{"line":31,"column":24},"end":{"line":42,"column":3}},"19":{"start":{"line":32,"column":23},"end":{"line":32,"column":28}},"20":{"start":{"line":33,"column":28},"end":{"line":33,"column":34}},"21":{"start":{"line":34,"column":4},"end":{"line":41,"column":5}},"22":{"start":{"line":35,"column":6},"end":{"line":40,"column":7}},"23":{"start":{"line":37,"column":8},"end":{"line":37,"column":23}},"24":{"start":{"line":38,"column":8},"end":{"line":38,"column":23}},"25":{"start":{"line":39,"column":8},"end":{"line":39,"column":65}},"26":{"start":{"line":44,"column":2},"end":{"line":44,"column":33}},"27":{"start":{"line":44,"column":22},"end":{"line":44,"column":33}},"28":{"start":{"line":46,"column":21},"end":{"line":46,"column":69}},"29":{"start":{"line":47,"column":2},"end":{"line":72,"column":3}},"30":{"start":{"line":64,"column":38},"end":{"line":64,"column":60}},"31":{"start":{"line":65,"column":43},"end":{"line":65,"column":64}},"32":{"start":{"line":74,"column":0},"end":{"line":82,"column":1}},"33":{"start":{"line":84,"column":0},"end":{"line":84,"column":104}},"34":{"start":{"line":84,"column":42},"end":{"line":84,"column":46}}},"fnMap":{"0":{"name":"(anonymous_0)","decl":{"start":{"line":6,"column":20},"end":{"line":6,"column":21}},"loc":{"start":{"line":6,"column":85},"end":{"line":73,"column":1}},"line":6},"1":{"name":"(anonymous_1)","decl":{"start":{"line":12,"column":24},"end":{"line":12,"column":25}},"loc":{"start":{"line":12,"column":30},"end":{"line":14,"column":3}},"line":12},"2":{"name":"(anonymous_2)","decl":{"start":{"line":15,"column":23},"end":{"line":15,"column":24}},"loc":{"start":{"line":15,"column":34},"end":{"line":30,"column":3}},"line":15},"3":{"name":"(anonymous_3)","decl":{"start":{"line":31,"column":24},"end":{"line":31,"column":25}},"loc":{"start":{"line":31,"column":35},"end":{"line":42,"column":3}},"line":31},"4":{"name":"(anonymous_4)","decl":{"start":{"line":64,"column":32},"end":{"line":64,"column":33}},"loc":{"start":{"line":64,"column":38},"end":{"line":64,"column":60}},"line":64},"5":{"name":"(anonymous_5)","decl":{"start":{"line":65,"column":37},"end":{"line":65,"column":38}},"loc":{"start":{"line":65,"column":43},"end":{"line":65,"column":64}},"line":65},"6":{"name":"(anonymous_6)","decl":{"start":{"line":84,"column":36},"end":{"line":84,"column":37}},"loc":{"start":{"line":84,"column":42},"end":{"line":84,"column":46}},"line":84}},"branchMap":{"0":{"loc":{"start":{"line":13,"column":4},"end":{"line":13,"column":52}},"type":"if","locations":[{"start":{"line":13,"column":4},"end":{"line":13,"column":52}},{"start":{"line":13,"column":4},"end":{"line":13,"column":52}}],"line":13},"1":{"loc":{"start":{"line":18,"column":4},"end":{"line":28,"column":5}},"type":"if","locations":[{"start":{"line":18,"column":4},"end":{"line":28,"column":5}},{"start":{"line":18,"column":4},"end":{"line":28,"column":5}}],"line":18},"2":{"loc":{"start":{"line":19,"column":6},"end":{"line":27,"column":7}},"type":"if","locations":[{"start":{"line":19,"column":6},"end":{"line":27,"column":7}},{"start":{"line":19,"column":6},"end":{"line":27,"column":7}}],"line":19},"3":{"loc":{"start":{"line":34,"column":4},"end":{"line":41,"column":5}},"type":"if","locations":[{"start":{"line":34,"column":4},"end":{"line":41,"column":5}},{"start":{"line":34,"column":4},"end":{"line":41,"column":5}}],"line":34},"4":{"loc":{"start":{"line":35,"column":6},"end":{"line":40,"column":7}},"type":"if","locations":[{"start":{"line":35,"column":6},"end":{"line":40,"column":7}},{"start":{"line":35,"column":6},"end":{"line":40,"column":7}}],"line":35},"5":{"loc":{"start":{"line":44,"column":2},"end":{"line":44,"column":33}},"type":"if","locations":[{"start":{"line":44,"column":2},"end":{"line":44,"column":33}},{"start":{"line":44,"column":2},"end":{"line":44,"column":33}}],"line":44},"6":{"loc":{"start":{"line":46,"column":21},"end":{"line":46,"column":69}},"type":"cond-expr","locations":[{"start":{"line":46,"column":30},"end":{"line":46,"column":62}},{"start":{"line":46,"column":65},"end":{"line":46,"column":69}}],"line":46},"7":{"loc":{"start":{"line":49,"column":7},"end":{"line":49,"column":49}},"type":"binary-expr","locations":[{"start":{"line":49,"column":7},"end":{"line":49,"column":12}},{"start":{"line":49,"column":16},"end":{"line":49,"column":49}}],"line":49},"8":{"loc":{"start":{"line":53,"column":16},"end":{"line":53,"column":50}},"type":"cond-expr","locations":[{"start":{"line":53,"column":31},"end":{"line":53,"column":37}},{"start":{"line":53,"column":40},"end":{"line":53,"column":50}}],"line":53},"9":{"loc":{"start":{"line":61,"column":9},"end":{"line":67,"column":9}},"type":"binary-expr","locations":[{"start":{"line":61,"column":9},"end":{"line":61,"column":15}},{"start":{"line":62,"column":10},"end":{"line":66,"column":28}}],"line":61},"10":{"loc":{"start":{"line":63,"column":13},"end":{"line":65,"column":68}},"type":"cond-expr","locations":[{"start":{"line":64,"column":16},"end":{"line":64,"column":64}},{"start":{"line":65,"column":16},"end":{"line":65,"column":68}}],"line":63},"11":{"loc":{"start":{"line":70,"column":7},"end":{"line":70,"column":42}},"type":"binary-expr","locations":[{"start":{"line":70,"column":7},"end":{"line":70,"column":11}},{"start":{"line":70,"column":15},"end":{"line":70,"column":42}}],"line":70}},"s":{"0":1,"1":3,"2":3,"3":3,"4":3,"5":3,"6":3,"7":0,"8":3,"9":1,"10":1,"11":1,"12":1,"13":0,"14":0,"15":0,"16":1,"17":1,"18":3,"19":0,"20":0,"21":0,"22":0,"23":0,"24":0,"25":0,"26":3,"27":0,"28":3,"29":3,"30":0,"31":0,"32":1,"33":1,"34":0},"f":{"0":3,"1":3,"2":1,"3":0,"4":0,"5":0,"6":0},"b":{"0":[0,3],"1":[1,0],"2":[0,1],"3":[0,0],"4":[0,0],"5":[0,3],"6":[0,3],"7":[3,3],"8":[0,3],"9":[3,0],"10":[0,0],"11":[3,0]},"_coverageSchema":"43e27e138ebf9cfc5966b082cf9a028302ed4184","hash":"fed067ad1c3a6e31ab9f1aa99c1efcd3d38af779"}
,"/Users/jfh/Work/OIBus/src/client/components/OIbForm/OIbSelect.jsx": {"path":"/Users/jfh/Work/OIBus/src/client/components/OIbForm/OIbSelect.jsx","statementMap":{"0":{"start":{"line":5,"column":18},"end":{"line":33,"column":1}},"1":{"start":{"line":6,"column":2},"end":{"line":8,"column":13}},"2":{"start":{"line":7,"column":4},"end":{"line":7,"column":52}},"3":{"start":{"line":7,"column":24},"end":{"line":7,"column":52}},"4":{"start":{"line":10,"column":23},"end":{"line":14,"column":3}},"5":{"start":{"line":11,"column":23},"end":{"line":11,"column":28}},"6":{"start":{"line":12,"column":30},"end":{"line":12,"column":36}},"7":{"start":{"line":13,"column":4},"end":{"line":13,"column":47}},"8":{"start":{"line":16,"column":21},"end":{"line":16,"column":33}},"9":{"start":{"line":18,"column":2},"end":{"line":18,"column":33}},"10":{"start":{"line":18,"column":22},"end":{"line":18,"column":33}},"11":{"start":{"line":19,"column":2},"end":{"line":32,"column":3}},"12":{"start":{"line":24,"column":10},"end":{"line":26,"column":19}},"13":{"start":{"line":34,"column":0},"end":{"line":43,"column":1}},"14":{"start":{"line":44,"column":0},"end":{"line":44,"column":84}},"15":{"start":{"line":44,"column":78},"end":{"line":44,"column":82}}},"fnMap":{"0":{"name":"(anonymous_0)","decl":{"start":{"line":5,"column":18},"end":{"line":5,"column":19}},"loc":{"start":{"line":5,"column":92},"end":{"line":33,"column":1}},"line":5},"1":{"name":"(anonymous_1)","decl":{"start":{"line":6,"column":18},"end":{"line":6,"column":19}},"loc":{"start":{"line":6,"column":24},"end":{"line":8,"column":3}},"line":6},"2":{"name":"(anonymous_2)","decl":{"start":{"line":10,"column":23},"end":{"line":10,"column":24}},"loc":{"start":{"line":10,"column":34},"end":{"line":14,"column":3}},"line":10},"3":{"name":"(anonymous_3)","decl":{"start":{"line":23,"column":21},"end":{"line":23,"column":22}},"loc":{"start":{"line":24,"column":10},"end":{"line":26,"column":19}},"line":24},"4":{"name":"(anonymous_4)","decl":{"start":{"line":44,"column":72},"end":{"line":44,"column":73}},"loc":{"start":{"line":44,"column":78},"end":{"line":44,"column":82}},"line":44}},"branchMap":{"0":{"loc":{"start":{"line":7,"column":4},"end":{"line":7,"column":52}},"type":"if","locations":[{"start":{"line":7,"column":4},"end":{"line":7,"column":52}},{"start":{"line":7,"column":4},"end":{"line":7,"column":52}}],"line":7},"1":{"loc":{"start":{"line":18,"column":2},"end":{"line":18,"column":33}},"type":"if","locations":[{"start":{"line":18,"column":2},"end":{"line":18,"column":33}},{"start":{"line":18,"column":2},"end":{"line":18,"column":33}}],"line":18},"2":{"loc":{"start":{"line":21,"column":7},"end":{"line":21,"column":49}},"type":"binary-expr","locations":[{"start":{"line":21,"column":7},"end":{"line":21,"column":12}},{"start":{"line":21,"column":16},"end":{"line":21,"column":49}}],"line":21},"3":{"loc":{"start":{"line":30,"column":7},"end":{"line":30,"column":42}},"type":"binary-expr","locations":[{"start":{"line":30,"column":7},"end":{"line":30,"column":11}},{"start":{"line":30,"column":15},"end":{"line":30,"column":42}}],"line":30}},"s":{"0":1,"1":2,"2":2,"3":0,"4":2,"5":0,"6":0,"7":0,"8":2,"9":2,"10":0,"11":2,"12":2,"13":1,"14":1,"15":2},"f":{"0":2,"1":2,"2":0,"3":2,"4":2},"b":{"0":[0,2],"1":[0,2],"2":[2,2],"3":[2,0]},"_coverageSchema":"43e27e138ebf9cfc5966b082cf9a028302ed4184","hash":"16a25b7468aab19e5a9ea510abd90b8e701cba6a"}
,"/Users/jfh/Work/OIBus/src/client/components/OIbForm/OIbText.jsx": {"path":"/Users/jfh/Work/OIBus/src/client/components/OIbForm/OIbText.jsx","statementMap":{"0":{"start":{"line":5,"column":16},"end":{"line":30,"column":1}},"1":{"start":{"line":6,"column":2},"end":{"line":8,"column":13}},"2":{"start":{"line":7,"column":4},"end":{"line":7,"column":52}},"3":{"start":{"line":7,"column":24},"end":{"line":7,"column":52}},"4":{"start":{"line":9,"column":23},"end":{"line":13,"column":3}},"5":{"start":{"line":10,"column":23},"end":{"line":10,"column":28}},"6":{"start":{"line":11,"column":30},"end":{"line":11,"column":36}},"7":{"start":{"line":12,"column":4},"end":{"line":12,"column":41}},"8":{"start":{"line":15,"column":16},"end":{"line":15,"column":50}},"9":{"start":{"line":16,"column":2},"end":{"line":18,"column":3}},"10":{"start":{"line":17,"column":4},"end":{"line":17,"column":34}},"11":{"start":{"line":19,"column":21},"end":{"line":19,"column":33}},"12":{"start":{"line":21,"column":2},"end":{"line":21,"column":33}},"13":{"start":{"line":21,"column":22},"end":{"line":21,"column":33}},"14":{"start":{"line":22,"column":2},"end":{"line":29,"column":3}},"15":{"start":{"line":31,"column":0},"end":{"line":40,"column":1}},"16":{"start":{"line":41,"column":0},"end":{"line":48,"column":1}},"17":{"start":{"line":42,"column":15},"end":{"line":42,"column":19}}},"fnMap":{"0":{"name":"(anonymous_0)","decl":{"start":{"line":5,"column":16},"end":{"line":5,"column":17}},"loc":{"start":{"line":5,"column":89},"end":{"line":30,"column":1}},"line":5},"1":{"name":"(anonymous_1)","decl":{"start":{"line":6,"column":18},"end":{"line":6,"column":19}},"loc":{"start":{"line":6,"column":24},"end":{"line":8,"column":3}},"line":6},"2":{"name":"(anonymous_2)","decl":{"start":{"line":9,"column":23},"end":{"line":9,"column":24}},"loc":{"start":{"line":9,"column":34},"end":{"line":13,"column":3}},"line":9},"3":{"name":"(anonymous_3)","decl":{"start":{"line":42,"column":9},"end":{"line":42,"column":10}},"loc":{"start":{"line":42,"column":15},"end":{"line":42,"column":19}},"line":42}},"branchMap":{"0":{"loc":{"start":{"line":7,"column":4},"end":{"line":7,"column":52}},"type":"if","locations":[{"start":{"line":7,"column":4},"end":{"line":7,"column":52}},{"start":{"line":7,"column":4},"end":{"line":7,"column":52}}],"line":7},"1":{"loc":{"start":{"line":15,"column":16},"end":{"line":15,"column":50}},"type":"cond-expr","locations":[{"start":{"line":15,"column":24},"end":{"line":15,"column":28}},{"start":{"line":15,"column":31},"end":{"line":15,"column":50}}],"line":15},"2":{"loc":{"start":{"line":16,"column":2},"end":{"line":18,"column":3}},"type":"if","locations":[{"start":{"line":16,"column":2},"end":{"line":18,"column":3}},{"start":{"line":16,"column":2},"end":{"line":18,"column":3}}],"line":16},"3":{"loc":{"start":{"line":16,"column":6},"end":{"line":16,"column":21}},"type":"binary-expr","locations":[{"start":{"line":16,"column":6},"end":{"line":16,"column":12}},{"start":{"line":16,"column":16},"end":{"line":16,"column":21}}],"line":16},"4":{"loc":{"start":{"line":21,"column":2},"end":{"line":21,"column":33}},"type":"if","locations":[{"start":{"line":21,"column":2},"end":{"line":21,"column":33}},{"start":{"line":21,"column":2},"end":{"line":21,"column":33}}],"line":21},"5":{"loc":{"start":{"line":24,"column":7},"end":{"line":24,"column":49}},"type":"binary-expr","locations":[{"start":{"line":24,"column":7},"end":{"line":24,"column":12}},{"start":{"line":24,"column":16},"end":{"line":24,"column":49}}],"line":24},"6":{"loc":{"start":{"line":27,"column":7},"end":{"line":27,"column":42}},"type":"binary-expr","locations":[{"start":{"line":27,"column":7},"end":{"line":27,"column":11}},{"start":{"line":27,"column":15},"end":{"line":27,"column":42}}],"line":27}},"s":{"0":2,"1":6,"2":6,"3":0,"4":6,"5":1,"6":1,"7":1,"8":6,"9":6,"10":0,"11":6,"12":6,"13":0,"14":6,"15":2,"16":2,"17":2},"f":{"0":6,"1":6,"2":1,"3":2},"b":{"0":[0,6],"1":[6,0],"2":[0,6],"3":[6,1],"4":[0,6],"5":[6,6],"6":[6,0]},"_coverageSchema":"43e27e138ebf9cfc5966b082cf9a028302ed4184","hash":"720eaa99c230e24f437fe0b8de3a3e036524e466"}
,"/Users/jfh/Work/OIBus/src/client/components/OIbForm/OIbTitle.jsx": {"path":"/Users/jfh/Work/OIBus/src/client/components/OIbForm/OIbTitle.jsx","statementMap":{"0":{"start":{"line":6,"column":17},"end":{"line":38,"column":1}},"1":{"start":{"line":7,"column":13},"end":{"line":9,"column":19}},"2":{"start":{"line":10,"column":2},"end":{"line":37,"column":3}},"3":{"start":{"line":39,"column":0},"end":{"line":39,"column":88}},"4":{"start":{"line":40,"column":0},"end":{"line":40,"column":42}}},"fnMap":{"0":{"name":"(anonymous_0)","decl":{"start":{"line":6,"column":17},"end":{"line":6,"column":18}},"loc":{"start":{"line":6,"column":42},"end":{"line":38,"column":1}},"line":6}},"branchMap":{"0":{"loc":{"start":{"line":15,"column":11},"end":{"line":22,"column":11}},"type":"binary-expr","locations":[{"start":{"line":15,"column":11},"end":{"line":15,"column":19}},{"start":{"line":17,"column":12},"end":{"line":21,"column":21}}],"line":15},"1":{"loc":{"start":{"line":26,"column":9},"end":{"line":34,"column":9}},"type":"binary-expr","locations":[{"start":{"line":26,"column":9},"end":{"line":26,"column":17}},{"start":{"line":27,"column":10},"end":{"line":33,"column":33}}],"line":26}},"s":{"0":1,"1":3,"2":3,"3":1,"4":1},"f":{"0":3},"b":{"0":[3,3],"1":[3,3]},"_coverageSchema":"43e27e138ebf9cfc5966b082cf9a028302ed4184","hash":"837bbaa6869dd494a87605fe7767e4003872720b"}
,"/Users/jfh/Work/OIBus/src/client/components/table/Table.jsx": {"path":"/Users/jfh/Work/OIBus/src/client/components/table/Table.jsx","statementMap":{"0":{"start":{"line":8,"column":14},"end":{"line":13,"column":1}},"1":{"start":{"line":9,"column":2},"end":{"line":12,"column":12}},"2":{"start":{"line":15,"column":0},"end":{"line":21,"column":1}},"3":{"start":{"line":23,"column":0},"end":{"line":23,"column":78}}},"fnMap":{"0":{"name":"(anonymous_0)","decl":{"start":{"line":8,"column":14},"end":{"line":8,"column":15}},"loc":{"start":{"line":9,"column":2},"end":{"line":12,"column":12}},"line":9}},"branchMap":{},"s":{"0":1,"1":2,"2":1,"3":1},"f":{"0":2},"b":{},"_coverageSchema":"43e27e138ebf9cfc5966b082cf9a028302ed4184","hash":"8d58f27e5b67e19641cb6d809bff0d0501d3bd97"}
,"/Users/jfh/Work/OIBus/src/client/components/table/TableHeader.jsx": {"path":"/Users/jfh/Work/OIBus/src/client/components/table/TableHeader.jsx","statementMap":{"0":{"start":{"line":5,"column":20},"end":{"line":31,"column":1}},"1":{"start":{"line":6,"column":27},"end":{"line":6,"column":34}},"2":{"start":{"line":7,"column":2},"end":{"line":14,"column":3}},"3":{"start":{"line":8,"column":4},"end":{"line":13,"column":5}},"4":{"start":{"line":15,"column":2},"end":{"line":18,"column":3}},"5":{"start":{"line":16,"column":4},"end":{"line":16,"column":29}},"6":{"start":{"line":20,"column":2},"end":{"line":30,"column":3}},"7":{"start":{"line":24,"column":10},"end":{"line":26,"column":15}},"8":{"start":{"line":33,"column":0},"end":{"line":37,"column":1}},"9":{"start":{"line":38,"column":0},"end":{"line":38,"column":66}}},"fnMap":{"0":{"name":"(anonymous_0)","decl":{"start":{"line":5,"column":20},"end":{"line":5,"column":21}},"loc":{"start":{"line":5,"column":62},"end":{"line":31,"column":1}},"line":5},"1":{"name":"(anonymous_1)","decl":{"start":{"line":23,"column":30},"end":{"line":23,"column":31}},"loc":{"start":{"line":24,"column":10},"end":{"line":26,"column":15}},"line":24}},"branchMap":{"0":{"loc":{"start":{"line":7,"column":2},"end":{"line":14,"column":3}},"type":"if","locations":[{"start":{"line":7,"column":2},"end":{"line":14,"column":3}},{"start":{"line":7,"column":2},"end":{"line":14,"column":3}}],"line":7},"1":{"loc":{"start":{"line":15,"column":2},"end":{"line":18,"column":3}},"type":"if","locations":[{"start":{"line":15,"column":2},"end":{"line":18,"column":3}},{"start":{"line":15,"column":2},"end":{"line":18,"column":3}}],"line":15}},"s":{"0":1,"1":2,"2":2,"3":0,"4":2,"5":0,"6":2,"7":0,"8":1,"9":1},"f":{"0":2,"1":0},"b":{"0":[0,2],"1":[0,2]},"_coverageSchema":"43e27e138ebf9cfc5966b082cf9a028302ed4184","hash":"49df0d9f89d7705d70cbd8a56a6f94025acb2ec5"}
,"/Users/jfh/Work/OIBus/src/client/components/table/TableRows.jsx": {"path":"/Users/jfh/Work/OIBus/src/client/components/table/TableRows.jsx","statementMap":{"0":{"start":{"line":5,"column":18},"end":{"line":35,"column":1}},"1":{"start":{"line":6,"column":2},"end":{"line":34,"column":10}},"2":{"start":{"line":8,"column":6},"end":{"line":32,"column":11}},"3":{"start":{"line":10,"column":10},"end":{"line":10,"column":49}},"4":{"start":{"line":17,"column":16},"end":{"line":17,"column":34}},"5":{"start":{"line":18,"column":16},"end":{"line":18,"column":35}},"6":{"start":{"line":26,"column":16},"end":{"line":26,"column":34}},"7":{"start":{"line":27,"column":16},"end":{"line":27,"column":33}},"8":{"start":{"line":37,"column":0},"end":{"line":41,"column":1}},"9":{"start":{"line":43,"column":0},"end":{"line":43,"column":65}}},"fnMap":{"0":{"name":"(anonymous_0)","decl":{"start":{"line":5,"column":18},"end":{"line":5,"column":19}},"loc":{"start":{"line":6,"column":2},"end":{"line":34,"column":10}},"line":6},"1":{"name":"(anonymous_1)","decl":{"start":{"line":7,"column":14},"end":{"line":7,"column":15}},"loc":{"start":{"line":8,"column":6},"end":{"line":32,"column":11}},"line":8},"2":{"name":"(anonymous_2)","decl":{"start":{"line":9,"column":17},"end":{"line":9,"column":18}},"loc":{"start":{"line":10,"column":10},"end":{"line":10,"column":49}},"line":10},"3":{"name":"(anonymous_3)","decl":{"start":{"line":16,"column":23},"end":{"line":16,"column":24}},"loc":{"start":{"line":16,"column":30},"end":{"line":19,"column":15}},"line":16},"4":{"name":"(anonymous_4)","decl":{"start":{"line":25,"column":23},"end":{"line":25,"column":24}},"loc":{"start":{"line":25,"column":30},"end":{"line":28,"column":15}},"line":25}},"branchMap":{"0":{"loc":{"start":{"line":13,"column":11},"end":{"line":21,"column":11}},"type":"binary-expr","locations":[{"start":{"line":13,"column":11},"end":{"line":13,"column":23}},{"start":{"line":14,"column":12},"end":{"line":20,"column":14}}],"line":13},"1":{"loc":{"start":{"line":22,"column":11},"end":{"line":30,"column":11}},"type":"binary-expr","locations":[{"start":{"line":22,"column":11},"end":{"line":22,"column":21}},{"start":{"line":23,"column":12},"end":{"line":29,"column":14}}],"line":22}},"s":{"0":1,"1":2,"2":7,"3":14,"4":0,"5":0,"6":0,"7":0,"8":1,"9":1},"f":{"0":2,"1":7,"2":14,"3":0,"4":0},"b":{"0":[7,0],"1":[7,0]},"_coverageSchema":"43e27e138ebf9cfc5966b082cf9a028302ed4184","hash":"bb8e84fd64f582de51f652cbda4545b5e8e447e8"}
,"/Users/jfh/Work/OIBus/src/client/context/AlertContext.jsx": {"path":"/Users/jfh/Work/OIBus/src/client/context/AlertContext.jsx","statementMap":{"0":{"start":{"line":4,"column":21},"end":{"line":4,"column":44}},"1":{"start":{"line":6,"column":22},"end":{"line":15,"column":1}},"2":{"start":{"line":7,"column":28},"end":{"line":7,"column":46}},"3":{"start":{"line":8,"column":2},"end":{"line":14,"column":3}},"4":{"start":{"line":16,"column":0},"end":{"line":16,"column":65}}},"fnMap":{"0":{"name":"(anonymous_0)","decl":{"start":{"line":6,"column":22},"end":{"line":6,"column":23}},"loc":{"start":{"line":6,"column":40},"end":{"line":15,"column":1}},"line":6}},"branchMap":{},"s":{"0":1,"1":1,"2":0,"3":0,"4":1},"f":{"0":0},"b":{},"_coverageSchema":"43e27e138ebf9cfc5966b082cf9a028302ed4184","hash":"fffe70349b3168fc95fde29f878b975d7f2aad88"}
,"/Users/jfh/Work/OIBus/src/client/context/configContext.jsx": {"path":"/Users/jfh/Work/OIBus/src/client/context/configContext.jsx","statementMap":{"0":{"start":{"line":10,"column":16},"end":{"line":51,"column":1}},"1":{"start":{"line":11,"column":50},"end":{"line":11,"column":56}},"2":{"start":{"line":12,"column":19},"end":{"line":12,"column":52}},"3":{"start":{"line":13,"column":2},"end":{"line":50,"column":3}},"4":{"start":{"line":15,"column":6},"end":{"line":15,"column":47}},"5":{"start":{"line":17,"column":6},"end":{"line":17,"column":48}},"6":{"start":{"line":17,"column":28},"end":{"line":17,"column":48}},"7":{"start":{"line":18,"column":6},"end":{"line":24,"column":7}},"8":{"start":{"line":19,"column":8},"end":{"line":19,"column":40}},"9":{"start":{"line":22,"column":8},"end":{"line":22,"column":36}},"10":{"start":{"line":23,"column":8},"end":{"line":23,"column":77}},"11":{"start":{"line":23,"column":55},"end":{"line":23,"column":77}},"12":{"start":{"line":25,"column":6},"end":{"line":25,"column":43}},"13":{"start":{"line":26,"column":6},"end":{"line":26,"column":21}},"14":{"start":{"line":30,"column":6},"end":{"line":34,"column":7}},"15":{"start":{"line":31,"column":21},"end":{"line":31,"column":87}},"16":{"start":{"line":31,"column":66},"end":{"line":31,"column":86}},"17":{"start":{"line":32,"column":8},"end":{"line":32,"column":58}},"18":{"start":{"line":32,"column":30},"end":{"line":32,"column":57}},"19":{"start":{"line":33,"column":8},"end":{"line":33,"column":77}},"20":{"start":{"line":33,"column":55},"end":{"line":33,"column":77}},"21":{"start":{"line":35,"column":6},"end":{"line":35,"column":36}},"22":{"start":{"line":36,"column":6},"end":{"line":36,"column":21}},"23":{"start":{"line":39,"column":6},"end":{"line":39,"column":38}},"24":{"start":{"line":40,"column":6},"end":{"line":40,"column":21}},"25":{"start":{"line":42,"column":6},"end":{"line":42,"column":44}},"26":{"start":{"line":44,"column":6},"end":{"line":44,"column":21}},"27":{"start":{"line":46,"column":6},"end":{"line":46,"column":64}},"28":{"start":{"line":47,"column":6},"end":{"line":47,"column":21}},"29":{"start":{"line":49,"column":6},"end":{"line":49,"column":53}},"30":{"start":{"line":52,"column":27},"end":{"line":52,"column":31}},"31":{"start":{"line":53,"column":22},"end":{"line":53,"column":61}},"32":{"start":{"line":54,"column":23},"end":{"line":124,"column":1}},"33":{"start":{"line":55,"column":41},"end":{"line":55,"column":86}},"34":{"start":{"line":56,"column":42},"end":{"line":56,"column":62}},"35":{"start":{"line":57,"column":32},"end":{"line":57,"column":48}},"36":{"start":{"line":58,"column":42},"end":{"line":58,"column":58}},"37":{"start":{"line":64,"column":2},"end":{"line":73,"column":8}},"38":{"start":{"line":65,"column":17},"end":{"line":71,"column":5}},"39":{"start":{"line":66,"column":6},"end":{"line":70,"column":7}},"40":{"start":{"line":67,"column":8},"end":{"line":67,"column":45}},"41":{"start":{"line":69,"column":8},"end":{"line":69,"column":28}},"42":{"start":{"line":72,"column":4},"end":{"line":72,"column":10}},"43":{"start":{"line":79,"column":2},"end":{"line":88,"column":8}},"44":{"start":{"line":80,"column":17},"end":{"line":86,"column":5}},"45":{"start":{"line":81,"column":6},"end":{"line":85,"column":7}},"46":{"start":{"line":82,"column":8},"end":{"line":82,"column":55}},"47":{"start":{"line":84,"column":8},"end":{"line":84,"column":28}},"48":{"start":{"line":87,"column":4},"end":{"line":87,"column":10}},"49":{"start":{"line":91,"column":2},"end":{"line":110,"column":8}},"50":{"start":{"line":92,"column":18},"end":{"line":92,"column":22}},"51":{"start":{"line":93,"column":30},"end":{"line":104,"column":5}},"52":{"start":{"line":94,"column":6},"end":{"line":103,"column":7}},"53":{"start":{"line":95,"column":21},"end":{"line":95,"column":49}},"54":{"start":{"line":96,"column":8},"end":{"line":100,"column":9}},"55":{"start":{"line":97,"column":10},"end":{"line":97,"column":67}},"56":{"start":{"line":99,"column":10},"end":{"line":99,"column":66}},"57":{"start":{"line":102,"column":8},"end":{"line":102,"column":28}},"58":{"start":{"line":105,"column":4},"end":{"line":105,"column":23}},"59":{"start":{"line":106,"column":4},"end":{"line":109,"column":5}},"60":{"start":{"line":107,"column":6},"end":{"line":107,"column":21}},"61":{"start":{"line":108,"column":6},"end":{"line":108,"column":29}},"62":{"start":{"line":117,"column":2},"end":{"line":123,"column":3}},"63":{"start":{"line":126,"column":0},"end":{"line":126,"column":69}}},"fnMap":{"0":{"name":"(anonymous_0)","decl":{"start":{"line":10,"column":16},"end":{"line":10,"column":17}},"loc":{"start":{"line":10,"column":35},"end":{"line":51,"column":1}},"line":10},"1":{"name":"(anonymous_1)","decl":{"start":{"line":31,"column":57},"end":{"line":31,"column":58}},"loc":{"start":{"line":31,"column":66},"end":{"line":31,"column":86}},"line":31},"2":{"name":"(anonymous_2)","decl":{"start":{"line":32,"column":21},"end":{"line":32,"column":22}},"loc":{"start":{"line":32,"column":30},"end":{"line":32,"column":57}},"line":32},"3":{"name":"(anonymous_3)","decl":{"start":{"line":54,"column":23},"end":{"line":54,"column":24}},"loc":{"start":{"line":54,"column":41},"end":{"line":124,"column":1}},"line":54},"4":{"name":"(anonymous_4)","decl":{"start":{"line":64,"column":18},"end":{"line":64,"column":19}},"loc":{"start":{"line":64,"column":24},"end":{"line":73,"column":3}},"line":64},"5":{"name":"(anonymous_5)","decl":{"start":{"line":65,"column":17},"end":{"line":65,"column":18}},"loc":{"start":{"line":65,"column":29},"end":{"line":71,"column":5}},"line":65},"6":{"name":"(anonymous_6)","decl":{"start":{"line":79,"column":18},"end":{"line":79,"column":19}},"loc":{"start":{"line":79,"column":24},"end":{"line":88,"column":3}},"line":79},"7":{"name":"(anonymous_7)","decl":{"start":{"line":80,"column":17},"end":{"line":80,"column":18}},"loc":{"start":{"line":80,"column":29},"end":{"line":86,"column":5}},"line":80},"8":{"name":"(anonymous_8)","decl":{"start":{"line":91,"column":18},"end":{"line":91,"column":19}},"loc":{"start":{"line":91,"column":24},"end":{"line":110,"column":3}},"line":91},"9":{"name":"(anonymous_9)","decl":{"start":{"line":93,"column":30},"end":{"line":93,"column":31}},"loc":{"start":{"line":93,"column":42},"end":{"line":104,"column":5}},"line":93},"10":{"name":"(anonymous_10)","decl":{"start":{"line":106,"column":11},"end":{"line":106,"column":12}},"loc":{"start":{"line":106,"column":17},"end":{"line":109,"column":5}},"line":106}},"branchMap":{"0":{"loc":{"start":{"line":13,"column":2},"end":{"line":50,"column":3}},"type":"switch","locations":[{"start":{"line":14,"column":4},"end":{"line":15,"column":47}},{"start":{"line":16,"column":4},"end":{"line":26,"column":21}},{"start":{"line":27,"column":4},"end":{"line":37,"column":5}},{"start":{"line":38,"column":4},"end":{"line":40,"column":21}},{"start":{"line":41,"column":4},"end":{"line":44,"column":21}},{"start":{"line":45,"column":4},"end":{"line":47,"column":21}},{"start":{"line":48,"column":4},"end":{"line":49,"column":53}}],"line":13},"1":{"loc":{"start":{"line":17,"column":6},"end":{"line":17,"column":48}},"type":"if","locations":[{"start":{"line":17,"column":6},"end":{"line":17,"column":48}},{"start":{"line":17,"column":6},"end":{"line":17,"column":48}}],"line":17},"2":{"loc":{"start":{"line":18,"column":6},"end":{"line":24,"column":7}},"type":"if","locations":[{"start":{"line":18,"column":6},"end":{"line":24,"column":7}},{"start":{"line":18,"column":6},"end":{"line":24,"column":7}}],"line":18},"3":{"loc":{"start":{"line":23,"column":8},"end":{"line":23,"column":77}},"type":"if","locations":[{"start":{"line":23,"column":8},"end":{"line":23,"column":77}},{"start":{"line":23,"column":8},"end":{"line":23,"column":77}}],"line":23},"4":{"loc":{"start":{"line":30,"column":6},"end":{"line":34,"column":7}},"type":"if","locations":[{"start":{"line":30,"column":6},"end":{"line":34,"column":7}},{"start":{"line":30,"column":6},"end":{"line":34,"column":7}}],"line":30},"5":{"loc":{"start":{"line":33,"column":8},"end":{"line":33,"column":77}},"type":"if","locations":[{"start":{"line":33,"column":8},"end":{"line":33,"column":77}},{"start":{"line":33,"column":8},"end":{"line":33,"column":77}}],"line":33},"6":{"loc":{"start":{"line":96,"column":8},"end":{"line":100,"column":9}},"type":"if","locations":[{"start":{"line":96,"column":8},"end":{"line":100,"column":9}},{"start":{"line":96,"column":8},"end":{"line":100,"column":9}}],"line":96},"7":{"loc":{"start":{"line":96,"column":12},"end":{"line":96,"column":27}},"type":"binary-expr","locations":[{"start":{"line":96,"column":12},"end":{"line":96,"column":19}},{"start":{"line":96,"column":23},"end":{"line":96,"column":27}}],"line":96}},"s":{"0":2,"1":0,"2":0,"3":0,"4":0,"5":0,"6":0,"7":0,"8":0,"9":0,"10":0,"11":0,"12":0,"13":0,"14":0,"15":0,"16":0,"17":0,"18":0,"19":0,"20":0,"21":0,"22":0,"23":0,"24":0,"25":0,"26":0,"27":0,"28":0,"29":0,"30":2,"31":2,"32":2,"33":0,"34":0,"35":0,"36":0,"37":0,"38":0,"39":0,"40":0,"41":0,"42":0,"43":0,"44":0,"45":0,"46":0,"47":0,"48":0,"49":0,"50":0,"51":0,"52":0,"53":0,"54":0,"55":0,"56":0,"57":0,"58":0,"59":0,"60":0,"61":0,"62":0,"63":2},"f":{"0":0,"1":0,"2":0,"3":0,"4":0,"5":0,"6":0,"7":0,"8":0,"9":0,"10":0},"b":{"0":[0,0,0,0,0,0,0],"1":[0,0],"2":[0,0],"3":[0,0],"4":[0,0],"5":[0,0],"6":[0,0],"7":[0,0]},"_coverageSchema":"43e27e138ebf9cfc5966b082cf9a028302ed4184","hash":"86a5201e901e3ecdd9a682aac2a60a45c158c203"}
,"/Users/jfh/Work/OIBus/src/client/helpers/utils.js": {"path":"/Users/jfh/Work/OIBus/src/client/helpers/utils.js","statementMap":{"0":{"start":{"line":1,"column":20},"end":{"line":21,"column":1}},"1":{"start":{"line":2,"column":13},"end":{"line":2,"column":21}},"2":{"start":{"line":3,"column":18},"end":{"line":3,"column":19}},"3":{"start":{"line":4,"column":2},"end":{"line":7,"column":3}},"4":{"start":{"line":5,"column":4},"end":{"line":5,"column":18}},"5":{"start":{"line":6,"column":4},"end":{"line":6,"column":25}},"6":{"start":{"line":8,"column":2},"end":{"line":20,"column":3}},"7":{"start":{"line":10,"column":19},"end":{"line":10,"column":37}},"8":{"start":{"line":11,"column":19},"end":{"line":11,"column":37}},"9":{"start":{"line":12,"column":4},"end":{"line":18,"column":5}},"10":{"start":{"line":13,"column":6},"end":{"line":13,"column":17}},"11":{"start":{"line":14,"column":11},"end":{"line":18,"column":5}},"12":{"start":{"line":15,"column":6},"end":{"line":15,"column":16}},"13":{"start":{"line":17,"column":6},"end":{"line":17,"column":16}},"14":{"start":{"line":19,"column":4},"end":{"line":19,"column":29}},"15":{"start":{"line":24,"column":2},"end":{"line":24,"column":40}},"16":{"start":{"line":27,"column":17},"end":{"line":41,"column":1}},"17":{"start":{"line":28,"column":16},"end":{"line":28,"column":31}},"18":{"start":{"line":29,"column":17},"end":{"line":29,"column":19}},"19":{"start":{"line":30,"column":18},"end":{"line":30,"column":43}},"20":{"start":{"line":32,"column":2},"end":{"line":39,"column":3}},"21":{"start":{"line":32,"column":15},"end":{"line":32,"column":16}},"22":{"start":{"line":33,"column":16},"end":{"line":33,"column":18}},"23":{"start":{"line":34,"column":24},"end":{"line":34,"column":49}},"24":{"start":{"line":35,"column":4},"end":{"line":37,"column":5}},"25":{"start":{"line":35,"column":17},"end":{"line":35,"column":18}},"26":{"start":{"line":36,"column":6},"end":{"line":36,"column":38}},"27":{"start":{"line":38,"column":4},"end":{"line":38,"column":20}},"28":{"start":{"line":40,"column":2},"end":{"line":40,"column":15}},"29":{"start":{"line":43,"column":28},"end":{"line":63,"column":1}},"30":{"start":{"line":44,"column":2},"end":{"line":44,"column":18}},"31":{"start":{"line":44,"column":12},"end":{"line":44,"column":18}},"32":{"start":{"line":45,"column":2},"end":{"line":50,"column":3}},"33":{"start":{"line":46,"column":4},"end":{"line":48,"column":6}},"34":{"start":{"line":47,"column":6},"end":{"line":47,"column":41}},"35":{"start":{"line":49,"column":4},"end":{"line":49,"column":10}},"36":{"start":{"line":51,"column":2},"end":{"line":53,"column":4}},"37":{"start":{"line":52,"column":4},"end":{"line":52,"column":34}},"38":{"start":{"line":52,"column":18},"end":{"line":52,"column":34}},"39":{"start":{"line":55,"column":2},"end":{"line":62,"column":3}},"40":{"start":{"line":56,"column":21},"end":{"line":56,"column":37}},"41":{"start":{"line":57,"column":4},"end":{"line":61,"column":5}},"42":{"start":{"line":58,"column":6},"end":{"line":60,"column":7}},"43":{"start":{"line":58,"column":19},"end":{"line":58,"column":20}},"44":{"start":{"line":59,"column":8},"end":{"line":59,"column":58}},"45":{"start":{"line":65,"column":32},"end":{"line":90,"column":1}},"46":{"start":{"line":66,"column":2},"end":{"line":66,"column":18}},"47":{"start":{"line":66,"column":12},"end":{"line":66,"column":18}},"48":{"start":{"line":67,"column":2},"end":{"line":77,"column":3}},"49":{"start":{"line":68,"column":4},"end":{"line":75,"column":6}},"50":{"start":{"line":69,"column":6},"end":{"line":73,"column":7}},"51":{"start":{"line":70,"column":8},"end":{"line":70,"column":52}},"52":{"start":{"line":72,"column":8},"end":{"line":72,"column":43}},"53":{"start":{"line":76,"column":4},"end":{"line":76,"column":10}},"54":{"start":{"line":78,"column":2},"end":{"line":80,"column":4}},"55":{"start":{"line":79,"column":4},"end":{"line":79,"column":43}},"56":{"start":{"line":79,"column":18},"end":{"line":79,"column":43}},"57":{"start":{"line":82,"column":2},"end":{"line":89,"column":3}},"58":{"start":{"line":83,"column":21},"end":{"line":83,"column":37}},"59":{"start":{"line":84,"column":4},"end":{"line":88,"column":5}},"60":{"start":{"line":85,"column":6},"end":{"line":87,"column":7}},"61":{"start":{"line":85,"column":19},"end":{"line":85,"column":20}},"62":{"start":{"line":86,"column":8},"end":{"line":86,"column":62}},"63":{"start":{"line":92,"column":22},"end":{"line":98,"column":1}},"64":{"start":{"line":93,"column":2},"end":{"line":97,"column":3}},"65":{"start":{"line":94,"column":4},"end":{"line":94,"column":45}},"66":{"start":{"line":96,"column":4},"end":{"line":96,"column":41}}},"fnMap":{"0":{"name":"(anonymous_0)","decl":{"start":{"line":1,"column":20},"end":{"line":1,"column":21}},"loc":{"start":{"line":1,"column":34},"end":{"line":21,"column":1}},"line":1},"1":{"name":"(anonymous_1)","decl":{"start":{"line":8,"column":9},"end":{"line":8,"column":10}},"loc":{"start":{"line":8,"column":19},"end":{"line":20,"column":3}},"line":8},"2":{"name":"jsonCopy","decl":{"start":{"line":23,"column":9},"end":{"line":23,"column":17}},"loc":{"start":{"line":23,"column":23},"end":{"line":25,"column":1}},"line":23},"3":{"name":"(anonymous_3)","decl":{"start":{"line":27,"column":17},"end":{"line":27,"column":18}},"loc":{"start":{"line":27,"column":37},"end":{"line":41,"column":1}},"line":27},"4":{"name":"(anonymous_4)","decl":{"start":{"line":43,"column":28},"end":{"line":43,"column":29}},"loc":{"start":{"line":43,"column":50},"end":{"line":63,"column":1}},"line":43},"5":{"name":"(anonymous_5)","decl":{"start":{"line":46,"column":16},"end":{"line":46,"column":17}},"loc":{"start":{"line":46,"column":23},"end":{"line":48,"column":5}},"line":46},"6":{"name":"(anonymous_6)","decl":{"start":{"line":51,"column":15},"end":{"line":51,"column":16}},"loc":{"start":{"line":51,"column":24},"end":{"line":53,"column":3}},"line":51},"7":{"name":"(anonymous_7)","decl":{"start":{"line":65,"column":32},"end":{"line":65,"column":33}},"loc":{"start":{"line":65,"column":54},"end":{"line":90,"column":1}},"line":65},"8":{"name":"(anonymous_8)","decl":{"start":{"line":68,"column":16},"end":{"line":68,"column":17}},"loc":{"start":{"line":68,"column":23},"end":{"line":75,"column":5}},"line":68},"9":{"name":"(anonymous_9)","decl":{"start":{"line":78,"column":15},"end":{"line":78,"column":16}},"loc":{"start":{"line":78,"column":24},"end":{"line":80,"column":3}},"line":78},"10":{"name":"(anonymous_10)","decl":{"start":{"line":92,"column":22},"end":{"line":92,"column":23}},"loc":{"start":{"line":92,"column":60},"end":{"line":98,"column":1}},"line":92}},"branchMap":{"0":{"loc":{"start":{"line":4,"column":2},"end":{"line":7,"column":3}},"type":"if","locations":[{"start":{"line":4,"column":2},"end":{"line":7,"column":3}},{"start":{"line":4,"column":2},"end":{"line":7,"column":3}}],"line":4},"1":{"loc":{"start":{"line":12,"column":4},"end":{"line":18,"column":5}},"type":"if","locations":[{"start":{"line":12,"column":4},"end":{"line":18,"column":5}},{"start":{"line":12,"column":4},"end":{"line":18,"column":5}}],"line":12},"2":{"loc":{"start":{"line":14,"column":11},"end":{"line":18,"column":5}},"type":"if","locations":[{"start":{"line":14,"column":11},"end":{"line":18,"column":5}},{"start":{"line":14,"column":11},"end":{"line":18,"column":5}}],"line":14},"3":{"loc":{"start":{"line":44,"column":2},"end":{"line":44,"column":18}},"type":"if","locations":[{"start":{"line":44,"column":2},"end":{"line":44,"column":18}},{"start":{"line":44,"column":2},"end":{"line":44,"column":18}}],"line":44},"4":{"loc":{"start":{"line":45,"column":2},"end":{"line":50,"column":3}},"type":"if","locations":[{"start":{"line":45,"column":2},"end":{"line":50,"column":3}},{"start":{"line":45,"column":2},"end":{"line":50,"column":3}}],"line":45},"5":{"loc":{"start":{"line":52,"column":4},"end":{"line":52,"column":34}},"type":"if","locations":[{"start":{"line":52,"column":4},"end":{"line":52,"column":34}},{"start":{"line":52,"column":4},"end":{"line":52,"column":34}}],"line":52},"6":{"loc":{"start":{"line":55,"column":2},"end":{"line":62,"column":3}},"type":"if","locations":[{"start":{"line":55,"column":2},"end":{"line":62,"column":3}},{"start":{"line":55,"column":2},"end":{"line":62,"column":3}}],"line":55},"7":{"loc":{"start":{"line":55,"column":6},"end":{"line":55,"column":49}},"type":"binary-expr","locations":[{"start":{"line":55,"column":7},"end":{"line":55,"column":30}},{"start":{"line":55,"column":36},"end":{"line":55,"column":48}}],"line":55},"8":{"loc":{"start":{"line":57,"column":4},"end":{"line":61,"column":5}},"type":"if","locations":[{"start":{"line":57,"column":4},"end":{"line":61,"column":5}},{"start":{"line":57,"column":4},"end":{"line":61,"column":5}}],"line":57},"9":{"loc":{"start":{"line":66,"column":2},"end":{"line":66,"column":18}},"type":"if","locations":[{"start":{"line":66,"column":2},"end":{"line":66,"column":18}},{"start":{"line":66,"column":2},"end":{"line":66,"column":18}}],"line":66},"10":{"loc":{"start":{"line":67,"column":2},"end":{"line":77,"column":3}},"type":"if","locations":[{"start":{"line":67,"column":2},"end":{"line":77,"column":3}},{"start":{"line":67,"column":2},"end":{"line":77,"column":3}}],"line":67},"11":{"loc":{"start":{"line":69,"column":6},"end":{"line":73,"column":7}},"type":"if","locations":[{"start":{"line":69,"column":6},"end":{"line":73,"column":7}},{"start":{"line":69,"column":6},"end":{"line":73,"column":7}}],"line":69},"12":{"loc":{"start":{"line":69,"column":10},"end":{"line":69,"column":64}},"type":"binary-expr","locations":[{"start":{"line":69,"column":10},"end":{"line":69,"column":36}},{"start":{"line":69,"column":40},"end":{"line":69,"column":64}}],"line":69},"13":{"loc":{"start":{"line":79,"column":4},"end":{"line":79,"column":43}},"type":"if","locations":[{"start":{"line":79,"column":4},"end":{"line":79,"column":43}},{"start":{"line":79,"column":4},"end":{"line":79,"column":43}}],"line":79},"14":{"loc":{"start":{"line":82,"column":2},"end":{"line":89,"column":3}},"type":"if","locations":[{"start":{"line":82,"column":2},"end":{"line":89,"column":3}},{"start":{"line":82,"column":2},"end":{"line":89,"column":3}}],"line":82},"15":{"loc":{"start":{"line":82,"column":6},"end":{"line":82,"column":49}},"type":"binary-expr","locations":[{"start":{"line":82,"column":7},"end":{"line":82,"column":30}},{"start":{"line":82,"column":36},"end":{"line":82,"column":48}}],"line":82},"16":{"loc":{"start":{"line":84,"column":4},"end":{"line":88,"column":5}},"type":"if","locations":[{"start":{"line":84,"column":4},"end":{"line":88,"column":5}},{"start":{"line":84,"column":4},"end":{"line":88,"column":5}}],"line":84},"17":{"loc":{"start":{"line":92,"column":41},"end":{"line":92,"column":55}},"type":"default-arg","locations":[{"start":{"line":92,"column":50},"end":{"line":92,"column":55}}],"line":92},"18":{"loc":{"start":{"line":93,"column":2},"end":{"line":97,"column":3}},"type":"if","locations":[{"start":{"line":93,"column":2},"end":{"line":97,"column":3}},{"start":{"line":93,"column":2},"end":{"line":97,"column":3}}],"line":93}},"s":{"0":2,"1":0,"2":0,"3":0,"4":0,"5":0,"6":0,"7":0,"8":0,"9":0,"10":0,"11":0,"12":0,"13":0,"14":0,"15":0,"16":2,"17":0,"18":0,"19":0,"20":0,"21":0,"22":0,"23":0,"24":0,"25":0,"26":0,"27":0,"28":0,"29":2,"30":572,"31":40,"32":532,"33":34,"34":78,"35":34,"36":498,"37":996,"38":10,"39":498,"40":114,"41":114,"42":112,"43":112,"44":492,"45":2,"46":0,"47":0,"48":0,"49":0,"50":0,"51":0,"52":0,"53":0,"54":0,"55":0,"56":0,"57":0,"58":0,"59":0,"60":0,"61":0,"62":0,"63":2,"64":2,"65":0,"66":2},"f":{"0":0,"1":0,"2":0,"3":0,"4":572,"5":78,"6":996,"7":0,"8":0,"9":0,"10":2},"b":{"0":[0,0],"1":[0,0],"2":[0,0],"3":[40,532],"4":[34,498],"5":[10,986],"6":[114,384],"7":[498,114],"8":[112,2],"9":[0,0],"10":[0,0],"11":[0,0],"12":[0,0],"13":[0,0],"14":[0,0],"15":[0,0],"16":[0,0],"17":[2],"18":[0,2]},"_coverageSchema":"43e27e138ebf9cfc5966b082cf9a028302ed4184","hash":"91953ea47ebc298df91053f10cd9215b4d2718c9"}
,"/Users/jfh/Work/OIBus/src/client/services/apis.js": {"path":"/Users/jfh/Work/OIBus/src/client/services/apis.js","statementMap":{"0":{"start":{"line":1,"column":27},"end":{"line":3,"column":1}},"1":{"start":{"line":2,"column":2},"end":{"line":2,"column":79}},"2":{"start":{"line":5,"column":19},"end":{"line":18,"column":1}},"3":{"start":{"line":6,"column":13},"end":{"line":6,"column":15}},"4":{"start":{"line":7,"column":2},"end":{"line":17,"column":3}},"5":{"start":{"line":8,"column":21},"end":{"line":8,"column":56}},"6":{"start":{"line":9,"column":4},"end":{"line":11,"column":5}},"7":{"start":{"line":10,"column":6},"end":{"line":10,"column":51}},"8":{"start":{"line":12,"column":4},"end":{"line":12,"column":32}},"9":{"start":{"line":13,"column":4},"end":{"line":13,"column":27}},"10":{"start":{"line":15,"column":4},"end":{"line":15,"column":60}},"11":{"start":{"line":16,"column":4},"end":{"line":16,"column":26}},"12":{"start":{"line":20,"column":28},"end":{"line":26,"column":1}},"13":{"start":{"line":21,"column":15},"end":{"line":21,"column":42}},"14":{"start":{"line":22,"column":2},"end":{"line":22,"column":17}},"15":{"start":{"line":23,"column":2},"end":{"line":23,"column":33}},"16":{"start":{"line":24,"column":2},"end":{"line":24,"column":14}},"17":{"start":{"line":25,"column":2},"end":{"line":25,"column":33}},"18":{"start":{"line":28,"column":19},"end":{"line":45,"column":1}},"19":{"start":{"line":29,"column":2},"end":{"line":44,"column":3}},"20":{"start":{"line":30,"column":21},"end":{"line":37,"column":6}},"21":{"start":{"line":38,"column":4},"end":{"line":40,"column":5}},"22":{"start":{"line":39,"column":6},"end":{"line":39,"column":51}},"23":{"start":{"line":41,"column":4},"end":{"line":41,"column":19}},"24":{"start":{"line":43,"column":4},"end":{"line":43,"column":26}},"25":{"start":{"line":47,"column":26},"end":{"line":47,"column":67}},"26":{"start":{"line":47,"column":32},"end":{"line":47,"column":67}},"27":{"start":{"line":48,"column":21},"end":{"line":48,"column":62}},"28":{"start":{"line":48,"column":27},"end":{"line":48,"column":62}},"29":{"start":{"line":49,"column":18},"end":{"line":49,"column":45}},"30":{"start":{"line":49,"column":24},"end":{"line":49,"column":45}},"31":{"start":{"line":50,"column":21},"end":{"line":50,"column":58}},"32":{"start":{"line":50,"column":31},"end":{"line":50,"column":58}},"33":{"start":{"line":51,"column":24},"end":{"line":51,"column":58}},"34":{"start":{"line":51,"column":30},"end":{"line":51,"column":58}},"35":{"start":{"line":52,"column":27},"end":{"line":52,"column":63}},"36":{"start":{"line":52,"column":33},"end":{"line":52,"column":63}},"37":{"start":{"line":53,"column":28},"end":{"line":53,"column":61}},"38":{"start":{"line":53,"column":34},"end":{"line":53,"column":61}},"39":{"start":{"line":54,"column":24},"end":{"line":54,"column":108}},"40":{"start":{"line":54,"column":42},"end":{"line":54,"column":108}},"41":{"start":{"line":56,"column":16},"end":{"line":56,"column":143}},"42":{"start":{"line":56,"column":49},"end":{"line":56,"column":143}},"43":{"start":{"line":57,"column":18},"end":{"line":57,"column":45}},"44":{"start":{"line":57,"column":24},"end":{"line":57,"column":45}}},"fnMap":{"0":{"name":"(anonymous_0)","decl":{"start":{"line":1,"column":27},"end":{"line":1,"column":28}},"loc":{"start":{"line":2,"column":2},"end":{"line":2,"column":79}},"line":2},"1":{"name":"(anonymous_1)","decl":{"start":{"line":5,"column":19},"end":{"line":5,"column":20}},"loc":{"start":{"line":5,"column":34},"end":{"line":18,"column":1}},"line":5},"2":{"name":"(anonymous_2)","decl":{"start":{"line":20,"column":28},"end":{"line":20,"column":29}},"loc":{"start":{"line":20,"column":43},"end":{"line":26,"column":1}},"line":20},"3":{"name":"(anonymous_3)","decl":{"start":{"line":28,"column":19},"end":{"line":28,"column":20}},"loc":{"start":{"line":28,"column":40},"end":{"line":45,"column":1}},"line":28},"4":{"name":"(anonymous_4)","decl":{"start":{"line":47,"column":26},"end":{"line":47,"column":27}},"loc":{"start":{"line":47,"column":32},"end":{"line":47,"column":67}},"line":47},"5":{"name":"(anonymous_5)","decl":{"start":{"line":48,"column":21},"end":{"line":48,"column":22}},"loc":{"start":{"line":48,"column":27},"end":{"line":48,"column":62}},"line":48},"6":{"name":"(anonymous_6)","decl":{"start":{"line":49,"column":18},"end":{"line":49,"column":19}},"loc":{"start":{"line":49,"column":24},"end":{"line":49,"column":45}},"line":49},"7":{"name":"(anonymous_7)","decl":{"start":{"line":50,"column":21},"end":{"line":50,"column":22}},"loc":{"start":{"line":50,"column":31},"end":{"line":50,"column":58}},"line":50},"8":{"name":"(anonymous_8)","decl":{"start":{"line":51,"column":24},"end":{"line":51,"column":25}},"loc":{"start":{"line":51,"column":30},"end":{"line":51,"column":58}},"line":51},"9":{"name":"(anonymous_9)","decl":{"start":{"line":52,"column":27},"end":{"line":52,"column":28}},"loc":{"start":{"line":52,"column":33},"end":{"line":52,"column":63}},"line":52},"10":{"name":"(anonymous_10)","decl":{"start":{"line":53,"column":28},"end":{"line":53,"column":29}},"loc":{"start":{"line":53,"column":34},"end":{"line":53,"column":61}},"line":53},"11":{"name":"(anonymous_11)","decl":{"start":{"line":54,"column":24},"end":{"line":54,"column":25}},"loc":{"start":{"line":54,"column":42},"end":{"line":54,"column":108}},"line":54},"12":{"name":"(anonymous_12)","decl":{"start":{"line":56,"column":16},"end":{"line":56,"column":17}},"loc":{"start":{"line":56,"column":49},"end":{"line":56,"column":143}},"line":56},"13":{"name":"(anonymous_13)","decl":{"start":{"line":57,"column":18},"end":{"line":57,"column":19}},"loc":{"start":{"line":57,"column":24},"end":{"line":57,"column":45}},"line":57}},"branchMap":{"0":{"loc":{"start":{"line":2,"column":23},"end":{"line":2,"column":77}},"type":"cond-expr","locations":[{"start":{"line":2,"column":45},"end":{"line":2,"column":72}},{"start":{"line":2,"column":75},"end":{"line":2,"column":77}}],"line":2},"1":{"loc":{"start":{"line":9,"column":4},"end":{"line":11,"column":5}},"type":"if","locations":[{"start":{"line":9,"column":4},"end":{"line":11,"column":5}},{"start":{"line":9,"column":4},"end":{"line":11,"column":5}}],"line":9},"2":{"loc":{"start":{"line":38,"column":4},"end":{"line":40,"column":5}},"type":"if","locations":[{"start":{"line":38,"column":4},"end":{"line":40,"column":5}},{"start":{"line":38,"column":4},"end":{"line":40,"column":5}}],"line":38},"3":{"loc":{"start":{"line":56,"column":78},"end":{"line":56,"column":92}},"type":"binary-expr","locations":[{"start":{"line":56,"column":78},"end":{"line":56,"column":86}},{"start":{"line":56,"column":90},"end":{"line":56,"column":92}}],"line":56},"4":{"loc":{"start":{"line":56,"column":103},"end":{"line":56,"column":115}},"type":"binary-expr","locations":[{"start":{"line":56,"column":103},"end":{"line":56,"column":109}},{"start":{"line":56,"column":113},"end":{"line":56,"column":115}}],"line":56}},"s":{"0":2,"1":0,"2":2,"3":0,"4":0,"5":0,"6":0,"7":0,"8":0,"9":0,"10":0,"11":0,"12":2,"13":0,"14":0,"15":0,"16":0,"17":0,"18":2,"19":0,"20":0,"21":0,"22":0,"23":0,"24":0,"25":2,"26":0,"27":2,"28":0,"29":2,"30":0,"31":2,"32":0,"33":2,"34":0,"35":2,"36":0,"37":2,"38":0,"39":2,"40":0,"41":2,"42":0,"43":2,"44":0},"f":{"0":0,"1":0,"2":0,"3":0,"4":0,"5":0,"6":0,"7":0,"8":0,"9":0,"10":0,"11":0,"12":0,"13":0},"b":{"0":[0,0],"1":[0,0],"2":[0,0],"3":[0,0],"4":[0,0]},"_coverageSchema":"43e27e138ebf9cfc5966b082cf9a028302ed4184","hash":"25862f9d4afc629049320c43c7e640a51611d339"}
,"/Users/jfh/Work/OIBus/src/engine/Cache.class.js": {"path":"/Users/jfh/Work/OIBus/src/engine/Cache.class.js","statementMap":{"0":{"start":{"line":1,"column":11},"end":{"line":1,"column":24}},"1":{"start":{"line":2,"column":13},"end":{"line":2,"column":28}},"2":{"start":{"line":4,"column":24},"end":{"line":4,"column":63}},"3":{"start":{"line":5,"column":14},"end":{"line":5,"column":48}},"4":{"start":{"line":6,"column":15},"end":{"line":6,"column":40}},"5":{"start":{"line":23,"column":4},"end":{"line":23,"column":24}},"6":{"start":{"line":24,"column":4},"end":{"line":24,"column":37}},"7":{"start":{"line":26,"column":29},"end":{"line":26,"column":61}},"8":{"start":{"line":27,"column":56},"end":{"line":27,"column":76}},"9":{"start":{"line":28,"column":4},"end":{"line":28,"column":34}},"10":{"start":{"line":30,"column":4},"end":{"line":30,"column":48}},"11":{"start":{"line":31,"column":4},"end":{"line":34,"column":5}},"12":{"start":{"line":32,"column":6},"end":{"line":32,"column":70}},"13":{"start":{"line":33,"column":6},"end":{"line":33,"column":57}},"14":{"start":{"line":36,"column":4},"end":{"line":36,"column":52}},"15":{"start":{"line":37,"column":4},"end":{"line":40,"column":5}},"16":{"start":{"line":38,"column":6},"end":{"line":38,"column":74}},"17":{"start":{"line":39,"column":6},"end":{"line":39,"column":59}},"18":{"start":{"line":42,"column":4},"end":{"line":42,"column":18}},"19":{"start":{"line":44,"column":4},"end":{"line":44,"column":28}},"20":{"start":{"line":45,"column":4},"end":{"line":45,"column":31}},"21":{"start":{"line":47,"column":4},"end":{"line":47,"column":28}},"22":{"start":{"line":49,"column":4},"end":{"line":49,"column":24}},"23":{"start":{"line":58,"column":16},"end":{"line":64,"column":5}},"24":{"start":{"line":66,"column":4},"end":{"line":70,"column":5}},"25":{"start":{"line":67,"column":6},"end":{"line":67,"column":78}},"26":{"start":{"line":68,"column":6},"end":{"line":68,"column":110}},"27":{"start":{"line":69,"column":6},"end":{"line":69,"column":84}},"28":{"start":{"line":71,"column":4},"end":{"line":71,"column":38}},"29":{"start":{"line":72,"column":4},"end":{"line":76,"column":5}},"30":{"start":{"line":73,"column":6},"end":{"line":73,"column":53}},"31":{"start":{"line":75,"column":6},"end":{"line":75,"column":94}},"32":{"start":{"line":86,"column":4},"end":{"line":86,"column":65}},"33":{"start":{"line":87,"column":4},"end":{"line":87,"column":102}},"34":{"start":{"line":88,"column":4},"end":{"line":88,"column":88}},"35":{"start":{"line":90,"column":20},"end":{"line":90,"column":95}},"36":{"start":{"line":90,"column":65},"end":{"line":90,"column":94}},"37":{"start":{"line":91,"column":4},"end":{"line":91,"column":30}},"38":{"start":{"line":102,"column":4},"end":{"line":102,"column":78}},"39":{"start":{"line":102,"column":67},"end":{"line":102,"column":78}},"40":{"start":{"line":103,"column":4},"end":{"line":103,"column":46}},"41":{"start":{"line":116,"column":79},"end":{"line":116,"column":82}},"42":{"start":{"line":118,"column":4},"end":{"line":132,"column":5}},"43":{"start":{"line":120,"column":6},"end":{"line":120,"column":92}},"44":{"start":{"line":123,"column":6},"end":{"line":123,"column":80}},"45":{"start":{"line":127,"column":20},"end":{"line":127,"column":60}},"46":{"start":{"line":128,"column":6},"end":{"line":131,"column":7}},"47":{"start":{"line":129,"column":8},"end":{"line":129,"column":79}},"48":{"start":{"line":130,"column":8},"end":{"line":130,"column":18}},"49":{"start":{"line":133,"column":4},"end":{"line":133,"column":15}},"50":{"start":{"line":145,"column":4},"end":{"line":159,"column":5}},"51":{"start":{"line":147,"column":6},"end":{"line":147,"column":90}},"52":{"start":{"line":150,"column":22},"end":{"line":150,"column":110}},"53":{"start":{"line":150,"column":60},"end":{"line":150,"column":109}},"54":{"start":{"line":151,"column":29},"end":{"line":151,"column":55}},"55":{"start":{"line":152,"column":6},"end":{"line":156,"column":8}},"56":{"start":{"line":153,"column":8},"end":{"line":155,"column":9}},"57":{"start":{"line":154,"column":10},"end":{"line":154,"column":42}},"58":{"start":{"line":158,"column":6},"end":{"line":158,"column":30}},"59":{"start":{"line":171,"column":60},"end":{"line":171,"column":63}},"60":{"start":{"line":172,"column":4},"end":{"line":180,"column":5}},"61":{"start":{"line":174,"column":6},"end":{"line":174,"column":80}},"62":{"start":{"line":177,"column":6},"end":{"line":177,"column":83}},"63":{"start":{"line":178,"column":6},"end":{"line":178,"column":93}},"64":{"start":{"line":179,"column":6},"end":{"line":179,"column":16}},"65":{"start":{"line":181,"column":4},"end":{"line":181,"column":15}},"66":{"start":{"line":193,"column":4},"end":{"line":193,"column":76}},"67":{"start":{"line":196,"column":4},"end":{"line":196,"column":106}},"68":{"start":{"line":197,"column":22},"end":{"line":197,"column":42}},"69":{"start":{"line":198,"column":26},"end":{"line":198,"column":96}},"70":{"start":{"line":199,"column":22},"end":{"line":199,"column":64}},"71":{"start":{"line":201,"column":4},"end":{"line":216,"column":5}},"72":{"start":{"line":203,"column":6},"end":{"line":203,"column":65}},"73":{"start":{"line":206,"column":22},"end":{"line":206,"column":122}},"74":{"start":{"line":206,"column":60},"end":{"line":206,"column":121}},"75":{"start":{"line":207,"column":29},"end":{"line":207,"column":55}},"76":{"start":{"line":209,"column":6},"end":{"line":213,"column":8}},"77":{"start":{"line":210,"column":8},"end":{"line":212,"column":9}},"78":{"start":{"line":211,"column":10},"end":{"line":211,"column":42}},"79":{"start":{"line":215,"column":6},"end":{"line":215,"column":30}},"80":{"start":{"line":228,"column":4},"end":{"line":259,"column":6}},"81":{"start":{"line":229,"column":6},"end":{"line":258,"column":7}},"82":{"start":{"line":230,"column":8},"end":{"line":255,"column":9}},"83":{"start":{"line":231,"column":10},"end":{"line":231,"column":90}},"84":{"start":{"line":232,"column":10},"end":{"line":235,"column":12}},"85":{"start":{"line":233,"column":12},"end":{"line":233,"column":42}},"86":{"start":{"line":233,"column":27},"end":{"line":233,"column":42}},"87":{"start":{"line":234,"column":12},"end":{"line":234,"column":21}},"88":{"start":{"line":237,"column":10},"end":{"line":237,"column":94}},"89":{"start":{"line":238,"column":10},"end":{"line":254,"column":12}},"90":{"start":{"line":239,"column":12},"end":{"line":253,"column":13}},"91":{"start":{"line":241,"column":14},"end":{"line":241,"column":65}},"92":{"start":{"line":241,"column":48},"end":{"line":241,"column":65}},"93":{"start":{"line":242,"column":14},"end":{"line":242,"column":92}},"94":{"start":{"line":243,"column":14},"end":{"line":250,"column":16}},"95":{"start":{"line":244,"column":16},"end":{"line":244,"column":46}},"96":{"start":{"line":244,"column":31},"end":{"line":244,"column":46}},"97":{"start":{"line":245,"column":16},"end":{"line":248,"column":18}},"98":{"start":{"line":247,"column":18},"end":{"line":247,"column":65}},"99":{"start":{"line":247,"column":35},"end":{"line":247,"column":65}},"100":{"start":{"line":249,"column":16},"end":{"line":249,"column":25}},"101":{"start":{"line":252,"column":14},"end":{"line":252,"column":23}},"102":{"start":{"line":257,"column":8},"end":{"line":257,"column":21}},"103":{"start":{"line":268,"column":71},"end":{"line":268,"column":74}},"104":{"start":{"line":269,"column":18},"end":{"line":269,"column":22}},"105":{"start":{"line":271,"column":4},"end":{"line":271,"column":114}},"106":{"start":{"line":273,"column":4},"end":{"line":292,"column":5}},"107":{"start":{"line":274,"column":6},"end":{"line":274,"column":47}},"108":{"start":{"line":275,"column":6},"end":{"line":275,"column":51}},"109":{"start":{"line":277,"column":6},"end":{"line":279,"column":7}},"110":{"start":{"line":278,"column":8},"end":{"line":278,"column":55}},"111":{"start":{"line":281,"column":6},"end":{"line":283,"column":7}},"112":{"start":{"line":282,"column":8},"end":{"line":282,"column":54}},"113":{"start":{"line":285,"column":29},"end":{"line":285,"column":92}},"114":{"start":{"line":286,"column":22},"end":{"line":286,"column":69}},"115":{"start":{"line":287,"column":6},"end":{"line":287,"column":37}},"116":{"start":{"line":289,"column":6},"end":{"line":289,"column":48}},"117":{"start":{"line":291,"column":6},"end":{"line":291,"column":50}},"118":{"start":{"line":301,"column":4},"end":{"line":301,"column":87}},"119":{"start":{"line":302,"column":48},"end":{"line":302,"column":59}},"120":{"start":{"line":304,"column":4},"end":{"line":322,"column":5}},"121":{"start":{"line":305,"column":21},"end":{"line":305,"column":89}},"122":{"start":{"line":307,"column":6},"end":{"line":318,"column":7}},"123":{"start":{"line":308,"column":8},"end":{"line":308,"column":126}},"124":{"start":{"line":309,"column":24},"end":{"line":309,"column":86}},"125":{"start":{"line":310,"column":8},"end":{"line":310,"column":113}},"126":{"start":{"line":311,"column":8},"end":{"line":317,"column":9}},"127":{"start":{"line":312,"column":26},"end":{"line":312,"column":82}},"128":{"start":{"line":313,"column":10},"end":{"line":313,"column":110}},"129":{"start":{"line":314,"column":10},"end":{"line":316,"column":11}},"130":{"start":{"line":315,"column":12},"end":{"line":315,"column":105}},"131":{"start":{"line":320,"column":6},"end":{"line":320,"column":30}},"132":{"start":{"line":321,"column":6},"end":{"line":321,"column":18}},"133":{"start":{"line":323,"column":4},"end":{"line":323,"column":15}},"134":{"start":{"line":332,"column":30},"end":{"line":332,"column":41}},"135":{"start":{"line":333,"column":4},"end":{"line":333,"column":74}},"136":{"start":{"line":335,"column":4},"end":{"line":361,"column":5}},"137":{"start":{"line":336,"column":23},"end":{"line":336,"column":93}},"138":{"start":{"line":337,"column":6},"end":{"line":337,"column":70}},"139":{"start":{"line":339,"column":6},"end":{"line":342,"column":7}},"140":{"start":{"line":340,"column":8},"end":{"line":340,"column":68}},"141":{"start":{"line":341,"column":8},"end":{"line":341,"column":19}},"142":{"start":{"line":344,"column":6},"end":{"line":349,"column":7}},"143":{"start":{"line":346,"column":8},"end":{"line":346,"column":89}},"144":{"start":{"line":347,"column":8},"end":{"line":347,"column":98}},"145":{"start":{"line":348,"column":8},"end":{"line":348,"column":20}},"146":{"start":{"line":350,"column":6},"end":{"line":350,"column":105}},"147":{"start":{"line":351,"column":22},"end":{"line":351,"column":73}},"148":{"start":{"line":352,"column":6},"end":{"line":356,"column":7}},"149":{"start":{"line":353,"column":8},"end":{"line":353,"column":103}},"150":{"start":{"line":354,"column":8},"end":{"line":354,"column":89}},"151":{"start":{"line":355,"column":8},"end":{"line":355,"column":43}},"152":{"start":{"line":357,"column":6},"end":{"line":357,"column":20}},"153":{"start":{"line":359,"column":6},"end":{"line":359,"column":30}},"154":{"start":{"line":360,"column":6},"end":{"line":360,"column":18}},"155":{"start":{"line":370,"column":4},"end":{"line":370,"column":57}},"156":{"start":{"line":371,"column":18},"end":{"line":371,"column":82}},"157":{"start":{"line":372,"column":4},"end":{"line":405,"column":5}},"158":{"start":{"line":373,"column":31},"end":{"line":373,"column":54}},"159":{"start":{"line":374,"column":26},"end":{"line":374,"column":73}},"160":{"start":{"line":376,"column":6},"end":{"line":404,"column":7}},"161":{"start":{"line":379,"column":10},"end":{"line":385,"column":12}},"162":{"start":{"line":380,"column":12},"end":{"line":384,"column":13}},"163":{"start":{"line":381,"column":14},"end":{"line":381,"column":44}},"164":{"start":{"line":383,"column":14},"end":{"line":383,"column":58}},"165":{"start":{"line":386,"column":10},"end":{"line":386,"column":15}},"166":{"start":{"line":389,"column":10},"end":{"line":391,"column":11}},"167":{"start":{"line":390,"column":12},"end":{"line":390,"column":65}},"168":{"start":{"line":394,"column":10},"end":{"line":400,"column":12}},"169":{"start":{"line":395,"column":12},"end":{"line":399,"column":13}},"170":{"start":{"line":396,"column":14},"end":{"line":396,"column":44}},"171":{"start":{"line":398,"column":14},"end":{"line":398,"column":74}},"172":{"start":{"line":401,"column":10},"end":{"line":401,"column":15}},"173":{"start":{"line":403,"column":10},"end":{"line":403,"column":72}},"174":{"start":{"line":415,"column":4},"end":{"line":417,"column":5}},"175":{"start":{"line":416,"column":6},"end":{"line":416,"column":39}},"176":{"start":{"line":418,"column":4},"end":{"line":418,"column":88}},"177":{"start":{"line":430,"column":4},"end":{"line":435,"column":6}},"178":{"start":{"line":431,"column":21},"end":{"line":431,"column":23}},"179":{"start":{"line":432,"column":6},"end":{"line":432,"column":64}},"180":{"start":{"line":433,"column":6},"end":{"line":433,"column":63}},"181":{"start":{"line":434,"column":6},"end":{"line":434,"column":19}},"182":{"start":{"line":444,"column":22},"end":{"line":444,"column":83}},"183":{"start":{"line":444,"column":63},"end":{"line":444,"column":82}},"184":{"start":{"line":445,"column":30},"end":{"line":445,"column":88}},"185":{"start":{"line":445,"column":53},"end":{"line":445,"column":87}},"186":{"start":{"line":446,"column":35},"end":{"line":446,"column":97}},"187":{"start":{"line":446,"column":58},"end":{"line":446,"column":96}},"188":{"start":{"line":447,"column":29},"end":{"line":447,"column":70}},"189":{"start":{"line":448,"column":27},"end":{"line":448,"column":100}},"190":{"start":{"line":451,"column":21},"end":{"line":451,"column":81}},"191":{"start":{"line":451,"column":62},"end":{"line":451,"column":80}},"192":{"start":{"line":452,"column":29},"end":{"line":452,"column":86}},"193":{"start":{"line":452,"column":51},"end":{"line":452,"column":85}},"194":{"start":{"line":453,"column":34},"end":{"line":453,"column":130}},"195":{"start":{"line":453,"column":56},"end":{"line":453,"column":129}},"196":{"start":{"line":454,"column":28},"end":{"line":454,"column":68}},"197":{"start":{"line":455,"column":26},"end":{"line":455,"column":96}},"198":{"start":{"line":458,"column":4},"end":{"line":458,"column":117}},"199":{"start":{"line":458,"column":81},"end":{"line":458,"column":110}},"200":{"start":{"line":466,"column":22},"end":{"line":466,"column":54}},"201":{"start":{"line":467,"column":27},"end":{"line":471,"column":6}},"202":{"start":{"line":468,"column":21},"end":{"line":468,"column":23}},"203":{"start":{"line":469,"column":6},"end":{"line":469,"column":66}},"204":{"start":{"line":470,"column":6},"end":{"line":470,"column":19}},"205":{"start":{"line":472,"column":4},"end":{"line":472,"column":94}},"206":{"start":{"line":472,"column":58},"end":{"line":472,"column":87}},"207":{"start":{"line":476,"column":0},"end":{"line":476,"column":22}}},"fnMap":{"0":{"name":"(anonymous_0)","decl":{"start":{"line":22,"column":2},"end":{"line":22,"column":3}},"loc":{"start":{"line":22,"column":22},"end":{"line":50,"column":3}},"line":22},"1":{"name":"(anonymous_1)","decl":{"start":{"line":57,"column":2},"end":{"line":57,"column":3}},"loc":{"start":{"line":57,"column":33},"end":{"line":77,"column":3}},"line":57},"2":{"name":"(anonymous_2)","decl":{"start":{"line":85,"column":2},"end":{"line":85,"column":3}},"loc":{"start":{"line":85,"column":31},"end":{"line":92,"column":3}},"line":85},"3":{"name":"(anonymous_3)","decl":{"start":{"line":90,"column":50},"end":{"line":90,"column":51}},"loc":{"start":{"line":90,"column":65},"end":{"line":90,"column":94}},"line":90},"4":{"name":"(anonymous_4)","decl":{"start":{"line":101,"column":2},"end":{"line":101,"column":3}},"loc":{"start":{"line":101,"column":50},"end":{"line":104,"column":3}},"line":101},"5":{"name":"(anonymous_5)","decl":{"start":{"line":115,"column":2},"end":{"line":115,"column":3}},"loc":{"start":{"line":115,"column":53},"end":{"line":134,"column":3}},"line":115},"6":{"name":"(anonymous_6)","decl":{"start":{"line":144,"column":2},"end":{"line":144,"column":3}},"loc":{"start":{"line":144,"column":42},"end":{"line":160,"column":3}},"line":144},"7":{"name":"(anonymous_7)","decl":{"start":{"line":150,"column":51},"end":{
[...]
,"/Users/jfh/Work/OIBus/src/south/SQLDbToFile/SQLDbToFile.class.js": {"path":"/Users/jfh/Work/OIBus/src/south/SQLDbToFile/SQLDbToFile.class.js","statementMap":{"0":{"start":{"line":1,"column":11},"end":{"line":1,"column":24}},"1":{"start":{"line":2,"column":13},"end":{"line":2,"column":28}},"2":{"start":{"line":4,"column":14},"end":{"line":4,"column":30}},"3":{"start":{"line":5,"column":14},"end":{"line":5,"column":39}},"4":{"start":{"line":6,"column":26},"end":{"line":6,"column":39}},"5":{"start":{"line":7,"column":17},"end":{"line":7,"column":36}},"6":{"start":{"line":8,"column":12},"end":{"line":8,"column":31}},"7":{"start":{"line":9,"column":15},"end":{"line":9,"column":41}},"8":{"start":{"line":11,"column":24},"end":{"line":11,"column":59}},"9":{"start":{"line":12,"column":24},"end":{"line":12,"column":66}},"10":{"start":{"line":26,"column":4},"end":{"line":26,"column":29}},"11":{"start":{"line":43,"column":8},"end":{"line":43,"column":35}},"12":{"start":{"line":45,"column":4},"end":{"line":45,"column":30}},"13":{"start":{"line":46,"column":4},"end":{"line":46,"column":24}},"14":{"start":{"line":47,"column":4},"end":{"line":47,"column":20}},"15":{"start":{"line":48,"column":4},"end":{"line":48,"column":20}},"16":{"start":{"line":49,"column":4},"end":{"line":49,"column":28}},"17":{"start":{"line":50,"column":4},"end":{"line":50,"column":28}},"18":{"start":{"line":51,"column":4},"end":{"line":51,"column":28}},"19":{"start":{"line":52,"column":4},"end":{"line":52,"column":22}},"20":{"start":{"line":53,"column":4},"end":{"line":53,"column":46}},"21":{"start":{"line":54,"column":4},"end":{"line":54,"column":32}},"22":{"start":{"line":55,"column":4},"end":{"line":55,"column":40}},"23":{"start":{"line":56,"column":4},"end":{"line":56,"column":28}},"24":{"start":{"line":57,"column":4},"end":{"line":57,"column":30}},"25":{"start":{"line":58,"column":4},"end":{"line":58,"column":32}},"26":{"start":{"line":60,"column":4},"end":{"line":64,"column":5}},"27":{"start":{"line":61,"column":6},"end":{"line":61,"column":30}},"28":{"start":{"line":63,"column":6},"end":{"line":63,"column":65}},"29":{"start":{"line":66,"column":59},"end":{"line":66,"column":96}},"30":{"start":{"line":67,"column":4},"end":{"line":67,"column":76}},"31":{"start":{"line":70,"column":4},"end":{"line":72,"column":5}},"32":{"start":{"line":71,"column":6},"end":{"line":71,"column":55}},"33":{"start":{"line":76,"column":4},"end":{"line":76,"column":19}},"34":{"start":{"line":77,"column":40},"end":{"line":77,"column":55}},"35":{"start":{"line":78,"column":29},"end":{"line":78,"column":66}},"36":{"start":{"line":79,"column":25},"end":{"line":79,"column":81}},"37":{"start":{"line":80,"column":4},"end":{"line":80,"column":82}},"38":{"start":{"line":82,"column":4},"end":{"line":82,"column":98}},"39":{"start":{"line":83,"column":4},"end":{"line":85,"column":5}},"40":{"start":{"line":84,"column":6},"end":{"line":84,"column":101}},"41":{"start":{"line":94,"column":4},"end":{"line":97,"column":5}},"42":{"start":{"line":95,"column":6},"end":{"line":95,"column":43}},"43":{"start":{"line":96,"column":6},"end":{"line":96,"column":12}},"44":{"start":{"line":99,"column":17},"end":{"line":99,"column":19}},"45":{"start":{"line":100,"column":4},"end":{"line":120,"column":5}},"46":{"start":{"line":101,"column":6},"end":{"line":117,"column":7}},"47":{"start":{"line":103,"column":10},"end":{"line":103,"column":48}},"48":{"start":{"line":104,"column":10},"end":{"line":104,"column":15}},"49":{"start":{"line":106,"column":10},"end":{"line":106,"column":48}},"50":{"start":{"line":107,"column":10},"end":{"line":107,"column":15}},"51":{"start":{"line":109,"column":10},"end":{"line":109,"column":53}},"52":{"start":{"line":110,"column":10},"end":{"line":110,"column":15}},"53":{"start":{"line":112,"column":10},"end":{"line":112,"column":49}},"54":{"start":{"line":113,"column":10},"end":{"line":113,"column":15}},"55":{"start":{"line":115,"column":10},"end":{"line":115,"column":101}},"56":{"start":{"line":116,"column":10},"end":{"line":116,"column":21}},"57":{"start":{"line":119,"column":6},"end":{"line":119,"column":30}},"58":{"start":{"line":122,"column":4},"end":{"line":122,"column":55}},"59":{"start":{"line":124,"column":4},"end":{"line":149,"column":5}},"60":{"start":{"line":125,"column":6},"end":{"line":129,"column":8}},"61":{"start":{"line":126,"column":8},"end":{"line":128,"column":9}},"62":{"start":{"line":127,"column":10},"end":{"line":127,"column":69}},"63":{"start":{"line":130,"column":6},"end":{"line":134,"column":7}},"64":{"start":{"line":131,"column":8},"end":{"line":131,"column":80}},"65":{"start":{"line":133,"column":8},"end":{"line":133,"column":53}},"66":{"start":{"line":135,"column":6},"end":{"line":135,"column":102}},"67":{"start":{"line":136,"column":25},"end":{"line":136,"column":55}},"68":{"start":{"line":137,"column":6},"end":{"line":148,"column":7}},"69":{"start":{"line":138,"column":25},"end":{"line":138,"column":95}},"70":{"start":{"line":139,"column":25},"end":{"line":139,"column":60}},"71":{"start":{"line":140,"column":8},"end":{"line":147,"column":9}},"72":{"start":{"line":141,"column":10},"end":{"line":141,"column":62}},"73":{"start":{"line":142,"column":10},"end":{"line":142,"column":48}},"74":{"start":{"line":143,"column":10},"end":{"line":143,"column":61}},"75":{"start":{"line":144,"column":10},"end":{"line":144,"column":32}},"76":{"start":{"line":146,"column":10},"end":{"line":146,"column":34}},"77":{"start":{"line":157,"column":25},"end":{"line":157,"column":35}},"78":{"start":{"line":158,"column":4},"end":{"line":158,"column":52}},"79":{"start":{"line":160,"column":19},"end":{"line":168,"column":5}},"80":{"start":{"line":170,"column":15},"end":{"line":170,"column":17}},"81":{"start":{"line":171,"column":4},"end":{"line":182,"column":5}},"82":{"start":{"line":172,"column":19},"end":{"line":172,"column":67}},"83":{"start":{"line":173,"column":21},"end":{"line":175,"column":28}},"84":{"start":{"line":176,"column":22},"end":{"line":176,"column":39}},"85":{"start":{"line":177,"column":6},"end":{"line":177,"column":18}},"86":{"start":{"line":179,"column":6},"end":{"line":179,"column":30}},"87":{"start":{"line":181,"column":6},"end":{"line":181,"column":25}},"88":{"start":{"line":184,"column":4},"end":{"line":184,"column":15}},"89":{"start":{"line":192,"column":25},"end":{"line":192,"column":58}},"90":{"start":{"line":193,"column":4},"end":{"line":193,"column":52}},"91":{"start":{"line":195,"column":19},"end":{"line":203,"column":5}},"92":{"start":{"line":205,"column":21},"end":{"line":205,"column":25}},"93":{"start":{"line":206,"column":15},"end":{"line":206,"column":17}},"94":{"start":{"line":207,"column":4},"end":{"line":220,"column":5}},"95":{"start":{"line":208,"column":6},"end":{"line":208,"column":55}},"96":{"start":{"line":209,"column":21},"end":{"line":212,"column":7}},"97":{"start":{"line":213,"column":6},"end":{"line":213,"column":17}},"98":{"start":{"line":215,"column":6},"end":{"line":215,"column":30}},"99":{"start":{"line":217,"column":6},"end":{"line":219,"column":7}},"100":{"start":{"line":218,"column":8},"end":{"line":218,"column":30}},"101":{"start":{"line":222,"column":4},"end":{"line":222,"column":15}},"102":{"start":{"line":230,"column":25},"end":{"line":230,"column":59}},"103":{"start":{"line":231,"column":4},"end":{"line":231,"column":52}},"104":{"start":{"line":233,"column":19},"end":{"line":240,"column":5}},"105":{"start":{"line":242,"column":4},"end":{"line":242,"column":59}},"106":{"start":{"line":242,"column":39},"end":{"line":242,"column":58}},"107":{"start":{"line":243,"column":19},"end":{"line":243,"column":37}},"108":{"start":{"line":244,"column":15},"end":{"line":244,"column":17}},"109":{"start":{"line":245,"column":4},"end":{"line":255,"column":5}},"110":{"start":{"line":246,"column":6},"end":{"line":246,"column":28}},"111":{"start":{"line":247,"column":23},"end":{"line":247,"column":89}},"112":{"start":{"line":248,"column":6},"end":{"line":248,"column":17}},"113":{"start":{"line":250,"column":6},"end":{"line":250,"column":30}},"114":{"start":{"line":252,"column":6},"end":{"line":254,"column":7}},"115":{"start":{"line":253,"column":8},"end":{"line":253,"column":26}},"116":{"start":{"line":257,"column":4},"end":{"line":257,"column":15}},"117":{"start":{"line":265,"column":25},"end":{"line":265,"column":63}},"118":{"start":{"line":266,"column":4},"end":{"line":266,"column":52}},"119":{"start":{"line":268,"column":19},"end":{"line":272,"column":5}},"120":{"start":{"line":275,"column":15},"end":{"line":275,"column":17}},"121":{"start":{"line":276,"column":4},"end":{"line":293,"column":5}},"122":{"start":{"line":277,"column":6},"end":{"line":277,"column":34}},"123":{"start":{"line":278,"column":6},"end":{"line":278,"column":53}},"124":{"start":{"line":279,"column":6},"end":{"line":279,"column":55}},"125":{"start":{"line":280,"column":6},"end":{"line":280,"column":50}},"126":{"start":{"line":281,"column":23},"end":{"line":281,"column":95}},"127":{"start":{"line":282,"column":6},"end":{"line":282,"column":17}},"128":{"start":{"line":284,"column":6},"end":{"line":284,"column":30}},"129":{"start":{"line":286,"column":6},"end":{"line":292,"column":7}},"130":{"start":{"line":287,"column":8},"end":{"line":291,"column":9}},"131":{"start":{"line":288,"column":10},"end":{"line":288,"column":34}},"132":{"start":{"line":290,"column":10},"end":{"line":290,"column":34}},"133":{"start":{"line":295,"column":4},"end":{"line":295,"column":15}},"134":{"start":{"line":309,"column":39},"end":{"line":309,"column":89}},"135":{"start":{"line":310,"column":4},"end":{"line":310,"column":77}},"136":{"start":{"line":319,"column":22},"end":{"line":326,"column":5}},"137":{"start":{"line":320,"column":6},"end":{"line":324,"column":8}},"138":{"start":{"line":321,"column":8},"end":{"line":323,"column":9}},"139":{"start":{"line":322,"column":10},"end":{"line":322,"column":97}},"140":{"start":{"line":325,"column":6},"end":{"line":325,"column":18}},"141":{"start":{"line":327,"column":20},"end":{"line":331,"column":5}},"142":{"start":{"line":332,"column":4},"end":{"line":332,"column":45}},"143":{"start":{"line":336,"column":0},"end":{"line":336,"column":28}}},"fnMap":{"0":{"name":"(anonymous_0)","decl":{"start":{"line":25,"column":2},"end":{"line":25,"column":3}},"loc":{"start":{"line":25,"column":34},"end":{"line":73,"column":3}},"line":25},"1":{"name":"(anonymous_1)","decl":{"start":{"line":75,"column":2},"end":{"line":75,"column":3}},"loc":{"start":{"line":75,"column":18},"end":{"line":86,"column":3}},"line":75},"2":{"name":"(anonymous_2)","decl":{"start":{"line":93,"column":2},"end":{"line":93,"column":3}},"loc":{"start":{"line":93,"column":26},"end":{"line":150,"column":3}},"line":93},"3":{"name":"(anonymous_3)","decl":{"start":{"line":125,"column":21},"end":{"line":125,"column":22}},"loc":{"start":{"line":125,"column":32},"end":{"line":129,"column":7}},"line":125},"4":{"name":"(anonymous_4)","decl":{"start":{"line":156,"column":2},"end":{"line":156,"column":3}},"loc":{"start":{"line":156,"column":27},"end":{"line":185,"column":3}},"line":156},"5":{"name":"(anonymous_5)","decl":{"start":{"line":191,"column":2},"end":{"line":191,"column":3}},"loc":{"start":{"line":191,"column":27},"end":{"line":223,"column":3}},"line":191},"6":{"name":"(anonymous_6)","decl":{"start":{"line":229,"column":2},"end":{"line":229,"column":3}},"loc":{"start":{"line":229,"column":32},"end":{"line":258,"column":3}},"line":229},"7":{"name":"(anonymous_7)","decl":{"start":{"line":242,"column":30},"end":{"line":242,"column":31}},"loc":{"start":{"line":242,"column":39},"end":{"line":242,"column":58}},"line":242},"8":{"name":"(anonymous_8)","decl":{"start":{"line":264,"column":2},"end":{"line":264,"column":3}},"loc":{"start":{"line":264,"column":28},"end":{"line":296,"column":3}},"line":264},"9":{"name":"(anonymous_9)","decl":{"start":{"line":308,"column":2},"end":{"line":308,"column":3}},"loc":{"start":{"line":308,"column":60},"end":{"line":311,"column":3}},"line":308},"10":{"name":"(anonymous_10)","decl":{"start":{"line":318,"column":2},"end":{"line":318,"column":3}},"loc":{"start":{"line":318,"column":22},"end":{"line":333,"column":3}},"line":318},"11":{"name":"(anonymous_11)","decl":{"start":{"line":319,"column":22},"end":{"line":319,"column":23}},"loc":{"start":{"line":319,"column":31},"end":{"line":326,"column":5}},"line":319},"12":{"name":"(anonymous_12)","decl":{"start":{"line":320,"column":34},"end":{"line":320,"column":35}},"loc":{"start":{"line":320,"column":55},"end":{"line":324,"column":7}},"line":320}},"branchMap":{"0":{"loc":{"start":{"line":60,"column":4},"end":{"line":64,"column":5}},"type":"if","locations":[{"start":{"line":60,"column":4},"end":{"line":64,"column":5}},{"start":{"line":60,"column":4},"end":{"line":64,"column":5}}],"line":60},"1":{"loc":{"start":{"line":70,"column":4},"end":{"line":72,"column":5}},"type":"if","locations":[{"start":{"line":70,"column":4},"end":{"line":72,"column":5}},{"start":{"line":70,"column":4},"end":{"line":72,"column":5}}],"line":70},"2":{"loc":{"start":{"line":83,"column":4},"end":{"line":85,"column":5}},"type":"if","locations":[{"start":{"line":83,"column":4},"end":{"line":85,"column":5}},{"start":{"line":83,"column":4},"end":{"line":85,"column":5}}],"line":83},"3":{"loc":{"start":{"line":84,"column":29},"end":{"line":84,"column":101}},"type":"cond-expr","locations":[{"start":{"line":84,"column":41},"end":{"line":84,"column":74}},{"start":{"line":84,"column":77},"end":{"line":84,"column":101}}],"line":84},"4":{"loc":{"start":{"line":94,"column":4},"end":{"line":97,"column":5}},"type":"if","locations":[{"start":{"line":94,"column":4},"end":{"line":97,"column":5}},{"start":{"line":94,"column":4},"end":{"line":97,"column":5}}],"line":94},"5":{"loc":{"start":{"line":101,"column":6},"end":{"line":117,"column":7}},"type":"switch","locations":[{"start":{"line":102,"column":8},"end":{"line":104,"column":15}},{"start":{"line":105,"column":8},"end":{"line":107,"column":15}},{"start":{"line":108,"column":8},"end":{"line":110,"column":15}},{"start":{"line":111,"column":8},"end":{"line":113,"column":15}},{"start":{"line":114,"column":8},"end":{"line":116,"column":21}}],"line":101},"6":{"loc":{"start":{"line":124,"column":4},"end":{"line":149,"column":5}},"type":"if","locations":[{"start":{"line":124,"column":4},"end":{"line":149,"column":5}},{"start":{"line":124,"column":4},"end":{"line":149,"column":5}}],"line":124},"7":{"loc":{"start":{"line":126,"column":8},"end":{"line":128,"column":9}},"type":"if","locations":[{"start":{"line":126,"column":8},"end":{"line":128,"column":9}},{"start":{"line":126,"column":8},"end":{"line":128,"column":9}}],"line":126},"8":{"loc":{"start":{"line":126,"column":12},"end":{"line":126,"column":139}},"type":"binary-expr","locations":[{"start":{"line":126,"column":12},"end":{"line":126,"column":34}},{"start":{"line":126,"column":39},"end":{"line":126,"column":77}},{"start":{"line":126,"column":83},"end":{"line":126,"column":138}}],"line":126},"9":{"loc":{"start":{"line":130,"column":6},"end":{"line":134,"column":7}},"type":"if","locations":[{"start":{"line":130,"column":6},"end":{"line":134,"column":7}},{"start":{"line":130,"column":6},"end":{"line":134,"column":7}}],"line":130},"10":{"loc":{"start":{"line":137,"column":6},"end":{"line":148,"column":7}},"type":"if","locations":[{"start":{"line":137,"column":6},"end":{"line":148,"column":7}},{"start":{"line":137,"column":6},"end":{"line":148,"column":7}}],"line":137},"11":{"loc":{"start":{"line":217,"column":6},"end":{"line":219,"column":7}},"type":"if","locations":[{"start":{"line":217,"column":6},"end":{"line":219,"column":7}},{"start":{"line":217,"column":6},"end":{"line":219,"column":7}}],"line":217},"12":{"loc":{"start":{"line":252,"column":6},"end":{"line":254,"column":7}},"type":"if","locations":[{"start":{"line":252,"column":6},"end":{"line":254,"column":7}},{"start":{"line":252,"column":6},"end":{"line":254,"column":7}}],"line":252},"13":{"loc":{"start":{"line":286,"column":6},"end":{"line":292,"column":7}},"type":"if","locations":[{"start":{"line":286,"column":6},"end":{"line":292,"column":7}},{"start":{"line":286,"column":6},"end":{"line":292,"column":7}}],"line":286},"14":{"loc":{"start":{"line":321,"column":8},"end":{"line":323,"column":9}},"type":"if","locations":[{"start":{"line":321,"column":8},"end":{"line":323,"column":9}},{"start":{"line":321,"column":8},"end":{"line":323,"column":9}}],"line":321}},"s":{"0":2,"1":2,"2":2,"3":2,"4":2,"5":2,"6":2,"7":2,"8":2,"9":2,"10":0,"11":0,"12":0,"13":0,"14":0,"15":0,"16":0,"17":0,"18":0,"19":0,"20":0,"21":0,"22":0,"23":0,"24":0,"25":0,"26":0,"27":0,"28":0,"29":0,"30":0,"31":0,"32":0,"33":0,"34":0,"35":0,"36":0,"37":0,"38":0,"39":0,"40":0,"41":0,"42":0,"43":0,"44":0,"45":0,"46":0,"47":0,"48":0,"49":0,"50":0,"51":0,"52":0,"53":0,"54":0,"55":0,"56":0,"57":0,"58":0,"59":0,"60":0,"61":0,"62":0,"63":0,"64":0,"65":0,"66":0,"67":0,"68":0,"69":0,"70":0,"71":0,"72":0,"73":0,"74":0,"75":0,"76":0,"77":0,"78":0,"79":0,"80":0,"81":0,"82":0,"83":0,"84":0,"85":0,"86":0,"87":0,"88":0,"89":0,"90":0,"91":0,"92":0,"93":0,"94":0,"95":0,"96":0,"97":0,"98":0,"99":0,"100":0,"101":0,"102":0,"103":0,"104":0,"105":0,"106":0,"107":0,"108":0,"109":0,"110":0,"111":0,"112":0,"113":0,"114":0,"115":0,"116":0,"117":0,"118":0,"119":0,"120":0,"121":0,"122":0,"123":0,"124":0,"125":0,"126":0,"127":0,"128":0,"129":0,"130":0,"131":0,"132":0,"133":0,"134":1,"135":1,"136":0,"137":0,"138":0,"139":0,"140":0,"141":0,"142":0,"143":2},"f":{"0":0,"1":0,"2":0,"3":0,"4":0,"5":0,"6":0,"7":0,"8":0,"9":1,"10":0,"11":0,"12":0},"b":{"0":[0,0],"1":[0,0],"2":[0,0],"3":[0,0],"4":[0,0],"5":[0,0,0,0,0],"6":[0,0],"7":[0,0],"8":[0,0,0],"9":[0,0],"10":[0,0],"11":[0,0],"12":[0,0],"13":[0,0],"14":[0,0]},"_coverageSchema":"43e27e138ebf9cfc5966b082cf9a028302ed4184","hash":"23cd94f07882bcf09784b97d57371d0fbdae9c3b"}
,"/Users/jfh/Work/OIBus/src/south/SQLDbToFile/SQLDbToFile.schema.jsx": {"path":"/Users/jfh/Work/OIBus/src/south/SQLDbToFile/SQLDbToFile.schema.jsx","statementMap":{"0":{"start":{"line":4,"column":15},"end":{"line":4,"column":38}},"1":{"start":{"line":5,"column":0},"end":{"line":158,"column":1}},"2":{"start":{"line":159,"column":0},"end":{"line":159,"column":20}}},"fnMap":{},"branchMap":{},"s":{"0":1,"1":1,"2":1},"f":{},"b":{},"_coverageSchema":"43e27e138ebf9cfc5966b082cf9a028302ed4184","hash":"55c7119eaa7673db35d1ba75185fe186d2c4c42f"}
,"/Users/jfh/Work/OIBus/tests/testConfig.js": {"path":"/Users/jfh/Work/OIBus/tests/testConfig.js","statementMap":{"0":{"start":{"line":1,"column":19},"end":{"line":274,"column":1}}},"fnMap":{},"branchMap":{},"s":{"0":2},"f":{},"b":{},"_coverageSchema":"43e27e138ebf9cfc5966b082cf9a028302ed4184","hash":"0077b7a063849bcb155017ba5e224cbe7f0426bf"}
}
