TN:
SF:/Users/jfh/Work/OIBus/src/client/Health/Health.jsx
FN:11,(anonymous_0)
FN:23,(anonymous_1)
FN:26,(anonymous_2)
FN:29,(anonymous_3)
FN:38,(anonymous_4)
FN:42,(anonymous_5)
FNF:6
FNH:5
FNDA:2,(anonymous_0)
FNDA:1,(anonymous_1)
FNDA:1,(anonymous_2)
FNDA:0,(anonymous_3)
FNDA:1,(anonymous_4)
FNDA:7,(anonymous_5)
DA:11,1
DA:12,2
DA:13,2
DA:14,2
DA:15,2
DA:16,2
DA:17,2
DA:23,2
DA:24,1
DA:27,1
DA:30,0
DA:31,0
DA:38,2
DA:39,1
DA:42,7
DA:53,2
LF:16
LH:14
BRDA:17,0,0,2
BRDA:17,0,1,0
BRDA:74,1,0,2
BRDA:74,1,1,2
BRF:4
BRH:3
end_of_record
TN:
SF:/Users/jfh/Work/OIBus/src/client/Health/Overview.jsx
FN:6,(anonymous_0)
FN:13,(anonymous_1)
FN:32,(anonymous_2)
FNF:3
FNH:3
FNDA:3,(anonymous_0)
FNDA:6,(anonymous_1)
FNDA:27,(anonymous_2)
DA:6,2
DA:7,3
DA:8,3
DA:9,3
DA:10,3
DA:14,6
DA:33,27
LF:7
LH:7
BRDA:14,0,0,3
BRDA:14,0,1,3
BRDA:33,1,0,3
BRDA:33,1,1,24
BRF:4
BRH:4
end_of_record
TN:
SF:/Users/jfh/Work/OIBus/src/client/components/OIbForm/OIbAuthentication.jsx
FN:15,(anonymous_0)
FN:16,(anonymous_1)
FNF:2
FNH:2
FNDA:3,(anonymous_0)
FNDA:2,(anonymous_1)
DA:15,1
DA:16,3
DA:17,2
DA:19,3
DA:25,3
DA:92,1
DA:99,1
LF:7
LH:7
BRDA:32,0,0,2
BRDA:32,0,1,1
BRF:2
BRH:2
end_of_record
TN:
SF:/Users/jfh/Work/OIBus/src/client/components/OIbForm/OIbCheckBox.jsx
FN:5,(anonymous_0)
FN:8,(anonymous_1)
FN:11,(anonymous_2)
FNF:3
FNH:2
FNDA:3,(anonymous_0)
FNDA:3,(anonymous_1)
FNDA:0,(anonymous_2)
DA:5,1
DA:8,3
DA:9,3
DA:11,3
DA:12,0
DA:13,0
DA:14,0
DA:16,3
DA:17,3
DA:46,1
DA:55,1
LF:11
LH:8
BRDA:9,0,0,0
BRDA:9,0,1,3
BRDA:16,1,0,0
BRDA:16,1,1,3
BRDA:19,2,0,1
BRDA:19,2,1,2
BRF:6
BRH:4
end_of_record
TN:
SF:/Users/jfh/Work/OIBus/src/client/components/OIbForm/OIbInteger.jsx
FN:5,(anonymous_0)
FN:8,(anonymous_1)
FN:11,(anonymous_2)
FN:47,(anonymous_3)
FNF:4
FNH:3
FNDA:2,(anonymous_0)
FNDA:2,(anonymous_1)
FNDA:0,(anonymous_2)
FNDA:1,(anonymous_3)
DA:5,1
DA:8,2
DA:9,2
DA:11,2
DA:12,0
DA:13,0
DA:14,0
DA:15,0
DA:18,2
DA:19,2
DA:20,2
DA:37,1
DA:46,1
DA:47,1
LF:14
LH:10
BRDA:9,0,0,0
BRDA:9,0,1,2
BRDA:14,1,0,0
BRDA:14,1,1,0
BRDA:18,2,0,2
BRDA:18,2,1,0
BRDA:22,3,0,2
BRDA:22,3,1,2
BRDA:29,4,0,2
BRDA:29,4,1,0
BRDA:33,5,0,2
BRDA:33,5,1,0
BRF:12
BRH:6
end_of_record
TN:
SF:/Users/jfh/Work/OIBus/src/client/components/OIbForm/OIbPassword.jsx
FN:6,(anonymous_0)
FN:12,(anonymous_1)
FN:15,(anonymous_2)
FN:31,(anonymous_3)
FN:64,(anonymous_4)
FN:65,(anonymous_5)
FN:84,(anonymous_6)
FNF:7
FNH:3
FNDA:3,(anonymous_0)
FNDA:3,(anonymous_1)
FNDA:1,(anonymous_2)
FNDA:0,(anonymous_3)
FNDA:0,(anonymous_4)
FNDA:0,(anonymous_5)
FNDA:0,(anonymous_6)
DA:6,1
DA:7,3
DA:8,3
DA:9,3
DA:10,3
DA:12,3
DA:13,3
DA:15,3
DA:16,1
DA:17,1
DA:18,1
DA:19,1
DA:21,0
DA:22,0
DA:23,0
DA:26,1
DA:29,1
DA:31,3
DA:32,0
DA:33,0
DA:34,0
DA:35,0
DA:37,0
DA:38,0
DA:39,0
DA:44,3
DA:46,3
DA:47,3
DA:64,0
DA:65,0
DA:74,1
DA:84,1
LF:32
LH:20
BRDA:13,0,0,0
BRDA:13,0,1,3
BRDA:18,1,0,1
BRDA:18,1,1,0
BRDA:19,2,0,0
BRDA:19,2,1,1
BRDA:34,3,0,0
BRDA:34,3,1,0
BRDA:35,4,0,0
BRDA:35,4,1,0
BRDA:44,5,0,0
BRDA:44,5,1,3
BRDA:46,6,0,0
BRDA:46,6,1,3
BRDA:49,7,0,3
BRDA:49,7,1,3
BRDA:53,8,0,0
BRDA:53,8,1,3
BRDA:61,9,0,3
BRDA:61,9,1,0
BRDA:63,10,0,0
BRDA:63,10,1,0
BRDA:70,11,0,3
BRDA:70,11,1,0
BRF:24
BRH:10
end_of_record
TN:
SF:/Users/jfh/Work/OIBus/src/client/components/OIbForm/OIbSelect.jsx
FN:5,(anonymous_0)
FN:6,(anonymous_1)
FN:10,(anonymous_2)
FN:23,(anonymous_3)
FN:44,(anonymous_4)
FNF:5
FNH:4
FNDA:2,(anonymous_0)
FNDA:2,(anonymous_1)
FNDA:0,(anonymous_2)
FNDA:2,(anonymous_3)
FNDA:2,(anonymous_4)
DA:5,1
DA:6,2
DA:7,2
DA:10,2
DA:11,0
DA:12,0
DA:13,0
DA:16,2
DA:18,2
DA:19,2
DA:24,2
DA:34,1
DA:44,2
LF:13
LH:10
BRDA:7,0,0,0
BRDA:7,0,1,2
BRDA:18,1,0,0
BRDA:18,1,1,2
BRDA:21,2,0,2
BRDA:21,2,1,2
BRDA:30,3,0,2
BRDA:30,3,1,0
BRF:8
BRH:5
end_of_record
TN:
SF:/Users/jfh/Work/OIBus/src/client/components/OIbForm/OIbText.jsx
FN:5,(anonymous_0)
FN:6,(anonymous_1)
FN:9,(anonymous_2)
FN:42,(anonymous_3)
FNF:4
FNH:4
FNDA:6,(anonymous_0)
FNDA:6,(anonymous_1)
FNDA:1,(anonymous_2)
FNDA:2,(anonymous_3)
DA:5,2
DA:6,6
DA:7,6
DA:9,6
DA:10,1
DA:11,1
DA:12,1
DA:15,6
DA:16,6
DA:17,0
DA:19,6
DA:21,6
DA:22,6
DA:31,2
DA:41,2
DA:42,2
LF:16
LH:15
BRDA:7,0,0,0
BRDA:7,0,1,6
BRDA:15,1,0,6
BRDA:15,1,1,0
BRDA:16,2,0,0
BRDA:16,2,1,6
BRDA:16,3,0,6
BRDA:16,3,1,1
BRDA:21,4,0,0
BRDA:21,4,1,6
BRDA:24,5,0,6
BRDA:24,5,1,6
BRDA:27,6,0,6
BRDA:27,6,1,0
BRF:14
BRH:9
end_of_record
TN:
SF:/Users/jfh/Work/OIBus/src/client/components/OIbForm/OIbTitle.jsx
FN:6,(anonymous_0)
FNF:1
FNH:1
FNDA:3,(anonymous_0)
DA:6,1
DA:7,3
DA:10,3
DA:39,1
DA:40,1
LF:5
LH:5
BRDA:15,0,0,3
BRDA:15,0,1,3
BRDA:26,1,0,3
BRDA:26,1,1,3
BRF:4
BRH:4
end_of_record
TN:
SF:/Users/jfh/Work/OIBus/src/client/components/table/Table.jsx
FN:8,(anonymous_0)
FNF:1
FNH:1
FNDA:2,(anonymous_0)
DA:8,1
DA:9,2
DA:15,1
DA:23,1
LF:4
LH:4
BRF:0
BRH:0
end_of_record
TN:
SF:/Users/jfh/Work/OIBus/src/client/components/table/TableHeader.jsx
FN:5,(anonymous_0)
FN:23,(anonymous_1)
FNF:2
FNH:1
FNDA:2,(anonymous_0)
FNDA:0,(anonymous_1)
DA:5,1
DA:6,2
DA:7,2
DA:8,0
DA:15,2
DA:16,0
DA:20,2
DA:24,0
DA:33,1
DA:38,1
LF:10
LH:7
BRDA:7,0,0,0
BRDA:7,0,1,2
BRDA:15,1,0,0
BRDA:15,1,1,2
BRF:4
BRH:2
end_of_record
TN:
SF:/Users/jfh/Work/OIBus/src/client/components/table/TableRows.jsx
FN:5,(anonymous_0)
FN:7,(anonymous_1)
FN:9,(anonymous_2)
FN:16,(anonymous_3)
FN:25,(anonymous_4)
FNF:5
FNH:3
FNDA:2,(anonymous_0)
FNDA:7,(anonymous_1)
FNDA:14,(anonymous_2)
FNDA:0,(anonymous_3)
FNDA:0,(anonymous_4)
DA:5,1
DA:6,2
DA:8,7
DA:10,14
DA:17,0
DA:18,0
DA:26,0
DA:27,0
DA:37,1
DA:43,1
LF:10
LH:6
BRDA:13,0,0,7
BRDA:13,0,1,0
BRDA:22,1,0,7
BRDA:22,1,1,0
BRF:4
BRH:2
end_of_record
TN:
SF:/Users/jfh/Work/OIBus/src/client/context/AlertContext.jsx
FN:6,(anonymous_0)
FNF:1
FNH:0
FNDA:0,(anonymous_0)
DA:4,1
DA:6,1
DA:7,0
DA:8,0
DA:16,1
LF:5
LH:3
BRF:0
BRH:0
end_of_record
TN:
SF:/Users/jfh/Work/OIBus/src/client/context/configContext.jsx
FN:10,(anonymous_0)
FN:31,(anonymous_1)
FN:32,(anonymous_2)
FN:54,(anonymous_3)
FN:64,(anonymous_4)
FN:65,(anonymous_5)
FN:79,(anonymous_6)
FN:80,(anonymous_7)
FN:91,(anonymous_8)
FN:93,(anonymous_9)
FN:106,(anonymous_10)
FNF:11
FNH:0
FNDA:0,(anonymous_0)
FNDA:0,(anonymous_1)
FNDA:0,(anonymous_2)
FNDA:0,(anonymous_3)
FNDA:0,(anonymous_4)
FNDA:0,(anonymous_5)
FNDA:0,(anonymous_6)
FNDA:0,(anonymous_7)
FNDA:0,(anonymous_8)
FNDA:0,(anonymous_9)
FNDA:0,(anonymous_10)
DA:10,2
DA:11,0
DA:12,0
DA:13,0
DA:15,0
DA:17,0
DA:18,0
DA:19,0
DA:22,0
DA:23,0
DA:25,0
DA:26,0
DA:30,0
DA:31,0
DA:32,0
DA:33,0
DA:35,0
DA:36,0
DA:39,0
DA:40,0
DA:42,0
DA:44,0
DA:46,0
DA:47,0
DA:49,0
DA:52,2
DA:53,2
DA:54,2
DA:55,0
DA:56,0
DA:57,0
DA:58,0
DA:64,0
DA:65,0
DA:66,0
DA:67,0
DA:69,0
DA:72,0
DA:79,0
DA:80,0
DA:81,0
DA:82,0
DA:84,0
DA:87,0
DA:91,0
DA:92,0
DA:93,0
DA:94,0
DA:95,0
DA:96,0
DA:97,0
DA:99,0
DA:102,0
DA:105,0
DA:106,0
DA:107,0
DA:108,0
DA:117,0
DA:126,2
LF:59
LH:5
BRDA:13,0,0,0
BRDA:13,0,1,0
BRDA:13,0,2,0
BRDA:13,0,3,0
BRDA:13,0,4,0
BRDA:13,0,5,0
BRDA:13,0,6,0
BRDA:17,1,0,0
BRDA:17,1,1,0
BRDA:18,2,0,0
BRDA:18,2,1,0
BRDA:23,3,0,0
BRDA:23,3,1,0
BRDA:30,4,0,0
BRDA:30,4,1,0
BRDA:33,5,0,0
BRDA:33,5,1,0
BRDA:96,6,0,0
BRDA:96,6,1,0
BRDA:96,7,0,0
BRDA:96,7,1,0
BRF:21
BRH:0
end_of_record
TN:
SF:/Users/jfh/Work/OIBus/src/client/helpers/utils.js
FN:1,(anonymous_0)
FN:8,(anonymous_1)
FN:23,jsonCopy
FN:27,(anonymous_3)
FN:43,(anonymous_4)
FN:46,(anonymous_5)
FN:51,(anonymous_6)
FN:65,(anonymous_7)
FN:68,(anonymous_8)
FN:78,(anonymous_9)
FN:92,(anonymous_10)
FNF:11
FNH:4
FNDA:0,(anonymous_0)
FNDA:0,(anonymous_1)
FNDA:0,jsonCopy
FNDA:0,(anonymous_3)
FNDA:572,(anonymous_4)
FNDA:78,(anonymous_5)
FNDA:996,(anonymous_6)
FNDA:0,(anonymous_7)
FNDA:0,(anonymous_8)
FNDA:0,(anonymous_9)
FNDA:2,(anonymous_10)
DA:1,2
DA:2,0
DA:3,0
DA:4,0
DA:5,0
DA:6,0
DA:8,0
DA:10,0
DA:11,0
DA:12,0
DA:13,0
DA:14,0
DA:15,0
DA:17,0
DA:19,0
DA:24,0
DA:27,2
DA:28,0
DA:29,0
DA:30,0
DA:32,0
DA:33,0
DA:34,0
DA:35,0
DA:36,0
DA:38,0
DA:40,0
DA:43,2
DA:44,572
DA:45,532
DA:46,34
DA:47,78
DA:49,34
DA:51,498
DA:52,996
DA:55,498
DA:56,114
DA:57,114
DA:58,112
DA:59,492
DA:65,2
DA:66,0
DA:67,0
DA:68,0
DA:69,0
DA:70,0
DA:72,0
DA:76,0
DA:78,0
DA:79,0
DA:82,0
DA:83,0
DA:84,0
DA:85,0
DA:86,0
DA:92,2
DA:93,2
DA:94,0
DA:96,2
LF:59
LH:19
BRDA:4,0,0,0
BRDA:4,0,1,0
BRDA:12,1,0,0
BRDA:12,1,1,0
BRDA:14,2,0,0
BRDA:14,2,1,0
BRDA:44,3,0,40
BRDA:44,3,1,532
BRDA:45,4,0,34
BRDA:45,4,1,498
BRDA:52,5,0,10
BRDA:52,5,1,986
BRDA:55,6,0,114
BRDA:55,6,1,384
BRDA:55,7,0,498
BRDA:55,7,1,114
BRDA:57,8,0,112
BRDA:57,8,1,2
BRDA:66,9,0,0
BRDA:66,9,1,0
BRDA:67,10,0,0
BRDA:67,10,1,0
BRDA:69,11,0,0
BRDA:69,11,1,0
BRDA:69,12,0,0
BRDA:69,12,1,0
BRDA:79,13,0,0
BRDA:79,13,1,0
BRDA:82,14,0,0
BRDA:82,14,1,0
BRDA:82,15,0,0
BRDA:82,15,1,0
BRDA:84,16,0,0
BRDA:84,16,1,0
BRDA:92,17,0,2
BRDA:93,18,0,0
BRDA:93,18,1,2
BRF:37
BRH:14
end_of_record
TN:
SF:/Users/jfh/Work/OIBus/src/client/services/apis.js
FN:1,(anonymous_0)
FN:5,(anonymous_1)
FN:20,(anonymous_2)
FN:28,(anonymous_3)
FN:47,(anonymous_4)
FN:48,(anonymous_5)
FN:49,(anonymous_6)
FN:50,(anonymous_7)
FN:51,(anonymous_8)
FN:52,(anonymous_9)
FN:53,(anonymous_10)
FN:54,(anonymous_11)
FN:56,(anonymous_12)
FN:57,(anonymous_13)
FNF:14
FNH:0
FNDA:0,(anonymous_0)
FNDA:0,(anonymous_1)
FNDA:0,(anonymous_2)
FNDA:0,(anonymous_3)
FNDA:0,(anonymous_4)
FNDA:0,(anonymous_5)
FNDA:0,(anonymous_6)
FNDA:0,(anonymous_7)
FNDA:0,(anonymous_8)
FNDA:0,(anonymous_9)
FNDA:0,(anonymous_10)
FNDA:0,(anonymous_11)
FNDA:0,(anonymous_12)
FNDA:0,(anonymous_13)
DA:1,2
DA:2,0
DA:5,2
DA:6,0
DA:7,0
DA:8,0
DA:9,0
DA:10,0
DA:12,0
DA:13,0
DA:15,0
DA:16,0
DA:20,2
DA:21,0
DA:22,0
DA:23,0
DA:24,0
DA:25,0
DA:28,2
DA:29,0
DA:30,0
DA:38,0
DA:39,0
DA:41,0
DA:43,0
DA:47,2
DA:48,2
DA:49,2
DA:50,2
DA:51,2
DA:52,2
DA:53,2
DA:54,2
DA:56,2
DA:57,2
LF:35
LH:14
BRDA:2,0,0,0
BRDA:2,0,1,0
BRDA:9,1,0,0
BRDA:9,1,1,0
BRDA:38,2,0,0
BRDA:38,2,1,0
BRDA:56,3,0,0
BRDA:56,3,1,0
BRDA:56,4,0,0
BRDA:56,4,1,0
BRF:10
BRH:0
end_of_record
TN:
SF:/Users/jfh/Work/OIBus/src/engine/Cache.class.js
FN:22,(anonymous_0)
FN:57,(anonymous_1)
FN:85,(anonymous_2)
FN:90,(anonymous_3)
FN:101,(anonymous_4)
FN:115,(anonymous_5)
FN:144,(anonymous_6)
FN:150,(anonymous_7)
FN:152,(anonymous_8)
FN:170,(anonymous_9)
FN:191,(anonymous_10)
FN:206,(anonymous_11)
FN:209,(anonymous_12)
FN:227,(anonymous_13)
FN:228,(anonymous_14)
FN:232,(anonymous_15)
FN:238,(anonymous_16)
FN:243,(anonymous_17)
FN:245,(anonymous_18)
FN:267,(anonymous_19)
FN:300,(anonymous_20)
FN:331,(anonymous_21)
FN:369,(anonymous_22)
FN:379,(anonymous_23)
FN:394,(anonymous_24)
FN:414,(anonymous_25)
FN:429,(anonymous_26)
FN:430,(anonymous_27)
FN:442,(anonymous_28)
FN:444,(anonymous_29)
FN:445,(anonymous_30)
FN:446,(anonymous_31)
FN:451,(anonymous_32)
FN:452,(anonymous_33)
FN:453,(anonymous_34)
FN:458,(anonymous_35)
FN:465,(anonymous_36)
FN:467,(anonymous_37)
FN:472,(anonymous_38)
FNF:39
FNH:0
FNDA:0,(anonymous_0)
FNDA:0,(anonymous_1)
FNDA:0,(anonymous_2)
FNDA:0,(anonymous_3)
FNDA:0,(anonymous_4)
FNDA:0,(anonymous_5)
FNDA:0,(anonymous_6)
FNDA:0,(anonymous_7)
FNDA:0,(anonymous_8)
FNDA:0,(anonymous_9)
FNDA:0,(anonymous_10)
FNDA:0,(anonymous_11)
FNDA:0,(anonymous_12)
FNDA:0,(anonymous_13)
FNDA:0,(anonymous_14)
FNDA:0,(anonymous_15)
FNDA:0,(anonymous_16)
FNDA:0,(anonymous_17)
FNDA:0,(anonymous_18)
FNDA:0,(anonymous_19)
FNDA:0,(anonymous_20)
FNDA:0,(anonymous_21)
FNDA:0,(anonymous_22)
FNDA:0,(anonymous_23)
FNDA:0,(anonymous_24)
FNDA:0,(anonymous_25)
FNDA:0,(anonymous_26)
FNDA:0,(anonymous_27)
FNDA:0,(anonymous_28)
FNDA:0,(anonymous_29)
FNDA:0,(anonymous_30)
FNDA:0,(anonymous_31)
FNDA:0,(anonymous_32)
FNDA:0,(anonymous_33)
FNDA:0,(anonymous_34)
FNDA:0,(anonymous_35)
FNDA:0,(anonymous_36)
FNDA:0,(anonymous_37)
FNDA:0,(anonymous_38)
DA:1,1
DA:2,1
DA:4,1
DA:5,1
DA:6,1
DA:23,0
DA:24,0
DA:26,0
DA:27,0
DA:28,0
DA:30,0
DA:31,0
DA:32,0
DA:33,0
DA:36,0
DA:37,0
DA:38,0
DA:39,0
DA:42,0
DA:44,0
DA:45,0
DA:47,0
DA:49,0
DA:58,0
DA:66,0
DA:67,0
DA:68,0
DA:69,0
DA:71,0
DA:72,0
DA:73,0
DA:75,0
DA:86,0
DA:87,0
DA:88,0
DA:90,0
DA:91,0
DA:102,0
DA:103,0
DA:116,0
DA:118,0
DA:120,0
DA:123,0
DA:127,0
DA:128,0
DA:129,0
DA:130,0
DA:133,0
DA:145,0
DA:147,0
DA:150,0
DA:151,0
DA:152,0
DA:153,0
DA:154,0
DA:158,0
DA:171,0
DA:172,0
DA:174,0
DA:177,0
DA:178,0
DA:179,0
DA:181,0
DA:193,0
DA:196,0
DA:197,0
DA:198,0
DA:199,0
DA:201,0
DA:203,0
DA:206,0
DA:207,0
DA:209,0
DA:210,0
DA:211,0
DA:215,0
DA:228,0
DA:229,0
DA:230,0
DA:231,0
DA:232,0
DA:233,0
DA:234,0
DA:237,0
DA:238,0
DA:239,0
DA:241,0
DA:242,0
DA:243,0
DA:244,0
DA:245,0
DA:247,0
DA:249,0
DA:252,0
DA:257,0
DA:268,0
DA:269,0
DA:271,0
DA:273,0
DA:274,0
DA:275,0
DA:277,0
DA:278,0
DA:281,0
DA:282,0
DA:285,0
DA:286,0
DA:287,0
DA:289,0
DA:291,0
DA:301,0
DA:302,0
DA:304,0
DA:305,0
DA:307,0
DA:308,0
DA:309,0
DA:310,0
DA:311,0
DA:312,0
DA:313,0
DA:314,0
DA:315,0
DA:320,0
DA:321,0
DA:323,0
DA:332,0
DA:333,0
DA:335,0
DA:336,0
DA:337,0
DA:339,0
DA:340,0
DA:341,0
DA:344,0
DA:346,0
DA:347,0
DA:348,0
DA:350,0
DA:351,0
DA:352,0
DA:353,0
DA:354,0
DA:355,0
DA:357,0
DA:359,0
DA:360,0
DA:370,0
DA:371,0
DA:372,0
DA:373,0
DA:374,0
DA:376,0
DA:379,0
DA:380,0
DA:381,0
DA:383,0
DA:386,0
DA:389,0
DA:390,0
DA:394,0
DA:395,0
DA:396,0
DA:398,0
DA:401,0
DA:403,0
DA:415,0
DA:416,0
DA:418,0
DA:430,0
DA:431,0
DA:432,0
DA:433,0
DA:434,0
DA:444,0
DA:445,0
DA:446,0
DA:447,0
DA:448,0
DA:451,0
DA:452,0
DA:453,0
DA:454,0
DA:455,0
DA:458,0
DA:466,0
DA:467,0
DA:468,0
DA:469,0
DA:470,0
DA:472,0
DA:476,1
LF:192
LH:6
BRDA:31,0,0,0
BRDA:31,0,1,0
BRDA:37,1,0,0
BRDA:37,1,1,0
BRDA:66,2,0,0
BRDA:66,2,1,0
BRDA:72,3,0,0
BRDA:72,3,1,0
BRDA:72,4,0,0
BRDA:72,4,1,0
BRDA:72,4,2,0
BRDA:102,5,0,0
BRDA:102,5,1,0
BRDA:102,6,0,0
BRDA:102,6,1,0
BRDA:118,7,0,0
BRDA:118,7,1,0
BRDA:118,8,0,0
BRDA:118,8,1,0
BRDA:120,9,0,0
BRDA:120,9,1,0
BRDA:128,10,0,0
BRDA:128,10,1,0
BRDA:147,11,0,0
BRDA:147,11,1,0
BRDA:153,12,0,0
BRDA:153,12,1,0
BRDA:172,13,0,0
BRDA:172,13,1,0
BRDA:172,14,0,0
BRDA:172,14,1,0
BRDA:174,15,0,0
BRDA:174,15,1,0
BRDA:193,16,0,0
BRDA:193,16,1,0
BRDA:210,17,0,0
BRDA:210,17,1,0
BRDA:230,18,0,0
BRDA:230,18,1,0
BRDA:233,19,0,0
BRDA:233,19,1,0
BRDA:239,20,0,0
BRDA:239,20,1,0
BRDA:241,21,0,0
BRDA:241,21,1,0
BRDA:244,22,0,0
BRDA:244,22,1,0
BRDA:247,23,0,0
BRDA:247,23,1,0
BRDA:273,24,0,0
BRDA:273,24,1,0
BRDA:277,25,0,0
BRDA:277,25,1,0
BRDA:281,26,0,0
BRDA:281,26,1,0
BRDA:285,27,0,0
BRDA:285,27,1,0
BRDA:286,28,0,0
BRDA:286,28,1,0
BRDA:307,29,0,0
BRDA:307,29,1,0
BRDA:311,30,0,0
BRDA:311,30,1,0
BRDA:314,31,0,0
BRDA:314,31,1,0
BRDA:339,32,0,0
BRDA:339,32,1,0
BRDA:344,33,0,0
BRDA:344,33,1,0
BRDA:352,34,0,0
BRDA:352,34,1,0
BRDA:372,35,0,0
BRDA:372,35,1,0
BRDA:376,36,0,0
BRDA:376,36,1,0
BRDA:376,36,2,0
BRDA:380,37,0,0
BRDA:380,37,1,0
BRDA:389,38,0,0
BRDA:389,38,1,0
BRDA:395,39,0,0
BRDA:395,39,1,0
BRDA:415,40,0,0
BRDA:415,40,1,0
BRDA:432,41,0,0
BRDA:432,41,1,0
BRDA:433,42,0,0
BRDA:433,42,1,0
BRDA:469,43,0,0
BRDA:469,43,1,0
BRF:90
BRH:0
end_of_record
TN:
SF:/Users/jfh/Work/OIBus/src/engine/Engine.class.js
FN:47,(anonymous_0)
FN:77,(anonymous_1)
FN:83,(anonymous_2)
FN:93,(anonymous_3)
FN:123,(anonymous_4)
FN:136,(anonymous_5)
FN:147,(anonymous_6)
FN:164,(anonymous_7)
FN:182,(anonymous_8)
FN:189,(anonymous_9)
FN:205,(anonymous_10)
FN:223,(anonymous_11)
FN:225,(anonymous_12)
FN:227,(anonymous_13)
FN:249,(anonymous_14)
FN:251,(anonymous_15)
FN:256,(anonymous_16)
FN:262,(anonymous_17)
FN:280,(anonymous_18)
FN:283,(anonymous_19)
FN:293,(anonymous_20)
FN:302,(anonymous_21)
FN:312,(anonymous_22)
FN:321,(anonymous_23)
FN:329,(anonymous_24)
FN:337,(anonymous_25)
FN:341,(anonymous_26)
FN:355,(anonymous_27)
FNF:28
FNH:0
FNDA:0,(anonymous_0)
FNDA:0,(anonymous_1)
FNDA:0,(anonymous_2)
FNDA:0,(anonymous_3)
FNDA:0,(anonymous_4)
FNDA:0,(anonymous_5)
FNDA:0,(anonymous_6)
FNDA:0,(anonymous_7)
FNDA:0,(anonymous_8)
FNDA:0,(anonymous_9)
FNDA:0,(anonymous_10)
FNDA:0,(anonymous_11)
FNDA:0,(anonymous_12)
FNDA:0,(anonymous_13)
FNDA:0,(anonymous_14)
FNDA:0,(anonymous_15)
FNDA:0,(anonymous_16)
FNDA:0,(anonymous_17)
FNDA:0,(anonymous_18)
FNDA:0,(anonymous_19)
FNDA:0,(anonymous_20)
FNDA:0,(anonymous_21)
FNDA:0,(anonymous_22)
FNDA:0,(anonymous_23)
FNDA:0,(anonymous_24)
FNDA:0,(anonymous_25)
FNDA:0,(anonymous_26)
FNDA:0,(anonymous_27)
DA:1,1
DA:2,1
DA:4,1
DA:5,1
DA:8,1
DA:9,1
DA:10,1
DA:11,1
DA:12,1
DA:13,1
DA:14,1
DA:15,1
DA:18,1
DA:19,1
DA:20,1
DA:21,1
DA:22,1
DA:23,1
DA:24,1
DA:25,1
DA:28,1
DA:29,1
DA:30,1
DA:31,1
DA:48,0
DA:50,0
DA:51,0
DA:54,0
DA:55,0
DA:58,0
DA:59,0
DA:68,0
DA:76,0
DA:77,0
DA:78,0
DA:83,0
DA:84,0
DA:85,0
DA:86,0
DA:87,0
DA:88,0
DA:90,0
DA:92,0
DA:93,0
DA:94,0
DA:95,0
DA:96,0
DA:98,0
DA:102,0
DA:109,0
DA:110,0
DA:111,0
DA:113,0
DA:124,0
DA:125,0
DA:137,0
DA:138,0
DA:148,0
DA:149,0
DA:150,0
DA:151,0
DA:153,0
DA:155,0
DA:165,0
DA:166,0
DA:168,0
DA:169,0
DA:171,0
DA:174,0
DA:183,0
DA:185,0
DA:186,0
DA:189,0
DA:190,0
DA:192,0
DA:193,0
DA:194,0
DA:195,0
DA:196,0
DA:198,0
DA:204,0
DA:205,0
DA:206,0
DA:208,0
DA:209,0
DA:210,0
DA:211,0
DA:212,0
DA:214,0
DA:220,0
DA:223,0
DA:224,0
DA:225,0
DA:227,0
DA:228,0
DA:229,0
DA:231,0
DA:235,0
DA:236,0
DA:238,0
DA:242,0
DA:251,0
DA:252,0
DA:256,0
DA:257,0
DA:258,0
DA:262,0
DA:263,0
DA:264,0
DA:268,0
DA:269,0
DA:271,0
DA:272,0
DA:281,0
DA:283,0
DA:284,0
DA:294,0
DA:303,0
DA:304,0
DA:313,0
DA:314,0
DA:322,0
DA:330,0
DA:338,0
DA:340,0
DA:341,0
DA:342,0
DA:343,0
DA:349,0
DA:350,0
DA:351,0
DA:355,0
DA:356,0
DA:357,0
DA:358,0
DA:359,0
DA:360,0
DA:365,1
LF:138
LH:25
BRDA:84,0,0,0
BRDA:84,0,1,0
BRDA:85,1,0,0
BRDA:85,1,1,0
BRDA:86,2,0,0
BRDA:86,2,1,0
BRDA:88,3,0,0
BRDA:88,3,1,0
BRDA:92,4,0,0
BRDA:92,4,1,0
BRDA:92,5,0,0
BRDA:92,5,1,0
BRDA:94,6,0,0
BRDA:94,6,1,0
BRDA:96,7,0,0
BRDA:96,7,1,0
BRDA:124,8,0,0
BRDA:124,8,1,0
BRDA:193,9,0,0
BRDA:193,9,1,0
BRDA:194,10,0,0
BRDA:194,10,1,0
BRDA:209,11,0,0
BRDA:209,11,1,0
BRDA:210,12,0,0
BRDA:210,12,1,0
BRDA:224,13,0,0
BRDA:224,13,1,0
BRDA:235,14,0,0
BRDA:235,14,1,0
BRDA:342,15,0,0
BRDA:342,15,1,0
BRDA:349,16,0,0
BRDA:349,16,1,0
BRDA:351,17,0,0
BRDA:351,17,1,0
BRF:36
BRH:0
end_of_record
TN:
SF:/Users/jfh/Work/OIBus/src/north/ApiHandler.class.js
FN:29,(anonymous_0)
FN:47,(anonymous_1)
FN:57,(anonymous_2)
FN:69,(anonymous_3)
FN:80,(anonymous_4)
FN:90,(anonymous_5)
FN:94,(anonymous_6)
FN:105,(anonymous_7)
FN:118,(anonymous_8)
FNF:9
FNH:1
FNDA:4,(anonymous_0)
FNDA:0,(anonymous_1)
FNDA:0,(anonymous_2)
FNDA:0,(anonymous_3)
FNDA:0,(anonymous_4)
FNDA:0,(anonymous_5)
FNDA:0,(anonymous_6)
FNDA:0,(anonymous_7)
FNDA:0,(anonymous_8)
DA:1,2
DA:3,2
DA:30,4
DA:31,4
DA:33,4
DA:35,4
DA:36,4
DA:37,4
DA:38,4
DA:39,4
DA:48,0
DA:49,0
DA:58,0
DA:59,0
DA:70,0
DA:71,0
DA:81,0
DA:82,0
DA:91,0
DA:93,0
DA:94,0
DA:97,0
DA:106,0
DA:107,0
DA:108,0
DA:110,0
DA:119,0
DA:120,0
DA:121,0
DA:125,2
LF:30
LH:11
BRDA:93,0,0,0
BRDA:93,0,1,0
BRDA:107,1,0,0
BRDA:107,1,1,0
BRDA:110,2,0,0
BRDA:110,2,1,0
BRF:6
BRH:0
end_of_record
TN:
SF:/Users/jfh/Work/OIBus/src/north/alivesignal/AliveSignal.class.js
FN:19,(anonymous_0)
FN:36,(anonymous_1)
FN:44,(anonymous_2)
FN:48,(anonymous_3)
FNF:4
FNH:0
FNDA:0,(anonymous_0)
FNDA:0,(anonymous_1)
FNDA:0,(anonymous_2)
FNDA:0,(anonymous_3)
DA:1,1
DA:3,1
DA:4,1
DA:6,1
DA:20,0
DA:22,0
DA:24,0
DA:25,0
DA:26,0
DA:27,0
DA:29,0
DA:37,0
DA:45,0
DA:49,0
DA:50,0
DA:53,0
DA:54,0
DA:55,0
DA:56,0
DA:59,0
DA:60,0
DA:62,0
DA:64,0
DA:65,0
DA:68,0
DA:71,0
DA:77,0
DA:78,0
DA:79,0
DA:80,0
DA:82,0
DA:85,0
DA:88,0
DA:92,1
LF:34
LH:5
BRDA:22,0,0,0
BRDA:53,1,0,0
BRDA:53,1,1,0
BRDA:59,2,0,0
BRDA:59,2,1,0
BRDA:60,3,0,0
BRDA:60,4,0,0
BRDA:64,5,0,0
BRDA:64,5,1,0
BRDA:64,6,0,0
BRDA:64,6,1,0
BRDA:79,7,0,0
BRDA:79,7,1,0
BRF:13
BRH:0
end_of_record
TN:
SF:/Users/jfh/Work/OIBus/src/north/alivesignal/AliveSignal.schema.jsx
FNF:0
FNH:0
DA:4,1
DA:5,1
LF:2
LH:2
BRF:0
BRH:0
end_of_record
TN:
SF:/Users/jfh/Work/OIBus/src/north/amazon/AmazonS3.class.js
FN:20,(anonymous_0)
FN:58,(anonymous_1)
FNF:2
FNH:0
FNDA:0,(anonymous_0)
FNDA:0,(anonymous_1)
DA:1,1
DA:2,1
DA:4,1
DA:5,1
DA:7,1
DA:21,0
DA:23,0
DA:25,0
DA:26,0
DA:28,0
DA:33,0
DA:34,0
DA:35,0
DA:37,0
DA:39,0
DA:40,0
DA:43,0
DA:45,0
DA:48,0
DA:50,0
DA:59,0
DA:65,0
DA:66,0
DA:68,0
DA:71,0
DA:75,1
LF:26
LH:6
BRDA:23,0,0,0
BRDA:34,1,0,0
BRDA:34,1,1,0
BRDA:35,2,0,0
BRDA:35,3,0,0
BRDA:39,4,0,0
BRDA:39,4,1,0
BRDA:39,5,0,0
BRDA:39,5,1,0
BRF:9
BRH:0
end_of_record
TN:
SF:/Users/jfh/Work/OIBus/src/north/amazon/AmazonS3.schema.jsx
FNF:0
FNH:0
DA:4,1
DA:5,1
LF:2
LH:2
BRF:0
BRH:0
end_of_record
TN:
SF:/Users/jfh/Work/OIBus/src/north/console/Console.class.js
FN:12,(anonymous_0)
FN:24,(anonymous_1)
FN:39,(anonymous_2)
FNF:3
FNH:3
FNDA:4,(anonymous_0)
FNDA:2,(anonymous_1)
FNDA:1,(anonymous_2)
DA:1,2
DA:2,2
DA:13,4
DA:14,4
DA:15,4
DA:16,4
DA:25,2
DA:26,1
DA:28,1
DA:30,2
DA:40,1
DA:41,1
DA:42,1
DA:46,1
DA:47,1
DA:51,2
LF:16
LH:16
BRDA:16,0,0,4
BRDA:16,0,1,3
BRDA:25,1,0,1
BRDA:25,1,1,1
BRF:4
BRH:4
end_of_record
TN:
SF:/Users/jfh/Work/OIBus/src/north/console/Console.schema.jsx
FNF:0
FNH:0
DA:3,1
DA:4,1
LF:2
LH:2
BRF:0
BRH:0
end_of_record
TN:
SF:/Users/jfh/Work/OIBus/src/north/influxdb/InfluxDB.class.js
FN:10,(anonymous_0)
FN:15,(anonymous_1)
FN:27,(anonymous_2)
FN:45,(anonymous_3)
FN:56,(anonymous_4)
FN:65,(anonymous_5)
FN:66,(anonymous_6)
FN:72,(anonymous_7)
FN:80,(anonymous_8)
FN:90,(anonymous_9)
FN:132,(anonymous_10)
FN:139,(anonymous_11)
FNF:12
FNH:0
FNDA:0,(anonymous_0)
FNDA:0,(anonymous_1)
FNDA:0,(anonymous_2)
FNDA:0,(anonymous_3)
FNDA:0,(anonymous_4)
FNDA:0,(anonymous_5)
FNDA:0,(anonymous_6)
FNDA:0,(anonymous_7)
FNDA:0,(anonymous_8)
FNDA:0,(anonymous_9)
FNDA:0,(anonymous_10)
FNDA:0,(anonymous_11)
DA:1,1
DA:3,1
DA:10,1
DA:11,0
DA:12,0
DA:16,0
DA:17,0
DA:19,0
DA:27,1
DA:28,0
DA:29,0
DA:31,0
DA:46,0
DA:48,0
DA:57,0
DA:66,0
DA:67,0
DA:68,0
DA:70,0
DA:72,0
DA:73,0
DA:74,0
DA:75,0
DA:76,0
DA:79,0
DA:80,0
DA:81,0
DA:82,0
DA:86,0
DA:89,0
DA:90,0
DA:91,0
DA:92,0
DA:96,0
DA:97,0
DA:99,0
DA:100,0
DA:102,0
DA:103,0
DA:105,0
DA:107,0
DA:108,0
DA:110,0
DA:111,0
DA:113,0
DA:114,0
DA:116,0
DA:120,0
DA:122,0
DA:127,0
DA:133,0
DA:134,0
DA:136,0
DA:140,0
DA:146,1
LF:55
LH:5
BRDA:28,0,0,0
BRDA:28,0,1,0
BRDA:67,1,0,0
BRDA:81,2,0,0
BRDA:81,2,1,0
BRDA:91,3,0,0
BRDA:91,3,1,0
BRDA:97,4,0,0
BRDA:97,4,1,0
BRDA:97,4,2,0
BRDA:97,4,3,0
BRDA:97,4,4,0
BRDA:97,4,5,0
BRDA:97,4,6,0
BRDA:133,5,0,0
BRDA:133,5,1,0
BRF:16
BRH:0
end_of_record
TN:
SF:/Users/jfh/Work/OIBus/src/north/influxdb/InfluxDB.schema.jsx
FNF:0
FNH:0
DA:4,1
DA:5,1
LF:2
LH:2
BRF:0
BRH:0
end_of_record
TN:
SF:/Users/jfh/Work/OIBus/src/north/oianalyticsfile/OIAnalyticsFile.class.js
FN:24,(anonymous_0)
FN:44,(anonymous_1)
FN:83,(anonymous_2)
FN:116,(anonymous_3)
FN:126,(anonymous_4)
FN:152,(anonymous_5)
FN:192,(anonymous_6)
FNF:7
FNH:0
FNDA:0,(anonymous_0)
FNDA:0,(anonymous_1)
FNDA:0,(anonymous_2)
FNDA:0,(anonymous_3)
FNDA:0,(anonymous_4)
FNDA:0,(anonymous_5)
FNDA:0,(anonymous_6)
DA:1,1
DA:2,1
DA:4,1
DA:5,1
DA:6,1
DA:7,1
DA:8,1
DA:9,1
DA:11,1
DA:25,0
DA:27,0
DA:29,0
DA:30,0
DA:31,0
DA:32,0
DA:34,0
DA:36,0
DA:45,0
DA:46,0
DA:47,0
DA:48,0
DA:50,0
DA:53,0
DA:54,0
DA:55,0
DA:56,0
DA:59,0
DA:60,0
DA:62,0
DA:63,0
DA:65,0
DA:66,0
DA:68,0
DA:71,0
DA:74,0
DA:84,0
DA:86,0
DA:91,0
DA:92,0
DA:94,0
DA:99,0
DA:100,0
DA:103,0
DA:104,0
DA:105,0
DA:108,0
DA:116,0
DA:117,0
DA:120,0
DA:121,0
DA:122,0
DA:123,0
DA:125,0
DA:126,0
DA:127,0
DA:130,0
DA:137,0
DA:138,0
DA:140,0
DA:143,0
DA:153,0
DA:154,0
DA:155,0
DA:156,0
DA:157,0
DA:159,0
DA:163,0
DA:177,0
DA:178,0
DA:180,0
DA:183,0
DA:193,0
DA:195,0
DA:196,0
DA:198,0
DA:200,0
DA:201,0
DA:204,0
DA:207,0
DA:208,0
DA:209,0
DA:210,0
DA:212,0
DA:220,0
DA:221,0
DA:222,0
DA:223,0
DA:226,0
DA:229,0
DA:233,1
LF:90
LH:10
BRDA:27,0,0,0
BRDA:27,1,0,0
BRDA:27,2,0,0
BRDA:53,3,0,0
BRDA:53,3,1,0
BRDA:60,4,0,0
BRDA:60,4,1,0
BRDA:60,4,2,0
BRDA:91,5,0,0
BRDA:91,5,1,0
BRDA:92,6,0,0
BRDA:92,7,0,0
BRDA:99,8,0,0
BRDA:99,8,1,0
BRDA:99,9,0,0
BRDA:99,9,1,0
BRDA:104,10,0,0
BRDA:104,10,1,0
BRDA:154,11,0,0
BRDA:154,11,1,0
BRDA:155,12,0,0
BRDA:155,13,0,0
BRDA:156,14,0,0
BRDA:156,14,1,0
BRDA:156,15,0,0
BRDA:156,15,1,0
BRDA:195,16,0,0
BRDA:195,16,1,0
BRDA:196,17,0,0
BRDA:196,18,0,0
BRDA:200,19,0,0
BRDA:200,19,1,0
BRDA:200,20,0,0
BRDA:200,20,1,0
BRDA:222,21,0,0
BRDA:222,21,1,0
BRF:36
BRH:0
end_of_record
TN:
SF:/Users/jfh/Work/OIBus/src/north/oianalyticsfile/OIAnalyticsFile.schema.jsx
FNF:0
FNH:0
DA:4,1
DA:5,1
LF:2
LH:2
BRF:0
BRH:0
end_of_record
TN:
SF:/Users/jfh/Work/OIBus/src/north/oiconnect/OIConnect.class.js
FN:19,(anonymous_0)
FN:39,(anonymous_1)
FN:75,(anonymous_2)
FN:110,(anonymous_3)
FN:136,(anonymous_4)
FN:173,(anonymous_5)
FNF:6
FNH:0
FNDA:0,(anonymous_0)
FNDA:0,(anonymous_1)
FNDA:0,(anonymous_2)
FNDA:0,(anonymous_3)
FNDA:0,(anonymous_4)
FNDA:0,(anonymous_5)
DA:1,1
DA:3,1
DA:4,1
DA:5,1
DA:6,1
DA:7,1
DA:9,1
DA:20,0
DA:22,0
DA:24,0
DA:25,0
DA:26,0
DA:27,0
DA:29,0
DA:31,0
DA:40,0
DA:43,0
DA:45,0
DA:46,0
DA:47,0
DA:48,0
DA:50,0
DA:51,0
DA:52,0
DA:54,0
DA:55,0
DA:57,0
DA:58,0
DA:60,0
DA:63,0
DA:66,0
DA:76,0
DA:78,0
DA:80,0
DA:85,0
DA:86,0
DA:88,0
DA:93,0
DA:94,0
DA:97,0
DA:98,0
DA:99,0
DA:102,0
DA:110,0
DA:111,0
DA:114,0
DA:121,0
DA:122,0
DA:124,0
DA:127,0
DA:137,0
DA:139,0
DA:140,0
DA:141,0
DA:142,0
DA:143,0
DA:145,0
DA:149,0
DA:158,0
DA:159,0
DA:161,0
DA:164,0
DA:174,0
DA:176,0
DA:178,0
DA:179,0
DA:181,0
DA:183,0
DA:184,0
DA:187,0
DA:190,0
DA:198,0
DA:199,0
DA:200,0
DA:201,0
DA:204,0
DA:207,0
DA:211,1
LF:78
LH:8
BRDA:22,0,0,0
BRDA:22,1,0,0
BRDA:22,2,0,0
BRDA:45,3,0,0
BRDA:45,3,1,0
BRDA:52,4,0,0
BRDA:52,4,1,0
BRDA:52,4,2,0
BRDA:85,5,0,0
BRDA:85,5,1,0
BRDA:86,6,0,0
BRDA:86,7,0,0
BRDA:93,8,0,0
BRDA:93,8,1,0
BRDA:93,9,0,0
BRDA:93,9,1,0
BRDA:98,10,0,0
BRDA:98,10,1,0
BRDA:140,11,0,0
BRDA:140,11,1,0
BRDA:141,12,0,0
BRDA:141,13,0,0
BRDA:142,14,0,0
BRDA:142,14,1,0
BRDA:142,15,0,0
BRDA:142,15,1,0
BRDA:178,16,0,0
BRDA:178,16,1,0
BRDA:179,17,0,0
BRDA:179,18,0,0
BRDA:183,19,0,0
BRDA:183,19,1,0
BRDA:183,20,0,0
BRDA:183,20,1,0
BRDA:200,21,0,0
BRDA:200,21,1,0
BRF:36
BRH:0
end_of_record
TN:
SF:/Users/jfh/Work/OIBus/src/north/oiconnect/OIConnect.schema.jsx
FNF:0
FNH:0
DA:4,1
DA:5,1
LF:2
LH:2
BRF:0
BRH:0
end_of_record
TN:
SF:/Users/jfh/Work/OIBus/src/north/timescaledb/TimescaleDB.class.js
FN:10,(anonymous_0)
FN:15,(anonymous_1)
FN:27,(anonymous_2)
FN:42,(anonymous_3)
FN:53,(anonymous_4)
FN:62,(anonymous_5)
FN:63,(anonymous_6)
FN:69,(anonymous_7)
FN:77,(anonymous_8)
FN:88,(anonymous_9)
FN:99,(anonymous_10)
FN:119,(anonymous_11)
FNF:12
FNH:0
FNDA:0,(anonymous_0)
FNDA:0,(anonymous_1)
FNDA:0,(anonymous_2)
FNDA:0,(anonymous_3)
FNDA:0,(anonymous_4)
FNDA:0,(anonymous_5)
FNDA:0,(anonymous_6)
FNDA:0,(anonymous_7)
FNDA:0,(anonymous_8)
FNDA:0,(anonymous_9)
FNDA:0,(anonymous_10)
FNDA:0,(anonymous_11)
DA:1,1
DA:3,1
DA:10,1
DA:11,0
DA:12,0
DA:16,0
DA:17,0
DA:19,0
DA:27,1
DA:28,0
DA:29,0
DA:31,0
DA:43,0
DA:45,0
DA:54,0
DA:63,0
DA:64,0
DA:66,0
DA:68,0
DA:69,0
DA:70,0
DA:71,0
DA:75,0
DA:77,0
DA:78,0
DA:80,0
DA:82,0
DA:83,0
DA:84,0
DA:85,0
DA:88,0
DA:89,0
DA:90,0
DA:92,0
DA:93,0
DA:97,0
DA:98,0
DA:99,0
DA:100,0
DA:101,0
DA:103,0
DA:104,0
DA:106,0
DA:107,0
DA:109,0
DA:111,0
DA:113,0
DA:117,0
DA:119,0
DA:120,0
DA:121,0
DA:123,0
DA:130,1
LF:53
LH:5
BRDA:28,0,0,0
BRDA:28,0,1,0
BRDA:70,1,0,0
BRDA:70,1,1,0
BRDA:89,2,0,0
BRDA:89,2,1,0
BRDA:92,3,0,0
BRDA:92,3,1,0
BRDA:100,4,0,0
BRDA:100,4,1,0
BRDA:103,5,0,0
BRDA:103,5,1,0
BRDA:120,6,0,0
BRDA:120,6,1,0
BRF:14
BRH:0
end_of_record
TN:
SF:/Users/jfh/Work/OIBus/src/north/timescaledb/TimescaleDB.schema.jsx
FNF:0
FNH:0
DA:4,1
DA:5,1
LF:2
LH:2
BRF:0
BRH:0
end_of_record
TN:
SF:/Users/jfh/Work/OIBus/src/server/Server.class.js
FN:25,(anonymous_0)
FN:55,(anonymous_1)
FN:85,(anonymous_2)
FN:103,(anonymous_3)
FN:104,(anonymous_4)
FNF:5
FNH:0
FNDA:0,(anonymous_0)
FNDA:0,(anonymous_1)
FNDA:0,(anonymous_2)
FNDA:0,(anonymous_3)
FNDA:0,(anonymous_4)
DA:1,1
DA:2,1
DA:3,1
DA:4,1
DA:5,1
DA:6,1
DA:8,1
DA:9,1
DA:10,1
DA:11,1
DA:13,1
DA:26,0
DA:28,0
DA:29,0
DA:32,0
DA:33,0
DA:35,0
DA:36,0
DA:38,0
DA:39,0
DA:40,0
DA:41,0
DA:44,0
DA:49,0
DA:52,0
DA:55,0
DA:56,0
DA:57,0
DA:59,0
DA:60,0
DA:61,0
DA:62,0
DA:63,0
DA:65,0
DA:74,0
DA:77,0
DA:80,0
DA:86,0
DA:92,0
DA:95,0
DA:98,0
DA:99,0
DA:100,0
DA:104,0
DA:108,1
LF:45
LH:12
BRDA:33,0,0,0
BRDA:38,1,0,0
BRDA:38,1,1,0
BRDA:40,2,0,0
BRDA:40,2,1,0
BRDA:59,3,0,0
BRDA:59,3,1,0
BRF:7
BRH:0
end_of_record
TN:
SF:/Users/jfh/Work/OIBus/src/server/controllers/clientController.js
FN:3,(anonymous_0)
FNF:1
FNH:0
FNDA:0,(anonymous_0)
DA:1,1
DA:3,1
DA:4,0
DA:5,0
DA:6,0
DA:10,0
DA:11,0
DA:12,0
DA:16,1
LF:9
LH:3
BRDA:6,0,0,0
BRDA:6,0,1,0
BRDA:6,0,2,0
BRDA:6,0,3,0
BRF:4
BRH:0
end_of_record
TN:
SF:/Users/jfh/Work/OIBus/src/server/controllers/configController.js
FN:6,(anonymous_0)
FN:15,(anonymous_1)
FN:24,(anonymous_2)
FN:38,(anonymous_3)
FN:52,(anonymous_4)
FNF:5
FNH:0
FNDA:0,(anonymous_0)
FNDA:0,(anonymous_1)
FNDA:0,(anonymous_2)
FNDA:0,(anonymous_3)
FNDA:0,(anonymous_4)
DA:6,1
DA:7,0
DA:15,1
DA:16,0
DA:24,1
DA:25,0
DA:26,0
DA:27,0
DA:29,0
DA:38,1
DA:39,0
DA:40,0
DA:41,0
DA:43,0
DA:52,1
DA:53,0
DA:54,0
DA:55,0
DA:57,0
DA:61,1
LF:20
LH:6
BRF:0
BRH:0
end_of_record
TN:
SF:/Users/jfh/Work/OIBus/src/server/controllers/engineController.js
FN:9,(anonymous_0)
FN:45,(anonymous_1)
FN:54,(anonymous_2)
FN:63,(anonymous_3)
FN:75,(anonymous_4)
FNF:5
FNH:0
FNDA:0,(anonymous_0)
FNDA:0,(anonymous_1)
FNDA:0,(anonymous_2)
FNDA:0,(anonymous_3)
FNDA:0,(anonymous_4)
DA:1,1
DA:2,1
DA:9,1
DA:10,0
DA:11,0
DA:12,0
DA:14,0
DA:15,0
DA:16,0
DA:18,0
DA:37,0
DA:45,1
DA:46,0
DA:54,1
DA:55,0
DA:63,1
DA:64,0
DA:66,0
DA:75,1
DA:76,0
DA:77,0
DA:78,0
DA:79,0
DA:81,0
DA:85,1
LF:25
LH:8
BRDA:81,0,0,0
BRDA:81,0,1,0
BRF:2
BRH:0
end_of_record
TN:
SF:/Users/jfh/Work/OIBus/src/server/controllers/logController.js
FN:12,(anonymous_0)
FNF:1
FNH:0
FNDA:0,(anonymous_0)
DA:1,1
DA:12,1
DA:13,0
DA:14,0
DA:15,0
DA:16,0
DA:17,0
DA:18,0
DA:19,0
DA:21,0
DA:22,0
DA:25,1
LF:12
LH:3
BRDA:17,0,0,0
BRDA:17,0,1,0
BRDA:18,1,0,0
BRDA:18,1,1,0
BRF:4
BRH:0
end_of_record
TN:
SF:/Users/jfh/Work/OIBus/src/server/controllers/pointController.js
FN:10,(anonymous_0)
FNF:1
FNH:0
FNDA:0,(anonymous_0)
DA:1,1
DA:10,1
DA:11,0
DA:12,0
DA:15,0
DA:16,0
DA:17,0
DA:18,0
DA:20,0
DA:24,1
LF:10
LH:3
BRDA:11,0,0,0
BRDA:11,0,1,0
BRF:2
BRH:0
end_of_record
TN:
SF:/Users/jfh/Work/OIBus/src/server/middlewares/auth.js
FN:20,(anonymous_0)
FN:27,(anonymous_1)
FNF:2
FNH:0
FNDA:0,(anonymous_0)
FNDA:0,(anonymous_1)
DA:4,1
DA:6,1
DA:20,1
DA:21,0
DA:23,0
DA:24,0
DA:27,0
DA:28,0
DA:29,0
DA:30,0
DA:31,0
DA:33,0
DA:37,1
LF:13
LH:4
BRDA:20,0,0,0
BRDA:21,1,0,0
BRDA:21,1,1,0
BRDA:23,2,0,0
BRDA:23,2,1,0
BRDA:29,3,0,0
BRDA:29,3,1,0
BRDA:29,4,0,0
BRDA:29,4,1,0
BRDA:29,4,2,0
BRDA:30,5,0,0
BRDA:30,5,1,0
BRF:12
BRH:0
end_of_record
TN:
SF:/Users/jfh/Work/OIBus/src/server/middlewares/ipFilter.js
FN:13,(anonymous_0)
FN:13,(anonymous_1)
FNF:2
FNH:0
FNDA:0,(anonymous_0)
FNDA:0,(anonymous_1)
DA:4,1
DA:13,1
DA:14,0
DA:15,0
DA:16,0
DA:18,0
DA:19,0
DA:23,1
LF:8
LH:3
BRDA:15,0,0,0
BRDA:15,0,1,0
BRF:2
BRH:0
end_of_record
TN:
SF:/Users/jfh/Work/OIBus/src/server/routes/index.js
FNF:0
FNH:0
DA:1,1
DA:3,1
DA:4,1
DA:5,1
DA:6,1
DA:8,1
DA:10,1
DA:11,1
DA:12,1
DA:13,1
DA:14,1
DA:15,1
DA:17,1
DA:18,1
DA:19,1
DA:20,1
DA:21,1
DA:23,1
DA:25,1
LF:19
LH:19
BRF:0
BRH:0
end_of_record
TN:
SF:/Users/jfh/Work/OIBus/src/services/config.service.class.js
FN:17,(anonymous_0)
FN:42,(anonymous_1)
FN:58,(anonymous_2)
FN:77,(anonymous_3)
FN:91,(anonymous_4)
FN:99,(anonymous_5)
FN:113,(anonymous_6)
FN:130,(anonymous_7)
FN:143,(anonymous_8)
FN:151,(anonymous_9)
FN:160,(anonymous_10)
FN:161,(anonymous_11)
FN:169,(anonymous_12)
FN:179,(anonymous_13)
FN:181,(anonymous_14)
FN:194,(anonymous_15)
FN:196,(anonymous_16)
FN:205,(anonymous_17)
FN:206,(anonymous_18)
FN:214,(anonymous_19)
FN:224,(anonymous_20)
FN:226,(anonymous_21)
FN:239,(anonymous_22)
FN:241,(anonymous_23)
FN:250,(anonymous_24)
FN:252,(anonymous_25)
FN:255,(anonymous_26)
FN:266,(anonymous_27)
FN:267,(anonymous_28)
FN:282,(anonymous_29)
FN:283,(anonymous_30)
FN:286,(anonymous_31)
FN:298,(anonymous_32)
FN:299,(anonymous_33)
FN:315,(anonymous_34)
FN:316,(anonymous_35)
FN:318,(anonymous_36)
FN:331,(anonymous_37)
FN:332,(anonymous_38)
FN:334,(anonymous_39)
FN:343,(anonymous_40)
FN:344,(anonymous_41)
FN:356,(anonymous_42)
FN:357,(anonymous_43)
FN:367,(anonymous_44)
FN:377,(anonymous_45)
FN:385,(anonymous_46)
FN:393,(anonymous_47)
FNF:48
FNH:0
FNDA:0,(anonymous_0)
FNDA:0,(anonymous_1)
FNDA:0,(anonymous_2)
FNDA:0,(anonymous_3)
FNDA:0,(anonymous_4)
FNDA:0,(anonymous_5)
FNDA:0,(anonymous_6)
FNDA:0,(anonymous_7)
FNDA:0,(anonymous_8)
FNDA:0,(anonymous_9)
FNDA:0,(anonymous_10)
FNDA:0,(anonymous_11)
FNDA:0,(anonymous_12)
FNDA:0,(anonymous_13)
FNDA:0,(anonymous_14)
FNDA:0,(anonymous_15)
FNDA:0,(anonymous_16)
FNDA:0,(anonymous_17)
FNDA:0,(anonymous_18)
FNDA:0,(anonymous_19)
FNDA:0,(anonymous_20)
FNDA:0,(anonymous_21)
FNDA:0,(anonymous_22)
FNDA:0,(anonymous_23)
FNDA:0,(anonymous_24)
FNDA:0,(anonymous_25)
FNDA:0,(anonymous_26)
FNDA:0,(anonymous_27)
FNDA:0,(anonymous_28)
FNDA:0,(anonymous_29)
FNDA:0,(anonymous_30)
FNDA:0,(anonymous_31)
FNDA:0,(anonymous_32)
FNDA:0,(anonymous_33)
FNDA:0,(anonymous_34)
FNDA:0,(anonymous_35)
FNDA:0,(anonymous_36)
FNDA:0,(anonymous_37)
FNDA:0,(anonymous_38)
FNDA:0,(anonymous_39)
FNDA:0,(anonymous_40)
FNDA:0,(anonymous_41)
FNDA:0,(anonymous_42)
FNDA:0,(anonymous_43)
FNDA:0,(anonymous_44)
FNDA:0,(anonymous_45)
FNDA:0,(anonymous_46)
FNDA:0,(anonymous_47)
DA:1,1
DA:2,1
DA:4,1
DA:6,1
DA:7,1
DA:18,0
DA:19,0
DA:21,0
DA:23,0
DA:24,0
DA:25,0
DA:26,0
DA:29,0
DA:31,0
DA:32,0
DA:34,0
DA:43,0
DA:44,0
DA:45,0
DA:46,0
DA:47,0
DA:49,0
DA:59,0
DA:60,0
DA:61,0
DA:64,0
DA:65,0
DA:67,0
DA:68,0
DA:79,0
DA:80,0
DA:81,0
DA:82,0
DA:92,0
DA:100,0
DA:114,0
DA:115,0
DA:116,0
DA:117,0
DA:118,0
DA:120,0
DA:131,0
DA:132,0
DA:134,0
DA:135,0
DA:144,0
DA:152,0
DA:161,0
DA:170,0
DA:171,0
DA:180,0
DA:181,0
DA:183,0
DA:184,0
DA:185,0
DA:195,0
DA:196,0
DA:206,0
DA:215,0
DA:216,0
DA:225,0
DA:226,0
DA:228,0
DA:229,0
DA:230,0
DA:240,0
DA:241,0
DA:251,0
DA:252,0
DA:253,0
DA:255,0
DA:256,0
DA:258,0
DA:267,0
DA:269,0
DA:270,0
DA:273,0
DA:283,0
DA:285,0
DA:286,0
DA:289,0
DA:299,0
DA:300,0
DA:301,0
DA:302,0
DA:304,0
DA:316,0
DA:317,0
DA:318,0
DA:319,0
DA:320,0
DA:332,0
DA:333,0
DA:334,0
DA:344,0
DA:345,0
DA:346,0
DA:357,0
DA:358,0
DA:359,0
DA:368,0
DA:369,0
DA:370,0
DA:378,0
DA:386,0
DA:394,0
DA:398,1
LF:107
LH:6
BRDA:23,0,0,0
BRDA:23,0,1,0
BRDA:24,1,0,0
BRDA:24,1,1,0
BRDA:45,2,0,0
BRDA:45,2,1,0
BRDA:59,3,0,0
BRDA:59,3,1,0
BRDA:114,4,0,0
BRDA:114,4,1,0
BRDA:183,5,0,0
BRDA:183,5,1,0
BRDA:228,6,0,0
BRDA:228,6,1,0
BRDA:269,7,0,0
BRDA:269,7,1,0
BRDA:269,8,0,0
BRDA:269,8,1,0
BRDA:285,9,0,0
BRDA:285,9,1,0
BRDA:285,10,0,0
BRDA:285,10,1,0
BRDA:300,11,0,0
BRDA:300,11,1,0
BRDA:301,12,0,0
BRDA:301,12,1,0
BRDA:317,13,0,0
BRDA:317,13,1,0
BRDA:317,14,0,0
BRDA:317,14,1,0
BRDA:319,15,0,0
BRDA:319,15,1,0
BRDA:333,16,0,0
BRDA:333,16,1,0
BRDA:333,17,0,0
BRDA:333,17,1,0
BRDA:345,18,0,0
BRDA:345,18,1,0
BRDA:345,19,0,0
BRDA:345,19,1,0
BRDA:358,20,0,0
BRDA:358,20,1,0
BRF:42
BRH:0
end_of_record
TN:
SF:/Users/jfh/Work/OIBus/src/services/encryption.service.js
FN:14,(anonymous_0)
FN:53,(anonymous_1)
FN:67,(anonymous_2)
FN:92,(anonymous_3)
FN:95,(anonymous_4)
FN:115,(anonymous_5)
FN:117,(anonymous_6)
FNF:7
FNH:0
FNDA:0,(anonymous_0)
FNDA:0,(anonymous_1)
FNDA:0,(anonymous_2)
FNDA:0,(anonymous_3)
FNDA:0,(anonymous_4)
FNDA:0,(anonymous_5)
FNDA:0,(anonymous_6)
DA:1,1
DA:2,1
DA:3,1
DA:5,1
DA:7,1
DA:14,1
DA:15,0
DA:16,0
DA:18,0
DA:19,0
DA:22,0
DA:23,0
DA:24,0
DA:25,0
DA:39,0
DA:40,0
DA:43,0
DA:53,1
DA:54,0
DA:55,0
DA:56,0
DA:57,0
DA:58,0
DA:67,1
DA:68,0
DA:69,0
DA:70,0
DA:71,0
DA:72,0
DA:79,0
DA:81,0
DA:82,0
DA:92,1
DA:93,0
DA:94,0
DA:95,0
DA:96,0
DA:97,0
DA:98,0
DA:99,0
DA:104,0
DA:105,0
DA:115,1
DA:116,0
DA:117,0
DA:118,0
DA:119,0
DA:120,0
DA:121,0
DA:127,1
LF:50
LH:11
BRDA:18,0,0,0
BRDA:18,0,1,0
BRDA:23,1,0,0
BRDA:23,1,1,0
BRDA:23,2,0,0
BRDA:23,2,1,0
BRDA:94,3,0,0
BRDA:94,3,1,0
BRDA:96,4,0,0
BRDA:96,4,1,0
BRDA:98,5,0,0
BRDA:98,5,1,0
BRDA:98,6,0,0
BRDA:98,6,1,0
BRDA:116,7,0,0
BRDA:116,7,1,0
BRDA:118,8,0,0
BRDA:118,8,1,0
BRDA:120,9,0,0
BRDA:120,9,1,0
BRF:20
BRH:0
end_of_record
TN:
SF:/Users/jfh/Work/OIBus/src/services/point.service.js
FN:8,(anonymous_0)
FN:18,(anonymous_1)
FN:18,(anonymous_2)
FN:26,(anonymous_3)
FN:29,(anonymous_4)
FN:39,(anonymous_5)
FN:40,(anonymous_6)
FN:45,(anonymous_7)
FN:46,(anonymous_8)
FN:55,(anonymous_9)
FN:56,(anonymous_10)
FN:57,(anonymous_11)
FN:58,(anonymous_12)
FNF:13
FNH:0
FNDA:0,(anonymous_0)
FNDA:0,(anonymous_1)
FNDA:0,(anonymous_2)
FNDA:0,(anonymous_3)
FNDA:0,(anonymous_4)
FNDA:0,(anonymous_5)
FNDA:0,(anonymous_6)
FNDA:0,(anonymous_7)
FNDA:0,(anonymous_8)
FNDA:0,(anonymous_9)
FNDA:0,(anonymous_10)
FNDA:0,(anonymous_11)
FNDA:0,(anonymous_12)
DA:1,1
DA:8,1
DA:9,0
DA:10,0
DA:18,1
DA:19,0
DA:20,0
DA:24,0
DA:27,0
DA:30,0
DA:39,1
DA:40,0
DA:41,0
DA:42,0
DA:45,0
DA:46,0
DA:55,1
DA:56,0
DA:57,0
DA:58,0
DA:61,1
LF:21
LH:6
BRDA:41,0,0,0
BRDA:41,0,1,0
BRF:2
BRH:0
end_of_record
TN:
SF:/Users/jfh/Work/OIBus/src/services/queue.class.js
FN:8,(anonymous_0)
FN:14,(anonymous_1)
FN:19,(anonymous_2)
FN:24,(anonymous_3)
FNF:4
FNH:0
FNDA:0,(anonymous_0)
FNDA:0,(anonymous_1)
FNDA:0,(anonymous_2)
FNDA:0,(anonymous_3)
DA:1,1
DA:9,0
DA:10,0
DA:11,0
DA:15,0
DA:16,0
DA:20,0
DA:21,0
DA:25,0
DA:26,0
DA:27,0
DA:28,0
DA:29,0
DA:30,0
DA:32,0
DA:34,0
DA:35,0
DA:39,1
LF:18
LH:2
BRDA:25,0,0,0
BRDA:25,0,1,0
BRDA:26,1,0,0
BRDA:26,1,1,0
BRF:4
BRH:0
end_of_record
TN:
SF:/Users/jfh/Work/OIBus/src/services/testSchema.js
FN:16,(anonymous_0)
FN:17,(anonymous_1)
FN:18,(anonymous_2)
FN:21,(anonymous_3)
FN:23,(anonymous_4)
FN:27,(anonymous_5)
FN:31,(anonymous_6)
FNF:7
FNH:7
FNDA:14,(anonymous_0)
FNDA:14,(anonymous_1)
FNDA:14,(anonymous_2)
FNDA:95,(anonymous_3)
FNDA:95,(anonymous_4)
FNDA:95,(anonymous_5)
FNDA:56,(anonymous_6)
DA:1,14
DA:16,14
DA:17,14
DA:18,14
DA:19,14
DA:21,14
DA:22,95
DA:23,95
DA:24,95
DA:25,95
DA:27,95
DA:28,95
DA:30,95
DA:31,56
DA:32,56
LF:15
LH:15
BRDA:30,0,0,56
BRDA:30,0,1,39
BRF:2
BRH:2
end_of_record
TN:
SF:/Users/jfh/Work/OIBus/src/services/validation.service.js
FN:10,(anonymous_0)
FN:10,(anonymous_1)
FN:12,(anonymous_2)
FN:18,(anonymous_3)
FN:18,(anonymous_4)
FN:21,(anonymous_5)
FN:21,(anonymous_6)
FN:22,(anonymous_7)
FN:22,(anonymous_8)
FN:25,(anonymous_9)
FN:25,(anonymous_10)
FN:28,(anonymous_11)
FN:28,(anonymous_12)
FN:29,(anonymous_13)
FN:29,(anonymous_14)
FN:30,(anonymous_15)
FN:30,(anonymous_16)
FN:33,(anonymous_17)
FN:33,(anonymous_18)
FN:36,(anonymous_19)
FN:36,(anonymous_20)
FN:39,(anonymous_21)
FN:39,(anonymous_22)
FN:41,(anonymous_23)
FN:41,(anonymous_24)
FN:44,(anonymous_25)
FN:44,(anonymous_26)
FN:47,(anonymous_27)
FN:47,(anonymous_28)
FNF:29
FNH:18
FNDA:3,(anonymous_0)
FNDA:1,(anonymous_1)
FNDA:2,(anonymous_2)
FNDA:49,(anonymous_3)
FNDA:4,(anonymous_4)
FNDA:1,(anonymous_5)
FNDA:0,(anonymous_6)
FNDA:0,(anonymous_7)
FNDA:0,(anonymous_8)
FNDA:0,(anonymous_9)
FNDA:0,(anonymous_10)
FNDA:10,(anonymous_11)
FNDA:1,(anonymous_12)
FNDA:0,(anonymous_13)
FNDA:0,(anonymous_14)
FNDA:6,(anonymous_15)
FNDA:0,(anonymous_16)
FNDA:4,(anonymous_17)
FNDA:2,(anonymous_18)
FNDA:1,(anonymous_19)
FNDA:1,(anonymous_20)
FNDA:10,(anonymous_21)
FNDA:1,(anonymous_22)
FNDA:1,(anonymous_23)
FNDA:0,(anonymous_24)
FNDA:1,(anonymous_25)
FNDA:0,(anonymous_26)
FNDA:1,(anonymous_27)
FNDA:0,(anonymous_28)
DA:5,16
DA:7,16
DA:8,16
DA:10,16
DA:11,1
DA:12,1
DA:13,2
DA:15,1
DA:18,49
DA:19,4
DA:21,16
DA:22,16
DA:23,0
DA:25,16
DA:26,0
DA:28,16
DA:29,16
DA:30,16
DA:31,0
DA:33,16
DA:34,2
DA:36,16
DA:37,1
DA:39,16
DA:41,16
DA:42,0
DA:44,16
DA:45,0
DA:47,16
DA:48,0
LF:30
LH:24
BRDA:13,0,0,2
BRDA:13,0,1,2
BRDA:18,1,0,47
BRDA:19,2,0,4
BRDA:19,2,1,0
BRDA:19,3,0,4
BRDA:19,3,1,4
BRDA:19,3,2,4
BRDA:21,4,0,1
BRDA:21,5,0,0
BRDA:21,5,1,0
BRDA:22,6,0,0
BRDA:23,7,0,0
BRDA:23,7,1,0
BRDA:23,8,0,0
BRDA:23,8,1,0
BRDA:23,8,2,0
BRDA:25,9,0,0
BRDA:26,10,0,0
BRDA:26,10,1,0
BRDA:26,11,0,0
BRDA:26,11,1,0
BRDA:28,12,0,10
BRDA:28,13,0,0
BRDA:28,13,1,1
BRDA:29,14,0,0
BRDA:29,15,0,0
BRDA:29,15,1,0
BRDA:30,16,0,6
BRDA:31,17,0,0
BRDA:31,17,1,0
BRDA:31,18,0,0
BRDA:31,18,1,0
BRDA:33,19,0,3
BRDA:34,20,0,1
BRDA:34,20,1,1
BRDA:34,21,0,2
BRDA:34,21,1,2
BRDA:36,22,0,0
BRDA:37,23,0,1
BRDA:37,23,1,0
BRDA:37,24,0,1
BRDA:37,24,1,1
BRDA:39,25,0,10
BRDA:41,26,0,1
BRDA:42,27,0,0
BRDA:42,27,1,0
BRDA:42,28,0,0
BRDA:42,28,1,0
BRDA:44,29,0,0
BRDA:45,30,0,0
BRDA:45,30,1,0
BRDA:45,31,0,0
BRDA:45,31,1,0
BRDA:47,32,0,0
BRDA:48,33,0,0
BRDA:48,33,1,0
BRDA:48,34,0,0
BRDA:48,34,1,0
BRF:59
BRH:21
end_of_record
TN:
SF:/Users/jfh/Work/OIBus/src/south/ProtocolHandler.class.js
FN:36,(anonymous_0)
FN:42,(anonymous_1)
FN:47,(anonymous_2)
FN:52,(anonymous_3)
FN:57,(anonymous_4)
FN:67,(anonymous_5)
FN:76,(anonymous_6)
FN:85,(anonymous_7)
FNF:8
FNH:1
FNDA:1,(anonymous_0)
FNDA:0,(anonymous_1)
FNDA:0,(anonymous_2)
FNDA:0,(anonymous_3)
FNDA:0,(anonymous_4)
FNDA:0,(anonymous_5)
FNDA:0,(anonymous_6)
FNDA:0,(anonymous_7)
DA:1,3
DA:37,1
DA:38,1
DA:39,1
DA:43,0
DA:44,0
DA:48,0
DA:49,0
DA:53,0
DA:54,0
DA:58,0
DA:59,0
DA:68,0
DA:77,0
DA:86,0
DA:87,0
DA:88,0
DA:90,0
DA:94,3
LF:19
LH:5
BRDA:87,0,0,0
BRDA:87,0,1,0
BRDA:90,1,0,0
BRDA:90,1,1,0
BRF:4
BRH:0
end_of_record
TN:
SF:/Users/jfh/Work/OIBus/src/south/CSV/CSV.class.js
FN:15,(anonymous_0)
FN:19,(anonymous_1)
FN:25,(anonymous_2)
FN:41,(anonymous_3)
FN:45,(anonymous_4)
FN:47,(anonymous_5)
FN:58,(anonymous_6)
FN:66,(anonymous_7)
FN:80,(anonymous_8)
FN:97,(anonymous_9)
FN:101,(anonymous_10)
FN:116,(anonymous_11)
FN:118,(anonymous_12)
FNF:13
FNH:0
FNDA:0,(anonymous_0)
FNDA:0,(anonymous_1)
FNDA:0,(anonymous_2)
FNDA:0,(anonymous_3)
FNDA:0,(anonymous_4)
FNDA:0,(anonymous_5)
FNDA:0,(anonymous_6)
FNDA:0,(anonymous_7)
FNDA:0,(anonymous_8)
FNDA:0,(anonymous_9)
FNDA:0,(anonymous_10)
FNDA:0,(anonymous_11)
FNDA:0,(anonymous_12)
DA:1,1
DA:2,1
DA:3,1
DA:16,0
DA:19,0
DA:20,0
DA:21,0
DA:22,0
DA:24,0
DA:25,0
DA:26,0
DA:42,0
DA:43,0
DA:44,0
DA:45,0
DA:46,0
DA:47,0
DA:48,0
DA:49,0
DA:52,0
DA:55,0
DA:56,0
DA:57,0
DA:59,0
DA:60,0
DA:62,0
DA:63,0
DA:64,0
DA:66,0
DA:67,0
DA:68,0
DA:69,0
DA:74,0
DA:79,0
DA:80,0
DA:81,0
DA:83,0
DA:85,0
DA:97,0
DA:99,0
DA:100,0
DA:101,0
DA:102,0
DA:104,0
DA:106,0
DA:117,0
DA:118,0
DA:119,0
DA:120,0
DA:123,0
DA:126,0
DA:130,1
LF:52
LH:4
BRDA:20,0,0,0
BRDA:20,0,1,0
BRDA:24,1,0,0
BRDA:24,1,1,0
BRDA:48,2,0,0
BRDA:48,2,1,0
BRDA:60,3,0,0
BRDA:60,3,1,0
BRDA:62,4,0,0
BRDA:62,4,1,0
BRDA:63,5,0,0
BRDA:63,5,1,0
BRDA:68,6,0,0
BRDA:68,6,1,0
BRDA:119,7,0,0
BRDA:119,7,1,0
BRF:16
BRH:0
end_of_record
TN:
SF:/Users/jfh/Work/OIBus/src/south/CSV/CSV.schema.jsx
FN:51,(anonymous_0)
FNF:1
FNH:0
FNDA:0,(anonymous_0)
DA:4,1
DA:5,1
DA:48,1
DA:51,0
LF:4
LH:3
BRDA:51,0,0,0
BRDA:51,0,1,0
BRDA:51,1,0,0
BRDA:51,1,1,0
BRF:4
BRH:0
end_of_record
TN:
SF:/Users/jfh/Work/OIBus/src/south/FolderScanner/FolderScanner.class.js
FN:18,(anonymous_0)
FN:29,(anonymous_1)
FN:43,(anonymous_2)
FN:52,(anonymous_3)
FN:81,(anonymous_4)
FN:99,(anonymous_5)
FN:102,(anonymous_6)
FN:122,(anonymous_7)
FN:139,(anonymous_8)
FNF:9
FNH:2
FNDA:1,(anonymous_0)
FNDA:0,(anonymous_1)
FNDA:0,(anonymous_2)
FNDA:0,(anonymous_3)
FNDA:1,(anonymous_4)
FNDA:0,(anonymous_5)
FNDA:0,(anonymous_6)
FNDA:0,(anonymous_7)
FNDA:0,(anonymous_8)
DA:1,2
DA:2,2
DA:4,2
DA:5,2
DA:19,1
DA:21,1
DA:23,1
DA:24,1
DA:25,1
DA:26,1
DA:30,0
DA:31,0
DA:32,0
DA:33,0
DA:34,0
DA:44,0
DA:46,0
DA:47,0
DA:48,0
DA:52,0
DA:53,0
DA:54,0
DA:55,0
DA:58,0
DA:59,0
DA:61,0
DA:63,0
DA:64,0
DA:66,0
DA:69,0
DA:71,0
DA:82,1
DA:84,1
DA:85,1
DA:86,1
DA:87,1
DA:88,1
DA:90,1
DA:91,1
DA:100,0
DA:102,0
DA:103,0
DA:104,0
DA:105,0
DA:106,0
DA:107,0
DA:110,0
DA:114,0
DA:123,0
DA:125,0
DA:127,0
DA:129,0
DA:130,0
DA:140,0
DA:142,0
DA:144,0
DA:148,2
LF:57
LH:19
BRDA:31,0,0,0
BRDA:31,0,1,0
BRDA:46,1,0,0
BRDA:46,1,1,0
BRDA:53,2,0,0
BRDA:53,2,1,0
BRDA:58,3,0,0
BRDA:58,3,1,0
BRDA:63,4,0,0
BRDA:63,4,1,0
BRDA:84,5,0,1
BRDA:84,5,1,0
BRDA:105,6,0,0
BRDA:105,6,1,0
BRDA:106,7,0,0
BRDA:106,7,1,0
BRDA:129,8,0,0
BRDA:129,8,1,0
BRF:18
BRH:1
end_of_record
TN:
SF:/Users/jfh/Work/OIBus/src/south/FolderScanner/FolderScanner.schema.jsx
FNF:0
FNH:0
DA:4,1
DA:5,1
DA:60,1
LF:3
LH:3
BRF:0
BRH:0
end_of_record
TN:
SF:/Users/jfh/Work/OIBus/src/south/MQTT/MQTT.class.js
FN:10,(anonymous_0)
FN:20,(anonymous_1)
FN:24,(anonymous_2)
FN:28,(anonymous_3)
FN:29,(anonymous_4)
FN:32,(anonymous_5)
FN:39,(anonymous_6)
FN:61,(anonymous_7)
FNF:8
FNH:0
FNDA:0,(anonymous_0)
FNDA:0,(anonymous_1)
FNDA:0,(anonymous_2)
FNDA:0,(anonymous_3)
FNDA:0,(anonymous_4)
FNDA:0,(anonymous_5)
FNDA:0,(anonymous_6)
FNDA:0,(anonymous_7)
DA:1,1
DA:2,1
DA:11,0
DA:12,0
DA:13,0
DA:21,0
DA:22,0
DA:23,0
DA:24,0
DA:25,0
DA:28,0
DA:29,0
DA:30,0
DA:31,0
DA:32,0
DA:33,0
DA:34,0
DA:39,0
DA:40,0
DA:41,0
DA:43,0
DA:51,0
DA:62,0
DA:66,1
LF:24
LH:3
BRDA:33,0,0,0
BRDA:33,0,1,0
BRF:2
BRH:0
end_of_record
TN:
SF:/Users/jfh/Work/OIBus/src/south/MQTT/MQTT.schema.jsx
FNF:0
FNH:0
DA:4,1
DA:5,1
DA:71,1
LF:3
LH:3
BRF:0
BRH:0
end_of_record
TN:
SF:/Users/jfh/Work/OIBus/src/south/Modbus/Modbus.class.js
FN:13,(anonymous_0)
FN:14,(anonymous_1)
FN:43,(anonymous_2)
FN:58,(anonymous_3)
FN:65,(anonymous_4)
FN:71,(anonymous_5)
FN:72,(anonymous_6)
FN:89,(anonymous_7)
FN:91,(anonymous_8)
FN:93,(anonymous_9)
FN:115,(anonymous_10)
FN:124,(anonymous_11)
FN:130,(anonymous_12)
FN:134,(anonymous_13)
FN:143,(anonymous_14)
FNF:15
FNH:0
FNDA:0,(anonymous_0)
FNDA:0,(anonymous_1)
FNDA:0,(anonymous_2)
FNDA:0,(anonymous_3)
FNDA:0,(anonymous_4)
FNDA:0,(anonymous_5)
FNDA:0,(anonymous_6)
FNDA:0,(anonymous_7)
FNDA:0,(anonymous_8)
FNDA:0,(anonymous_9)
FNDA:0,(anonymous_10)
FNDA:0,(anonymous_11)
FNDA:0,(anonymous_12)
FNDA:0,(anonymous_13)
FNDA:0,(anonymous_14)
DA:1,1
DA:2,1
DA:3,1
DA:4,1
DA:13,1
DA:14,0
DA:15,0
DA:22,0
DA:23,0
DA:24,0
DA:25,0
DA:44,0
DA:45,0
DA:46,0
DA:47,0
DA:48,0
DA:49,0
DA:50,0
DA:59,0
DA:60,0
DA:63,0
DA:65,0
DA:66,0
DA:68,0
DA:70,0
DA:71,0
DA:72,0
DA:73,0
DA:74,0
DA:75,0
DA:76,0
DA:77,0
DA:90,0
DA:92,0
DA:93,0
DA:94,0
DA:95,0
DA:96,0
DA:98,0
DA:99,0
DA:101,0
DA:103,0
DA:106,0
DA:116,0
DA:125,0
DA:126,0
DA:128,0
DA:131,0
DA:134,0
DA:135,0
DA:144,0
DA:145,0
DA:146,0
DA:151,1
LF:54
LH:6
BRDA:15,0,0,0
BRDA:15,0,1,0
BRDA:24,1,0,0
BRDA:24,1,1,0
BRDA:63,2,0,0
BRDA:63,2,1,0
BRDA:63,3,0,0
BRDA:63,3,1,0
BRDA:96,4,0,0
BRDA:96,4,1,0
BRDA:96,4,2,0
BRDA:144,5,0,0
BRDA:144,5,1,0
BRF:13
BRH:0
end_of_record
TN:
SF:/Users/jfh/Work/OIBus/src/south/Modbus/Modbus.schema.jsx
FNF:0
FNH:0
DA:4,1
DA:5,1
DA:27,1
LF:3
LH:3
BRF:0
BRH:0
end_of_record
TN:
SF:/Users/jfh/Work/OIBus/src/south/Modbus/config/getOptimizedConfig.js
FN:8,(anonymous_0)
FN:26,(anonymous_1)
FN:26,(anonymous_2)
FN:33,(anonymous_3)
FN:33,(anonymous_4)
FN:47,(anonymous_5)
FN:48,(anonymous_6)
FN:53,(anonymous_7)
FN:73,(anonymous_8)
FN:75,(anonymous_9)
FN:77,(anonymous_10)
FNF:11
FNH:0
FNDA:0,(anonymous_0)
FNDA:0,(anonymous_1)
FNDA:0,(anonymous_2)
FNDA:0,(anonymous_3)
FNDA:0,(anonymous_4)
FNDA:0,(anonymous_5)
FNDA:0,(anonymous_6)
FNDA:0,(anonymous_7)
FNDA:0,(anonymous_8)
FNDA:0,(anonymous_9)
FNDA:0,(anonymous_10)
DA:8,1
DA:9,0
DA:10,0
DA:11,0
DA:12,0
DA:14,0
DA:15,0
DA:16,0
DA:26,1
DA:27,0
DA:28,0
DA:29,0
DA:30,0
DA:33,1
DA:34,0
DA:35,0
DA:36,0
DA:37,0
DA:47,1
DA:48,0
DA:49,0
DA:50,0
DA:51,0
DA:53,0
DA:54,0
DA:55,0
DA:56,0
DA:57,0
DA:58,0
DA:60,0
DA:61,0
DA:62,0
DA:63,0
DA:73,1
DA:74,0
DA:75,0
DA:76,0
DA:77,0
DA:78,0
DA:89,0
DA:92,1
LF:41
LH:6
BRDA:11,0,0,0
BRDA:11,0,1,0
BRDA:15,1,0,0
BRDA:15,1,1,0
BRDA:26,2,0,0
BRDA:28,3,0,0
BRDA:28,3,1,0
BRDA:37,4,0,0
BRDA:37,4,1,0
BRDA:57,5,0,0
BRDA:57,5,1,0
BRDA:60,6,0,0
BRDA:60,6,1,0
BRDA:61,7,0,0
BRDA:61,7,1,0
BRF:15
BRH:0
end_of_record
TN:
SF:/Users/jfh/Work/OIBus/src/south/OPCHDA/OPCHDA.class.js
FN:19,(anonymous_0)
FN:33,(anonymous_1)
FN:35,(anonymous_2)
FN:36,(anonymous_3)
FN:51,(anonymous_4)
FN:61,(anonymous_5)
FN:71,(anonymous_6)
FN:84,(anonymous_7)
FN:92,(anonymous_8)
FN:107,(anonymous_9)
FN:111,(anonymous_10)
FN:115,(anonymous_11)
FN:119,(anonymous_12)
FN:123,(anonymous_13)
FN:128,(anonymous_14)
FN:135,(anonymous_15)
FN:150,(anonymous_16)
FN:158,(anonymous_17)
FN:185,(anonymous_18)
FN:190,(anonymous_19)
FN:204,(anonymous_20)
FN:218,(anonymous_21)
FN:234,(anonymous_22)
FN:242,(anonymous_23)
FN:263,(anonymous_24)
FN:311,(anonymous_25)
FNF:26
FNH:0
FNDA:0,(anonymous_0)
FNDA:0,(anonymous_1)
FNDA:0,(anonymous_2)
FNDA:0,(anonymous_3)
FNDA:0,(anonymous_4)
FNDA:0,(anonymous_5)
FNDA:0,(anonymous_6)
FNDA:0,(anonymous_7)
FNDA:0,(anonymous_8)
FNDA:0,(anonymous_9)
FNDA:0,(anonymous_10)
FNDA:0,(anonymous_11)
FNDA:0,(anonymous_12)
FNDA:0,(anonymous_13)
FNDA:0,(anonymous_14)
FNDA:0,(anonymous_15)
FNDA:0,(anonymous_16)
FNDA:0,(anonymous_17)
FNDA:0,(anonymous_18)
FNDA:0,(anonymous_19)
FNDA:0,(anonymous_20)
FNDA:0,(anonymous_21)
FNDA:0,(anonymous_22)
FNDA:0,(anonymous_23)
FNDA:0,(anonymous_24)
FNDA:0,(anonymous_25)
DA:1,1
DA:3,1
DA:4,1
DA:5,1
DA:6,1
DA:20,0
DA:22,0
DA:24,0
DA:25,0
DA:26,0
DA:27,0
DA:28,0
DA:29,0
DA:30,0
DA:31,0
DA:33,0
DA:34,0
DA:35,0
DA:36,0
DA:37,0
DA:38,0
DA:39,0
DA:52,0
DA:53,0
DA:55,0
DA:56,0
DA:57,0
DA:58,0
DA:60,0
DA:61,0
DA:62,0
DA:63,0
DA:64,0
DA:65,0
DA:69,0
DA:70,0
DA:71,0
DA:72,0
DA:75,0
DA:85,0
DA:93,0
DA:94,0
DA:97,0
DA:108,0
DA:109,0
DA:111,0
DA:112,0
DA:115,0
DA:116,0
DA:119,0
DA:120,0
DA:123,0
DA:124,0
DA:129,0
DA:130,0
DA:132,0
DA:133,0
DA:135,0
DA:136,0
DA:137,0
DA:138,0
DA:139,0
DA:140,0
DA:141,0
DA:143,0
DA:147,0
DA:150,0
DA:151,0
DA:152,0
DA:159,0
DA:160,0
DA:161,0
DA:162,0
DA:164,0
DA:165,0
DA:167,0
DA:168,0
DA:170,0
DA:171,0
DA:173,0
DA:174,0
DA:176,0
DA:177,0
DA:180,0
DA:181,0
DA:186,0
DA:187,0
DA:191,0
DA:192,0
DA:193,0
DA:201,0
DA:205,0
DA:206,0
DA:215,0
DA:219,0
DA:220,0
DA:228,0
DA:230,0
DA:235,0
DA:239,0
DA:243,0
DA:244,0
DA:245,0
DA:248,0
DA:249,0
DA:250,0
DA:252,0
DA:264,0
DA:265,0
DA:267,0
DA:269,0
DA:271,0
DA:273,0
DA:274,0
DA:275,0
DA:277,0
DA:278,0
DA:279,0
DA:281,0
DA:282,0
DA:284,0
DA:286,0
DA:287,0
DA:288,0
DA:290,0
DA:291,0
DA:292,0
DA:293,0
DA:296,0
DA:297,0
DA:298,0
DA:299,0
DA:302,0
DA:303,0
DA:304,0
DA:305,0
DA:308,0
DA:311,0
DA:312,0
DA:313,0
DA:319,0
DA:320,0
DA:322,0
DA:324,0
DA:325,0
DA:326,0
DA:331,0
DA:333,0
DA:334,0
DA:336,0
DA:337,0
DA:338,0
DA:340,0
DA:341,0
DA:343,0
DA:346,0
DA:351,1
LF:157
LH:6
BRDA:52,0,0,0
BRDA:52,0,1,0
BRDA:60,1,0,0
BRDA:60,1,1,0
BRDA:63,2,0,0
BRDA:63,2,1,0
BRDA:93,3,0,0
BRDA:93,3,1,0
BRDA:132,4,0,0
BRDA:132,4,1,0
BRDA:136,5,0,0
BRDA:136,5,1,0
BRDA:140,6,0,0
BRDA:140,6,1,0
BRDA:151,7,0,0
BRDA:151,7,1,0
BRDA:162,8,0,0
BRDA:162,8,1,0
BRDA:162,8,2,0
BRDA:162,8,3,0
BRDA:162,8,4,0
BRDA:219,9,0,0
BRDA:219,9,1,0
BRDA:219,10,0,0
BRDA:219,10,1,0
BRDA:243,11,0,0
BRDA:243,11,1,0
BRDA:243,12,0,0
BRDA:243,12,1,0
BRDA:244,13,0,0
BRDA:244,13,1,0
BRDA:271,14,0,0
BRDA:271,14,1,0
BRDA:271,14,2,0
BRDA:271,14,3,0
BRDA:271,14,4,0
BRDA:271,14,5,0
BRDA:271,14,6,0
BRDA:278,15,0,0
BRDA:278,15,1,0
BRDA:290,16,0,0
BRDA:290,16,1,0
BRDA:296,17,0,0
BRDA:296,17,1,0
BRDA:302,18,0,0
BRDA:302,18,1,0
BRDA:312,19,0,0
BRDA:312,19,1,0
BRDA:312,20,0,0
BRDA:312,20,1,0
BRF:50
BRH:0
end_of_record
TN:
SF:/Users/jfh/Work/OIBus/src/south/OPCHDA/OPCHDA.schema.jsx
FNF:0
FNH:0
DA:4,1
DA:5,1
DA:156,1
LF:3
LH:3
BRF:0
BRH:0
end_of_record
TN:
SF:/Users/jfh/Work/OIBus/src/south/OPCHDA/SocketSession.js
FN:5,(anonymous_0)
FN:22,(anonymous_1)
FN:24,(anonymous_2)
FN:31,(anonymous_3)
FN:46,(anonymous_4)
FN:52,(anonymous_5)
FN:64,(anonymous_6)
FN:74,(anonymous_7)
FN:82,(anonymous_8)
FNF:9
FNH:0
FNDA:0,(anonymous_0)
FNDA:0,(anonymous_1)
FNDA:0,(anonymous_2)
FNDA:0,(anonymous_3)
FNDA:0,(anonymous_4)
FNDA:0,(anonymous_5)
FNDA:0,(anonymous_6)
FNDA:0,(anonymous_7)
FNDA:0,(anonymous_8)
DA:6,0
DA:7,0
DA:8,0
DA:9,0
DA:10,0
DA:11,0
DA:13,0
DA:15,0
DA:24,0
DA:25,0
DA:26,0
DA:28,0
DA:29,0
DA:31,0
DA:32,0
DA:33,0
DA:34,0
DA:35,0
DA:36,0
DA:37,0
DA:39,0
DA:43,0
DA:46,0
DA:47,0
DA:52,0
DA:53,0
DA:54,0
DA:55,0
DA:60,0
DA:64,0
DA:65,0
DA:75,0
DA:83,0
DA:84,0
DA:89,1
LF:35
LH:1
BRDA:28,0,0,0
BRDA:28,0,1,0
BRDA:32,1,0,0
BRDA:32,1,1,0
BRDA:36,2,0,0
BRDA:36,2,1,0
BRDA:83,3,0,0
BRDA:83,3,1,0
BRF:8
BRH:0
end_of_record
TN:
SF:/Users/jfh/Work/OIBus/src/south/OPCHDA/TcpServer.js
FN:6,(anonymous_0)
FN:18,(anonymous_1)
FN:20,(anonymous_2)
FN:25,(anonymous_3)
FN:38,(anonymous_4)
FN:43,(anonymous_5)
FN:53,(anonymous_6)
FN:67,(anonymous_7)
FN:76,(anonymous_8)
FN:86,(anonymous_9)
FNF:10
FNH:0
FNDA:0,(anonymous_0)
FNDA:0,(anonymous_1)
FNDA:0,(anonymous_2)
FNDA:0,(anonymous_3)
FNDA:0,(anonymous_4)
FNDA:0,(anonymous_5)
FNDA:0,(anonymous_6)
FNDA:0,(anonymous_7)
FNDA:0,(anonymous_8)
FNDA:0,(anonymous_9)
DA:1,1
DA:3,1
DA:7,0
DA:8,0
DA:9,0
DA:10,0
DA:11,0
DA:20,0
DA:21,0
DA:25,0
DA:26,0
DA:27,0
DA:29,0
DA:30,0
DA:32,0
DA:33,0
DA:38,0
DA:39,0
DA:43,0
DA:44,0
DA:54,0
DA:57,0
DA:60,0
DA:68,0
DA:77,0
DA:78,0
DA:88,0
DA:89,0
DA:90,0
DA:94,0
DA:95,0
DA:96,0
DA:101,1
LF:33
LH:3
BRDA:29,0,0,0
BRDA:29,0,1,0
BRDA:77,1,0,0
BRDA:77,1,1,0
BRDA:88,2,0,0
BRDA:88,2,1,0
BRDA:94,3,0,0
BRDA:94,3,1,0
BRF:8
BRH:0
end_of_record
TN:
SF:/Users/jfh/Work/OIBus/src/south/OPCUA/OPCUA.class.js
FN:13,(anonymous_0)
FN:15,(anonymous_1)
FN:43,(anonymous_2)
FN:59,(anonymous_3)
FN:63,(anonymous_4)
FN:66,(anonymous_5)
FN:88,(anonymous_6)
FN:92,(anonymous_7)
FN:95,(anonymous_8)
FN:97,(anonymous_9)
FN:111,(anonymous_10)
FN:136,(anonymous_11)
FNF:12
FNH:0
FNDA:0,(anonymous_0)
FNDA:0,(anonymous_1)
FNDA:0,(anonymous_2)
FNDA:0,(anonymous_3)
FNDA:0,(anonymous_4)
FNDA:0,(anonymous_5)
FNDA:0,(anonymous_6)
FNDA:0,(anonymous_7)
FNDA:0,(anonymous_8)
FNDA:0,(anonymous_9)
FNDA:0,(anonymous_10)
FNDA:0,(anonymous_11)
DA:1,1
DA:2,1
DA:3,1
DA:13,1
DA:14,0
DA:15,0
DA:21,0
DA:22,0
DA:23,0
DA:25,0
DA:26,0
DA:44,0
DA:47,0
DA:48,0
DA:50,0
DA:51,0
DA:52,0
DA:60,0
DA:61,0
DA:64,0
DA:65,0
DA:66,0
DA:67,0
DA:68,0
DA:69,0
DA:71,0
DA:75,0
DA:89,0
DA:90,0
DA:91,0
DA:92,0
DA:93,0
DA:95,0
DA:96,0
DA:97,0
DA:98,0
DA:99,0
DA:100,0
DA:106,0
DA:108,0
DA:109,0
DA:110,0
DA:111,0
DA:112,0
DA:113,0
DA:114,0
DA:116,0
DA:119,0
DA:124,0
DA:127,0
DA:137,0
DA:138,0
DA:139,0
DA:144,1
LF:54
LH:5
BRDA:21,0,0,0
BRDA:22,1,0,0
BRDA:22,1,1,0
BRDA:52,2,0,0
BRDA:52,2,1,0
BRDA:64,3,0,0
BRDA:64,3,1,0
BRDA:67,4,0,0
BRDA:67,4,1,0
BRDA:90,5,0,0
BRDA:90,5,1,0
BRDA:90,6,0,0
BRDA:90,6,1,0
BRDA:96,7,0,0
BRDA:96,7,1,0
BRDA:96,8,0,0
BRDA:96,8,1,0
BRDA:113,9,0,0
BRDA:113,9,1,0
BRDA:137,10,0,0
BRDA:137,10,1,0
BRF:21
BRH:0
end_of_record
TN:
SF:/Users/jfh/Work/OIBus/src/south/OPCUA/OPCUA.schema.jsx
FNF:0
FNH:0
DA:4,1
DA:5,1
DA:47,1
LF:3
LH:3
BRF:0
BRH:0
end_of_record
TN:
SF:/Users/jfh/Work/OIBus/src/south/OPCUA/config/getOptimizedConfig.js
FN:8,(anonymous_0)
FN:26,(anonymous_1)
FN:26,(anonymous_2)
FN:38,(anonymous_3)
FNF:4
FNH:0
FNDA:0,(anonymous_0)
FNDA:0,(anonymous_1)
FNDA:0,(anonymous_2)
FNDA:0,(anonymous_3)
DA:8,1
DA:9,0
DA:10,0
DA:11,0
DA:12,0
DA:14,0
DA:15,0
DA:16,0
DA:26,1
DA:27,0
DA:28,0
DA:29,0
DA:30,0
DA:38,1
DA:39,1
LF:15
LH:4
BRDA:11,0,0,0
BRDA:11,0,1,0
BRDA:15,1,0,0
BRDA:15,1,1,0
BRDA:26,2,0,0
BRDA:28,3,0,0
BRDA:28,3,1,0
BRF:7
BRH:0
end_of_record
TN:
SF:/Users/jfh/Work/OIBus/src/south/SQLDbToFile/SQLDbToFile.class.js
FN:25,(anonymous_0)
FN:75,(anonymous_1)
FN:93,(anonymous_2)
FN:125,(anonymous_3)
FN:156,(anonymous_4)
FN:191,(anonymous_5)
FN:229,(anonymous_6)
FN:242,(anonymous_7)
FN:264,(anonymous_8)
FN:308,(anonymous_9)
FN:318,(anonymous_10)
FN:319,(anonymous_11)
FN:320,(anonymous_12)
FNF:13
FNH:1
FNDA:0,(anonymous_0)
FNDA:0,(anonymous_1)
FNDA:0,(anonymous_2)
FNDA:0,(anonymous_3)
FNDA:0,(anonymous_4)
FNDA:0,(anonymous_5)
FNDA:0,(anonymous_6)
FNDA:0,(anonymous_7)
FNDA:0,(anonymous_8)
FNDA:1,(anonymous_9)
FNDA:0,(anonymous_10)
FNDA:0,(anonymous_11)
FNDA:0,(anonymous_12)
DA:1,2
DA:2,2
DA:4,2
DA:5,2
DA:6,2
DA:7,2
DA:8,2
DA:9,2
DA:11,2
DA:12,2
DA:26,0
DA:43,0
DA:45,0
DA:46,0
DA:47,0
DA:48,0
DA:49,0
DA:50,0
DA:51,0
DA:52,0
DA:53,0
DA:54,0
DA:55,0
DA:56,0
DA:57,0
DA:58,0
DA:60,0
DA:61,0
DA:63,0
DA:66,0
DA:67,0
DA:70,0
DA:71,0
DA:76,0
DA:77,0
DA:78,0
DA:79,0
DA:80,0
DA:82,0
DA:83,0
DA:84,0
DA:94,0
DA:95,0
DA:96,0
DA:99,0
DA:100,0
DA:101,0
DA:103,0
DA:104,0
DA:106,0
DA:107,0
DA:109,0
DA:110,0
DA:112,0
DA:113,0
DA:115,0
DA:116,0
DA:119,0
DA:122,0
DA:124,0
DA:125,0
DA:126,0
DA:127,0
DA:130,0
DA:131,0
DA:133,0
DA:135,0
DA:136,0
DA:137,0
DA:138,0
DA:139,0
DA:140,0
DA:141,0
DA:142,0
DA:143,0
DA:144,0
DA:146,0
DA:157,0
DA:158,0
DA:160,0
DA:170,0
DA:171,0
DA:172,0
DA:173,0
DA:176,0
DA:177,0
DA:179,0
DA:181,0
DA:184,0
DA:192,0
DA:193,0
DA:195,0
DA:205,0
DA:206,0
DA:207,0
DA:208,0
DA:209,0
DA:213,0
DA:215,0
DA:217,0
DA:218,0
DA:222,0
DA:230,0
DA:231,0
DA:233,0
DA:242,0
DA:243,0
DA:244,0
DA:245,0
DA:246,0
DA:247,0
DA:248,0
DA:250,0
DA:252,0
DA:253,0
DA:257,0
DA:265,0
DA:266,0
DA:268,0
DA:275,0
DA:276,0
DA:277,0
DA:278,0
DA:279,0
DA:280,0
DA:281,0
DA:282,0
DA:284,0
DA:286,0
DA:287,0
DA:288,0
DA:290,0
DA:295,0
DA:309,1
DA:310,1
DA:319,0
DA:320,0
DA:321,0
DA:322,0
DA:325,0
DA:327,0
DA:332,0
DA:336,2
LF:143
LH:13
BRDA:60,0,0,0
BRDA:60,0,1,0
BRDA:70,1,0,0
BRDA:70,1,1,0
BRDA:83,2,0,0
BRDA:83,2,1,0
BRDA:84,3,0,0
BRDA:84,3,1,0
BRDA:94,4,0,0
BRDA:94,4,1,0
BRDA:101,5,0,0
BRDA:101,5,1,0
BRDA:101,5,2,0
BRDA:101,5,3,0
BRDA:101,5,4,0
BRDA:124,6,0,0
BRDA:124,6,1,0
BRDA:126,7,0,0
BRDA:126,7,1,0
BRDA:126,8,0,0
BRDA:126,8,1,0
BRDA:126,8,2,0
BRDA:130,9,0,0
BRDA:130,9,1,0
BRDA:137,10,0,0
BRDA:137,10,1,0
BRDA:217,11,0,0
BRDA:217,11,1,0
BRDA:252,12,0,0
BRDA:252,12,1,0
BRDA:286,13,0,0
BRDA:286,13,1,0
BRDA:321,14,0,0
BRDA:321,14,1,0
BRF:34
BRH:0
end_of_record
TN:
SF:/Users/jfh/Work/OIBus/src/south/SQLDbToFile/SQLDbToFile.schema.jsx
FNF:0
FNH:0
DA:4,1
DA:5,1
DA:159,1
LF:3
LH:3
BRF:0
BRH:0
end_of_record
TN:
SF:/Users/jfh/Work/OIBus/tests/testConfig.js
FNF:0
FNH:0
DA:1,2
LF:1
LH:1
BRF:0
BRH:0
end_of_record
